{"target": 94.24, "params": {"channel1": 62.706464526688286, "channel2": 24.169085816380427, "dropout": 3.431244520346599e-05, "lr": 0.0003093092469055214, "lstm_proj_dim": 46.08856551844285, "proj_dim": 40.86450509780459, "wd": 1.943976092638942e-05}, "datetime": {"datetime": "2024-05-09 02:13:42", "elapsed": 0.0, "delta": 0.0}}
{"target": 94.18, "params": {"channel1": 54.702801428821346, "channel2": 15.109489278458758, "dropout": 0.16164502020100707, "lr": 0.00042500256925926186, "lstm_proj_dim": 97.78107203808891, "proj_dim": 51.62741597422567, "wd": 8.79336262027036e-05}, "datetime": {"datetime": "2024-05-09 02:31:20", "elapsed": 1058.770346, "delta": 1058.770346}}
{"target": 93.93, "params": {"channel1": 19.06741043816773, "channel2": 22.773090284995263, "dropout": 0.12519144071013807, "lr": 0.0005631029301612941, "lstm_proj_dim": 45.47714610514244, "proj_dim": 51.01774295214837, "wd": 8.027371229887813e-05}, "datetime": {"datetime": "2024-05-09 02:43:41", "elapsed": 1799.168129, "delta": 740.397783}}
{"target": 0.0, "params": {"channel1": 124.44529648057252, "channel2": 12.7758769884588, "dropout": 0.20769678470079422, "lr": 0.000877625260773078, "lstm_proj_dim": 117.88223969636934, "proj_dim": 40.164244291498676, "wd": 4.8664235400553536e-06}, "datetime": {"datetime": "2024-05-09 02:43:47", "elapsed": 1805.198376, "delta": 6.030247}}
{"target": 94.04, "params": {"channel1": 35.021006991231715, "channel2": 28.587990096023567, "dropout": 0.02950405014991503, "lr": 0.0004268965487550017, "lstm_proj_dim": 123.95739489444819, "proj_dim": 83.18386735740964, "wd": 6.949583428109687e-05}, "datetime": {"datetime": "2024-05-09 02:58:46", "elapsed": 2704.400603, "delta": 899.202227}}
{"target": 93.92, "params": {"channel1": 51.33775067267905, "channel2": 23.222025975084343, "dropout": 0.25038770156921186, "lr": 2.810539457074989e-05, "lstm_proj_dim": 104.01385423471687, "proj_dim": 126.9306645350235, "wd": 7.50683997836041e-05}, "datetime": {"datetime": "2024-05-09 03:16:06", "elapsed": 3744.113703, "delta": 1039.7131}}
{"target": 94.25, "params": {"channel1": 47.40972711121338, "channel2": 26.099821196641678, "dropout": 0.030967801973292606, "lr": 0.00045341459091414614, "lstm_proj_dim": 119.22516829693717, "proj_dim": 60.186958243873235, "wd": 2.9489758520048528e-05}, "datetime": {"datetime": "2024-05-09 03:32:33", "elapsed": 4731.282472, "delta": 987.168769}}
{"target": 94.11, "params": {"channel1": 63.65375328769239, "channel2": 26.93644186265529, "dropout": 0.23489713455578345, "lr": 0.0008395214011464235, "lstm_proj_dim": 45.41616294204742, "proj_dim": 40.80625055341705, "wd": 4.484233388836632e-05}, "datetime": {"datetime": "2024-05-09 03:51:45", "elapsed": 5883.014733, "delta": 1151.732261}}
{"target": 94.02, "params": {"channel1": 16.0, "channel2": 4.0, "dropout": 0.3, "lr": 0.001, "lstm_proj_dim": 32.0, "proj_dim": 128.0, "wd": 1e-06}, "datetime": {"datetime": "2024-05-09 04:02:52", "elapsed": 6550.726843, "delta": 667.71211}}
{"target": 0.0, "params": {"channel1": 99.76019536421981, "channel2": 32.0, "dropout": 0.0, "lr": 1e-05, "lstm_proj_dim": 32.0, "proj_dim": 128.0, "wd": 1e-06}, "datetime": {"datetime": "2024-05-09 04:03:02", "elapsed": 6560.407913, "delta": 9.68107}}
{"target": 93.94, "params": {"channel1": 16.0, "channel2": 4.0, "dropout": 0.3, "lr": 0.001, "lstm_proj_dim": 128.0, "proj_dim": 128.0, "wd": 1e-06}, "datetime": {"datetime": "2024-05-09 04:14:29", "elapsed": 7247.417701, "delta": 687.009788}}
{"target": 94.01, "params": {"channel1": 16.0, "channel2": 4.0, "dropout": 0.29999999999999993, "lr": 0.001, "lstm_proj_dim": 128.0, "proj_dim": 32.0, "wd": 1e-06}, "datetime": {"datetime": "2024-05-09 04:25:48", "elapsed": 7925.808001, "delta": 678.3903}}
{"target": 94.19, "params": {"channel1": 62.706464526688286, "channel2": 24.169085816380427, "dropout": 3.431244520346599e-05, "lr": 0.0003093092469055214, "lstm_proj_dim": 46.08856551844285, "proj_dim": 40.86450509780459, "wd": 1.943976092638942e-05}, "datetime": {"datetime": "2024-05-09 09:54:02", "elapsed": 0.0, "delta": 0.0}}
{"target": 92.68, "params": {"channel1": 16.0, "channel2": 32.0, "dropout": 0.0, "lr": 1e-05, "lstm_proj_dim": 79.82555052226934, "proj_dim": 128.0, "wd": 1e-06}, "datetime": {"datetime": "2024-05-09 10:07:21", "elapsed": 0.0, "delta": 0.0}}
{"target": 92.84, "params": {"channel1": 16.0, "channel2": 32.0, "dropout": 0.0, "lr": 1e-05, "lstm_proj_dim": 90.02655716301474, "proj_dim": 32.0, "wd": 1e-06}, "datetime": {"datetime": "2024-05-09 10:19:32", "elapsed": 730.455827, "delta": 730.455827}}
{"target": 94.06, "params": {"channel1": 16.0, "channel2": 4.0, "dropout": 0.3, "lr": 0.001, "lstm_proj_dim": 82.18901373211293, "proj_dim": 87.60579432017047, "wd": 0.0001}, "datetime": {"datetime": "2024-05-09 10:31:02", "elapsed": 1420.839622, "delta": 690.383795}}
{"target": 94.06, "params": {"channel1": 16.0, "channel2": 4.0, "dropout": 0.3, "lr": 0.0009999880609468513, "lstm_proj_dim": 32.0, "proj_dim": 32.0, "wd": 9.999880609468513e-05}, "datetime": {"datetime": "2024-05-09 10:46:26", "elapsed": 0.0, "delta": 0.0}}
{"target": 92.88, "params": {"channel1": 71.44024141582183, "channel2": 4.0, "dropout": 0.0, "lr": 1.0000740000093772e-05, "lstm_proj_dim": 128.0, "proj_dim": 128.0, "wd": 0.0001}, "datetime": {"datetime": "2024-05-09 11:05:49", "elapsed": 1163.227018, "delta": 1163.227018}}
{"target": 94.05, "params": {"channel1": 16.0, "channel2": 4.0, "dropout": 0.3, "lr": 0.001, "lstm_proj_dim": 32.0, "proj_dim": 84.40902907717215, "wd": 1e-06}, "datetime": {"datetime": "2024-05-09 11:16:12", "elapsed": 1786.027758, "delta": 622.80074}}
{"target": 94.17, "params": {"channel1": 31.83654361111728, "channel2": 4.0, "dropout": 0.3, "lr": 0.001, "lstm_proj_dim": 76.73243760767289, "proj_dim": 32.0, "wd": 9.23266348460247e-05}, "datetime": {"datetime": "2024-05-09 11:29:14", "elapsed": 2567.970394, "delta": 781.942636}}
{"target": 94.19, "params": {"channel1": 46.0228150943913, "channel2": 4.0, "dropout": 0.3, "lr": 0.001, "lstm_proj_dim": 128.0, "proj_dim": 91.91329223203157, "wd": 1e-06}, "datetime": {"datetime": "2024-05-09 11:44:50", "elapsed": 3504.619845, "delta": 936.649451}}
{"target": 93.46, "params": {"channel1": 42.33205830509349, "channel2": 32.0, "dropout": 0.3, "lr": 1e-05, "lstm_proj_dim": 128.0, "proj_dim": 128.0, "wd": 0.0001}, "datetime": {"datetime": "2024-05-09 12:00:28", "elapsed": 4442.908492, "delta": 938.288647}}
{"target": 94.09, "params": {"channel1": 39.39818398587911, "channel2": 32.0, "dropout": 0.0, "lr": 0.0009999999999997706, "lstm_proj_dim": 32.0, "proj_dim": 32.0, "wd": 1e-06}, "datetime": {"datetime": "2024-05-09 12:15:06", "elapsed": 5320.265208, "delta": 877.356716}}
{"target": 91.35, "params": {"channel1": 16.0, "channel2": 4.0, "dropout": 0.3, "lr": 1e-05, "lstm_proj_dim": 78.37583356208737, "proj_dim": 128.0, "wd": 0.0001}, "datetime": {"datetime": "2024-05-09 12:25:52", "elapsed": 5966.887868, "delta": 646.62266}}
{"target": 94.34, "params": {"channel1": 40.667327173569525, "channel2": 32.0, "dropout": 0.3, "lr": 0.001, "lstm_proj_dim": 77.916155016061, "proj_dim": 71.96703305474641, "wd": 1e-06}, "datetime": {"datetime": "2024-05-09 12:40:30", "elapsed": 6844.695883, "delta": 877.808015}}
{"target": 89.95, "params": {"channel1": 16.0, "channel2": 4.0, "dropout": 0.0, "lr": 1e-05, "lstm_proj_dim": 128.0, "proj_dim": 67.99438191359273, "wd": 0.0001}, "datetime": {"datetime": "2024-05-09 12:51:35", "elapsed": 7509.721182, "delta": 665.025299}}
{"target": 94.15, "params": {"channel1": 16.0, "channel2": 32.0, "dropout": 0.3, "lr": 0.001, "lstm_proj_dim": 32.0, "proj_dim": 104.94095666490492, "wd": 0.0001}, "datetime": {"datetime": "2024-05-09 13:04:46", "elapsed": 0.0, "delta": 0.0}}
{"target": 94.12, "params": {"channel1": 51.57010316206594, "channel2": 32.0, "dropout": 0.0, "lr": 0.0005361067323541439, "lstm_proj_dim": 74.9348617398053, "proj_dim": 32.0, "wd": 0.0001}, "datetime": {"datetime": "2024-05-09 13:22:27", "elapsed": 1060.836682, "delta": 1060.836682}}
{"target": 93.94, "params": {"channel1": 43.4329856640855, "channel2": 4.0, "dropout": 0.3, "lr": 0.001, "lstm_proj_dim": 118.70858785993701, "proj_dim": 128.0, "wd": 0.0001}, "datetime": {"datetime": "2024-05-09 13:37:52", "elapsed": 1985.561494, "delta": 924.724812}}
{"target": 94.11, "params": {"channel1": 78.52951977804467, "channel2": 4.0, "dropout": 0.3, "lr": 0.001, "lstm_proj_dim": 32.0, "proj_dim": 32.0, "wd": 1.0000004604996376e-06}, "datetime": {"datetime": "2024-05-09 13:52:04", "elapsed": 2837.230807, "delta": 851.669313}}
{"target": 94.08, "params": {"channel1": 24.746933227759655, "channel2": 31.292496844249783, "dropout": 0.14803824967302034, "lr": 0.00032734767690127876, "lstm_proj_dim": 126.90144680685731, "proj_dim": 32.84032219534064, "wd": 2.619108460534262e-05}, "datetime": {"datetime": "2024-05-09 14:03:53", "elapsed": 3546.659159, "delta": 709.428352}}
{"target": 94.24, "params": {"channel1": 47.6264372478401, "channel2": 4.0, "dropout": 0.3, "lr": 0.0004674033317699118, "lstm_proj_dim": 93.4489328606632, "proj_dim": 86.03565439825545, "wd": 3.7438144953646623e-06}, "datetime": {"datetime": "2024-05-09 14:19:32", "elapsed": 4485.558591, "delta": 938.899432}}
{"target": 94.11, "params": {"channel1": 44.506809281620136, "channel2": 4.0, "dropout": 0.3, "lr": 0.001, "lstm_proj_dim": 32.0, "proj_dim": 49.95046547904411, "wd": 3.8123413877084786e-05}, "datetime": {"datetime": "2024-05-09 14:34:31", "elapsed": 5384.279043, "delta": 898.720452}}
{"target": 94.06, "params": {"channel1": 16.0, "channel2": 32.0, "dropout": 0.3, "lr": 0.001, "lstm_proj_dim": 100.23303589440113, "proj_dim": 100.53309389661074, "wd": 1e-06}, "datetime": {"datetime": "2024-05-09 14:45:11", "elapsed": 6024.694329, "delta": 640.415286}}
{"target": 92.83, "params": {"channel1": 30.60704396825748, "channel2": 15.175897041212588, "dropout": 0.3, "lr": 1e-05, "lstm_proj_dim": 99.06394716961275, "proj_dim": 56.70002376862268, "wd": 1e-06}, "datetime": {"datetime": "2024-05-09 14:58:04", "elapsed": 6797.991621, "delta": 773.297292}}
{"target": 92.39, "params": {"channel1": 16.0, "channel2": 32.0, "dropout": 0.3, "lr": 1e-05, "lstm_proj_dim": 60.665857415405064, "proj_dim": 91.91251130045573, "wd": 6.674413292016006e-05}, "datetime": {"datetime": "2024-05-09 15:08:55", "elapsed": 7448.135053, "delta": 650.143432}}
{"target": 94.2, "params": {"channel1": 44.372380553335056, "channel2": 4.0, "dropout": 0.3, "lr": 0.0007082003891988725, "lstm_proj_dim": 128.0, "proj_dim": 32.0, "wd": 1e-06}, "datetime": {"datetime": "2024-05-09 15:24:09", "elapsed": 8362.362238, "delta": 914.227185}}
{"target": 94.05, "params": {"channel1": 57.9150000700734, "channel2": 32.0, "dropout": 0.0, "lr": 0.001, "lstm_proj_dim": 114.26892092703518, "proj_dim": 100.08264000204764, "wd": 0.0001}, "datetime": {"datetime": "2024-05-09 15:42:22", "elapsed": 9455.516231, "delta": 1093.153993}}
{"target": 94.19, "params": {"channel1": 43.73974261612721, "channel2": 32.0, "dropout": 0.3, "lr": 0.000561083181698435, "lstm_proj_dim": 107.18947615150452, "proj_dim": 32.0, "wd": 4.4901088687660917e-05}, "datetime": {"datetime": "2024-05-09 15:57:53", "elapsed": 10386.813372, "delta": 931.297141}}
{"target": 94.04, "params": {"channel1": 16.0, "channel2": 32.0, "dropout": 0.3, "lr": 0.001, "lstm_proj_dim": 32.0, "proj_dim": 68.1934115708366, "wd": 9.16098511035247e-05}, "datetime": {"datetime": "2024-05-09 16:08:54", "elapsed": 11047.092893, "delta": 660.279521}}
{"target": 94.06, "params": {"channel1": 53.21590566812048, "channel2": 4.0, "dropout": 0.3, "lr": 0.001, "lstm_proj_dim": 32.0, "proj_dim": 32.0, "wd": 7.640534646582539e-05}, "datetime": {"datetime": "2024-05-09 16:25:19", "elapsed": 12032.102797, "delta": 985.009904}}
{"target": 93.95, "params": {"channel1": 16.0, "channel2": 32.0, "dropout": 0.0, "lr": 0.00010065085670643429, "lstm_proj_dim": 128.0, "proj_dim": 128.0, "wd": 0.0001}, "datetime": {"datetime": "2024-05-09 16:36:21", "elapsed": 0.0, "delta": 0.0}}
{"target": 94.09, "params": {"channel1": 42.49365609749118, "channel2": 4.0, "dropout": 0.3, "lr": 0.001, "lstm_proj_dim": 65.59242247835, "proj_dim": 61.88446726101168, "wd": 5.179330141576555e-05}, "datetime": {"datetime": "2024-05-09 16:50:56", "elapsed": 874.32955, "delta": 874.32955}}
{"target": 0.0, "params": {"channel1": 84.29351340194665, "channel2": 32.0, "dropout": 0.0, "lr": 0.0004194756672848733, "lstm_proj_dim": 32.0, "proj_dim": 32.0, "wd": 4.1947566728487324e-05}, "datetime": {"datetime": "2024-05-09 16:51:15", "elapsed": 893.184668, "delta": 18.855118}}
{"target": 0.0, "params": {"channel1": 128.0, "channel2": 4.0, "dropout": 0.3, "lr": 0.001, "lstm_proj_dim": 128.0, "proj_dim": 128.0, "wd": 0.0001}, "datetime": {"datetime": "2024-05-09 16:51:20", "elapsed": 898.782404, "delta": 5.597736}}
{"target": 94.14, "params": {"channel1": 52.01942640946543, "channel2": 32.0, "dropout": 0.3, "lr": 0.001, "lstm_proj_dim": 42.39274792658545, "proj_dim": 69.68937007329698, "wd": 1e-06}, "datetime": {"datetime": "2024-05-09 17:08:32", "elapsed": 1930.200388, "delta": 1031.417984}}
{"target": 94.06, "params": {"channel1": 43.250516873850714, "channel2": 4.0, "dropout": 0.3, "lr": 0.001, "lstm_proj_dim": 55.787301613816105, "proj_dim": 107.73935648079787, "wd": 0.0001}, "datetime": {"datetime": "2024-05-09 17:23:52", "elapsed": 2850.271792, "delta": 920.071404}}
{"target": 94.04, "params": {"channel1": 77.99585992269525, "channel2": 4.0, "dropout": 0.3, "lr": 0.001, "lstm_proj_dim": 57.63074074321475, "proj_dim": 68.26709362026553, "wd": 1e-06}, "datetime": {"datetime": "2024-05-09 17:44:32", "elapsed": 4090.355912, "delta": 1240.08412}}
{"target": 94.05, "params": {"channel1": 69.62613344754317, "channel2": 32.0, "dropout": 0.3, "lr": 0.001, "lstm_proj_dim": 72.39853842944778, "proj_dim": 62.29101060973577, "wd": 7.730133980364384e-05}, "datetime": {"datetime": "2024-05-09 17:48:30", "elapsed": 4328.894671, "delta": 238.538759}}
{"target": 93.86, "params": {"channel1": 56.54274733976057, "channel2": 4.0, "dropout": 0.3, "lr": 0.001, "lstm_proj_dim": 32.0, "proj_dim": 84.30292459464637, "wd": 2.7780499927495338e-05}, "datetime": {"datetime": "2024-05-09 18:04:58", "elapsed": 5316.761033, "delta": 987.866362}}
{"target": 92.95, "params": {"channel1": 16.0, "channel2": 32.0, "dropout": 0.0, "lr": 1e-05, "lstm_proj_dim": 46.68529339425891, "proj_dim": 128.0, "wd": 0.0001}, "datetime": {"datetime": "2024-05-09 18:15:44", "elapsed": 5962.957752, "delta": 646.196719}}
{"target": 94.11, "params": {"channel1": 72.97872536044943, "channel2": 4.0, "dropout": 0.3, "lr": 0.001, "lstm_proj_dim": 71.2807268966453, "proj_dim": 32.0, "wd": 5.341225019994215e-06}, "datetime": {"datetime": "2024-05-09 18:34:58", "elapsed": 7116.916064, "delta": 1153.958312}}
{"target": 94.22, "params": {"channel1": 47.249060377077946, "channel2": 32.0, "dropout": 0.3, "lr": 0.001, "lstm_proj_dim": 76.66351163262182, "proj_dim": 107.17854949471919, "wd": 0.0001}, "datetime": {"datetime": "2024-05-09 18:51:39", "elapsed": 8117.963248, "delta": 1001.047184}}
{"target": 94.14, "params": {"channel1": 62.26918310737827, "channel2": 4.0, "dropout": 0.3, "lr": 0.001, "lstm_proj_dim": 82.18816272142627, "proj_dim": 128.0, "wd": 1e-06}, "datetime": {"datetime": "2024-05-09 19:11:08", "elapsed": 9286.786637, "delta": 1168.823389}}
{"target": 94.12, "params": {"channel1": 46.079209845948675, "channel2": 32.0, "dropout": 0.3, "lr": 0.001, "lstm_proj_dim": 54.609584093205115, "proj_dim": 47.83963355515465, "wd": 9.9478862141692e-05}, "datetime": {"datetime": "2024-05-09 19:28:14", "elapsed": 10312.270241, "delta": 1025.483604}}
{"target": 93.7, "params": {"channel1": 76.19695557955184, "channel2": 4.0, "dropout": 0.3, "lr": 0.001, "lstm_proj_dim": 87.53171305509669, "proj_dim": 96.27442988703628, "wd": 1e-06}, "datetime": {"datetime": "2024-05-09 19:29:58", "elapsed": 10416.668826, "delta": 104.398585}}
{"target": 93.93, "params": {"channel1": 65.738209025114, "channel2": 32.0, "dropout": 0.3, "lr": 0.001, "lstm_proj_dim": 128.0, "proj_dim": 32.0, "wd": 1e-06}, "datetime": {"datetime": "2024-05-09 22:08:59", "elapsed": 0.0, "delta": 0.0}}
{"target": 94.09, "params": {"channel1": 16.0, "channel2": 32.0, "dropout": 0.3, "lr": 0.001, "lstm_proj_dim": 128.0, "proj_dim": 62.11919539573714, "wd": 0.0001}, "datetime": {"datetime": "2024-05-09 22:20:27", "elapsed": 688.044494, "delta": 688.044494}}
{"target": 94.2, "params": {"channel1": 71.83659795210664, "channel2": 4.0, "dropout": 0.3, "lr": 0.001, "lstm_proj_dim": 32.0, "proj_dim": 57.894403702967644, "wd": 1.0000036739451042e-06}, "datetime": {"datetime": "2024-05-09 22:40:27", "elapsed": 1888.020894, "delta": 1199.9764}}
