{"target": 93.74, "params": {"channel1": 62.706464526688286, "channel2": 24.169085816380427, "dropout": 3.431244520346599e-05, "lr": 0.0003093092469055214, "lstm_proj_dim": 46.08856551844285, "proj_dim": 40.86450509780459, "wd": 1.943976092638942e-05}, "datetime": {"datetime": "2024-05-09 23:43:29", "elapsed": 0.0, "delta": 0.0}}
{"target": 93.97, "params": {"channel1": 54.702801428821346, "channel2": 15.109489278458758, "dropout": 0.16164502020100707, "lr": 0.00042500256925926186, "lstm_proj_dim": 97.78107203808891, "proj_dim": 51.62741597422567, "wd": 8.79336262027036e-05}, "datetime": {"datetime": "2024-05-09 23:46:13", "elapsed": 164.266544, "delta": 164.266544}}
{"target": 93.76, "params": {"channel1": 19.06741043816773, "channel2": 22.773090284995263, "dropout": 0.12519144071013807, "lr": 0.0005631029301612941, "lstm_proj_dim": 45.47714610514244, "proj_dim": 51.01774295214837, "wd": 8.027371229887813e-05}, "datetime": {"datetime": "2024-05-09 23:48:13", "elapsed": 283.9548, "delta": 119.688256}}
{"target": 0.0, "params": {"channel1": 124.44529648057252, "channel2": 12.7758769884588, "dropout": 0.20769678470079422, "lr": 0.000877625260773078, "lstm_proj_dim": 117.88223969636934, "proj_dim": 40.164244291498676, "wd": 4.8664235400553536e-06}, "datetime": {"datetime": "2024-05-09 23:48:18", "elapsed": 288.867954, "delta": 4.913154}}
{"target": 93.96, "params": {"channel1": 35.021006991231715, "channel2": 28.587990096023567, "dropout": 0.02950405014991503, "lr": 0.0004268965487550017, "lstm_proj_dim": 123.95739489444819, "proj_dim": 83.18386735740964, "wd": 6.949583428109687e-05}, "datetime": {"datetime": "2024-05-09 23:50:42", "elapsed": 432.969068, "delta": 144.101114}}
{"target": 92.53, "params": {"channel1": 51.33775067267905, "channel2": 23.222025975084343, "dropout": 0.25038770156921186, "lr": 2.810539457074989e-05, "lstm_proj_dim": 104.01385423471687, "proj_dim": 126.9306645350235, "wd": 7.50683997836041e-05}, "datetime": {"datetime": "2024-05-09 23:53:27", "elapsed": 598.482295, "delta": 165.513227}}
{"target": 93.98, "params": {"channel1": 47.40972711121338, "channel2": 26.099821196641678, "dropout": 0.030967801973292606, "lr": 0.00045341459091414614, "lstm_proj_dim": 119.22516829693717, "proj_dim": 60.186958243873235, "wd": 2.9489758520048528e-05}, "datetime": {"datetime": "2024-05-09 23:56:12", "elapsed": 762.978731, "delta": 164.496436}}
{"target": 93.15, "params": {"channel1": 30.5632000772471, "channel2": 4.542274820368318, "dropout": 0.2036506598819673, "lr": 0.00021951183484005844, "lstm_proj_dim": 57.492479299733716, "proj_dim": 79.19102329091248, "wd": 6.282891966590958e-06}, "datetime": {"datetime": "2024-05-09 23:58:25", "elapsed": 896.429232, "delta": 133.450501}}
{"target": 93.87, "params": {"channel1": 80.30117181510546, "channel2": 8.108400097362685, "dropout": 0.17679166107098526, "lr": 0.0007027607764207219, "lstm_proj_dim": 41.82410516747128, "proj_dim": 71.74937483067856, "wd": 6.974561561504676e-05}, "datetime": {"datetime": "2024-05-10 00:00:25", "elapsed": 1015.910178, "delta": 119.480946}}
{"target": 94.0, "params": {"channel1": 62.38807818701309, "channel2": 5.39869685049044, "dropout": 0.16076892177465346, "lr": 0.0006671566987675909, "lstm_proj_dim": 81.42935475759762, "proj_dim": 122.68109657511808, "wd": 5.90689490096973e-05}, "datetime": {"datetime": "2024-05-10 00:03:20", "elapsed": 1191.754814, "delta": 175.844636}}
{"target": 0.0, "params": {"channel1": 117.18101451224295, "channel2": 7.849291716094651, "dropout": 0.041782904175227564, "lr": 0.0008093173758224286, "lstm_proj_dim": 70.17697635061123, "proj_dim": 47.87400292322555, "wd": 9.282334945920736e-05}, "datetime": {"datetime": "2024-05-10 00:03:28", "elapsed": 1198.843273, "delta": 7.088459}}
{"target": 94.09, "params": {"channel1": 54.94977629149673, "channel2": 25.022738887812356, "dropout": 0.21779939560513542, "lr": 0.0008844730302937518, "lstm_proj_dim": 91.87253187733845, "proj_dim": 104.09047366662438, "wd": 3.554093585580641e-05}, "datetime": {"datetime": "2024-05-10 00:06:26", "elapsed": 1376.857775, "delta": 178.014502}}
{"target": 94.08, "params": {"channel1": 46.23192387768292, "channel2": 29.084814109489873, "dropout": 0.12842735696138846, "lr": 0.0009651916466769017, "lstm_proj_dim": 95.69038379057102, "proj_dim": 91.6827891400757, "wd": 1.2359851322384144e-05}, "datetime": {"datetime": "2024-05-10 00:09:04", "elapsed": 1535.478948, "delta": 158.621173}}
{"target": 0.0, "params": {"channel1": 122.34279697519197, "channel2": 16.597539737438336, "dropout": 0.1735168843161395, "lr": 0.00041405543473366837, "lstm_proj_dim": 54.754590103330656, "proj_dim": 118.72443397397636, "wd": 5.77942691805563e-05}, "datetime": {"datetime": "2024-05-10 00:09:10", "elapsed": 1541.321829, "delta": 5.842881}}
{"target": 93.81, "params": {"channel1": 16.321476627489805, "channel2": 21.28005758138027, "dropout": 0.09799347053162884, "lr": 0.0005317875212350333, "lstm_proj_dim": 117.05044153383434, "proj_dim": 66.29789696023998, "wd": 9.094497994106013e-05}, "datetime": {"datetime": "2024-05-10 00:11:11", "elapsed": 1662.578288, "delta": 121.256459}}
{"target": 93.7, "params": {"channel1": 85.8163329686819, "channel2": 4.442994799703576, "dropout": 0.27883117012312836, "lr": 0.0006939879483417547, "lstm_proj_dim": 127.74299364334213, "proj_dim": 48.54468880115154, "wd": 1.45764392132589e-05}, "datetime": {"datetime": "2024-05-10 00:14:12", "elapsed": 1843.354238, "delta": 180.77595}}
{"target": 0.0, "params": {"channel1": 120.45069186016232, "channel2": 23.510908521717205, "dropout": 0.019800051816618747, "lr": 0.0007579084220764418, "lstm_proj_dim": 104.37211409227965, "proj_dim": 120.6103554124624, "wd": 7.14409511042187e-05}, "datetime": {"datetime": "2024-05-10 00:14:20", "elapsed": 1851.243316, "delta": 7.889078}}
{"target": 91.53, "params": {"channel1": 29.918347740882446, "channel2": 4.5566437475142765, "dropout": 0.007863296063315784, "lr": 3.802342314058666e-05, "lstm_proj_dim": 55.6362624898924, "proj_dim": 114.56268307355725, "wd": 5.434427536982363e-05}, "datetime": {"datetime": "2024-05-10 00:16:35", "elapsed": 1986.032276, "delta": 134.78896}}
{"target": 93.92, "params": {"channel1": 77.91606161280578, "channel2": 27.57686498606896, "dropout": 0.03725199453597334, "lr": 0.00028639184222102815, "lstm_proj_dim": 88.23289005999564, "proj_dim": 125.08119183868875, "wd": 5.6541991706315286e-05}, "datetime": {"datetime": "2024-05-10 00:19:13", "elapsed": 2144.52188, "delta": 158.489604}}
{"target": 93.91, "params": {"channel1": 18.08849640976962, "channel2": 26.417714835057257, "dropout": 0.06989228215230613, "lr": 0.0008090341436625914, "lstm_proj_dim": 69.23462183016049, "proj_dim": 114.90001803770515, "wd": 7.496504263098128e-05}, "datetime": {"datetime": "2024-05-10 00:21:25", "elapsed": 2275.984665, "delta": 131.462785}}
{"target": 93.39, "params": {"channel1": 28.528057388691224, "channel2": 5.338561644720433, "dropout": 0.21951928913913793, "lr": 0.0002800923763572969, "lstm_proj_dim": 55.326430383269575, "proj_dim": 113.43901667196128, "wd": 7.185646078209553e-05}, "datetime": {"datetime": "2024-05-10 00:23:24", "elapsed": 2395.677145, "delta": 119.69248}}
{"target": 94.0, "params": {"channel1": 45.27634816550274, "channel2": 32.0, "dropout": 0.3, "lr": 0.001, "lstm_proj_dim": 32.0, "proj_dim": 96.51879813359287, "wd": 1e-06}, "datetime": {"datetime": "2024-05-10 00:26:00", "elapsed": 2551.419277, "delta": 155.742132}}
{"target": 93.99, "params": {"channel1": 49.53437515972146, "channel2": 6.147941897748787, "dropout": 0.2539439938373124, "lr": 0.0009306387015928307, "lstm_proj_dim": 126.95389916951689, "proj_dim": 32.1904562099665, "wd": 2.1030780865777317e-06}, "datetime": {"datetime": "2024-05-10 00:28:43", "elapsed": 2714.537364, "delta": 163.118087}}
{"target": 93.73, "params": {"channel1": 16.0, "channel2": 4.0, "dropout": 0.3, "lr": 0.001, "lstm_proj_dim": 128.0, "proj_dim": 128.0, "wd": 9.999716109125555e-05}, "datetime": {"datetime": "2024-05-10 00:30:33", "elapsed": 2823.871029, "delta": 109.333665}}
{"target": 94.06, "params": {"channel1": 60.74142880931206, "channel2": 4.0, "dropout": 0.3, "lr": 0.001, "lstm_proj_dim": 128.0, "proj_dim": 83.83926556336478, "wd": 3.316914813596917e-05}, "datetime": {"datetime": "2024-05-10 00:33:23", "elapsed": 2994.117106, "delta": 170.246077}}
{"target": 92.75, "params": {"channel1": 16.0, "channel2": 32.0, "dropout": 0.3, "lr": 9.810729923425326e-05, "lstm_proj_dim": 32.0, "proj_dim": 128.0, "wd": 5.7367435854371917e-05}, "datetime": {"datetime": "2024-05-10 00:35:21", "elapsed": 3112.05011, "delta": 117.933004}}
{"target": 93.91, "params": {"channel1": 40.74071993333513, "channel2": 4.0, "dropout": 0.3, "lr": 0.001, "lstm_proj_dim": 32.0, "proj_dim": 32.0, "wd": 1e-06}, "datetime": {"datetime": "2024-05-10 00:37:49", "elapsed": 3260.306275, "delta": 148.256165}}
{"target": 93.9, "params": {"channel1": 16.0, "channel2": 32.0, "dropout": 0.3, "lr": 0.001, "lstm_proj_dim": 86.38792404661596, "proj_dim": 32.0, "wd": 0.0001}, "datetime": {"datetime": "2024-05-10 00:39:45", "elapsed": 3376.44095, "delta": 116.134675}}
{"target": 93.8, "params": {"channel1": 16.0, "channel2": 4.0, "dropout": 0.3, "lr": 0.001, "lstm_proj_dim": 32.0, "proj_dim": 91.82206696100243, "wd": 0.0001}, "datetime": {"datetime": "2024-05-10 00:41:25", "elapsed": 3475.972531, "delta": 99.531581}}
{"target": 93.73, "params": {"channel1": 17.369561778837515, "channel2": 5.122386129945083, "dropout": 0.29482550981107103, "lr": 0.0006978506714333355, "lstm_proj_dim": 75.46278489219715, "proj_dim": 32.184105735321026, "wd": 4.7672069176311516e-05}, "datetime": {"datetime": "2024-05-10 00:43:10", "elapsed": 3581.175274, "delta": 105.202743}}
{"target": 93.89, "params": {"channel1": 16.0, "channel2": 32.0, "dropout": 0.3, "lr": 0.001, "lstm_proj_dim": 128.0, "proj_dim": 128.0, "wd": 0.0001}, "datetime": {"datetime": "2024-05-10 00:44:59", "elapsed": 3690.338194, "delta": 109.16292}}
{"target": 93.79, "params": {"channel1": 65.1540044297977, "channel2": 32.0, "dropout": 0.3, "lr": 0.001, "lstm_proj_dim": 32.0, "proj_dim": 65.43469991259218, "wd": 0.0001}, "datetime": {"datetime": "2024-05-10 00:48:15", "elapsed": 3886.036461, "delta": 195.698267}}
{"target": 93.71, "params": {"channel1": 16.0, "channel2": 4.0, "dropout": 0.3, "lr": 0.001, "lstm_proj_dim": 97.47697397239389, "proj_dim": 94.41993292105504, "wd": 3.8980994328763806e-05}, "datetime": {"datetime": "2024-05-10 00:50:09", "elapsed": 4000.112062, "delta": 114.075601}}
{"target": 94.08, "params": {"channel1": 60.703660778101444, "channel2": 32.0, "dropout": 0.3, "lr": 0.001, "lstm_proj_dim": 61.494026010162074, "proj_dim": 128.0, "wd": 6.249647255984526e-05}, "datetime": {"datetime": "2024-05-10 00:53:05", "elapsed": 4175.981696, "delta": 175.869634}}
