{"target": 94.1, "params": {"channel1": 80.1675634622221, "channel2": 30.705137789324457, "dropout": 0.17054131836000722, "lr": 0.0005442597241802735, "lstm_proj_dim": 33.048886323100525, "proj_dim": 127.23245805104484, "wd": 1.309488611595271e-05}, "datetime": {"datetime": "2024-05-10 06:21:07", "elapsed": 19133.843909, "delta": 197.385062}}
{"target": 93.87, "params": {"channel1": 34.33138968524655, "channel2": 32.0, "dropout": 0.3, "lr": 0.001, "lstm_proj_dim": 78.37672661453311, "proj_dim": 101.80557816938344, "wd": 0.0001}, "datetime": {"datetime": "2024-05-10 06:23:27", "elapsed": 19273.135771, "delta": 139.291862}}
{"target": 89.45, "params": {"channel1": 28.655659546913252, "channel2": 32.0, "dropout": 0.3, "lr": 1e-05, "lstm_proj_dim": 128.0, "proj_dim": 128.0, "wd": 0.0001}, "datetime": {"datetime": "2024-05-10 06:25:33", "elapsed": 19399.80221, "delta": 126.666439}}
{"target": 88.07, "params": {"channel1": 83.67280081894884, "channel2": 4.14308182617006, "dropout": 0.13662833989962345, "lr": 2.2299527663473406e-05, "lstm_proj_dim": 92.33647954316802, "proj_dim": 34.04247192937317, "wd": 4.0808491361463093e-05}, "datetime": {"datetime": "2024-05-10 06:26:17", "elapsed": 19443.366282, "delta": 43.564072}}
{"target": 93.9, "params": {"channel1": 30.01749400656804, "channel2": 18.183271682284598, "dropout": 0.0, "lr": 0.001, "lstm_proj_dim": 105.6978594629128, "proj_dim": 110.84980377595708, "wd": 1e-06}, "datetime": {"datetime": "2024-05-10 06:28:29", "elapsed": 19575.125808, "delta": 131.759526}}
{"target": 89.72, "params": {"channel1": 43.37614422197848, "channel2": 4.0, "dropout": 0.0, "lr": 1e-05, "lstm_proj_dim": 75.11320248093752, "proj_dim": 104.64885351659875, "wd": 1e-06}, "datetime": {"datetime": "2024-05-10 06:30:55", "elapsed": 19721.476285, "delta": 146.350477}}
{"target": 91.58, "params": {"channel1": 69.2644265362421, "channel2": 26.535926258232994, "dropout": 0.0, "lr": 1e-05, "lstm_proj_dim": 128.0, "proj_dim": 112.29318410641294, "wd": 0.0001}, "datetime": {"datetime": "2024-05-10 06:34:05", "elapsed": 19911.17582, "delta": 189.699535}}
{"target": 94.05, "params": {"channel1": 55.63572715384784, "channel2": 32.0, "dropout": 0.3, "lr": 0.001, "lstm_proj_dim": 116.80308399075358, "proj_dim": 88.8967540950355, "wd": 1e-06}, "datetime": {"datetime": "2024-05-10 06:36:53", "elapsed": 20079.027575, "delta": 167.851755}}
{"target": 94.05, "params": {"channel1": 74.78599111149961, "channel2": 15.228411556749508, "dropout": 0.0, "lr": 0.001, "lstm_proj_dim": 58.45967280224777, "proj_dim": 59.73947617708378, "wd": 1e-06}, "datetime": {"datetime": "2024-05-10 06:40:05", "elapsed": 20271.386278, "delta": 192.358703}}
{"target": 91.34, "params": {"channel1": 62.377977848627495, "channel2": 32.0, "dropout": 0.3, "lr": 1e-05, "lstm_proj_dim": 128.0, "proj_dim": 67.0846008736147, "wd": 1e-06}, "datetime": {"datetime": "2024-05-10 06:43:03", "elapsed": 20448.983532, "delta": 177.597254}}
{"target": 87.88, "params": {"channel1": 66.59888342682282, "channel2": 4.0, "dropout": 0.0, "lr": 1e-05, "lstm_proj_dim": 128.0, "proj_dim": 32.0, "wd": 1e-06}, "datetime": {"datetime": "2024-05-10 06:46:02", "elapsed": 20628.517047, "delta": 179.533515}}
{"target": 0.0, "params": {"channel1": 109.19166729509284, "channel2": 4.0, "dropout": 0.0, "lr": 0.001, "lstm_proj_dim": 59.36024730148049, "proj_dim": 87.60693487481596, "wd": 0.0001}, "datetime": {"datetime": "2024-05-10 06:46:08", "elapsed": 20634.179162, "delta": 5.662115}}
{"target": 90.68, "params": {"channel1": 34.80551419200939, "channel2": 18.35653891019589, "dropout": 0.3, "lr": 1e-05, "lstm_proj_dim": 32.0, "proj_dim": 81.85050639576268, "wd": 0.0001}, "datetime": {"datetime": "2024-05-10 06:48:25", "elapsed": 20771.370177, "delta": 137.191015}}
{"target": 94.12, "params": {"channel1": 42.26107803603516, "channel2": 32.0, "dropout": 0.0, "lr": 0.001, "lstm_proj_dim": 74.68826549479009, "proj_dim": 77.948663436321, "wd": 1e-06}, "datetime": {"datetime": "2024-05-10 06:50:52", "elapsed": 20918.585468, "delta": 147.215291}}
{"target": 93.81, "params": {"channel1": 59.606215556666264, "channel2": 15.001863202346781, "dropout": 0.28529506936005755, "lr": 0.0006944825877338627, "lstm_proj_dim": 96.27935870651791, "proj_dim": 73.11049238213764, "wd": 7.012883264685063e-05}, "datetime": {"datetime": "2024-05-10 06:53:45", "elapsed": 21091.223174, "delta": 172.637706}}
{"target": 93.98, "params": {"channel1": 25.37919768250122, "channel2": 15.333054795748145, "dropout": 0.05846103568821981, "lr": 0.0009547399810580659, "lstm_proj_dim": 90.04449392154564, "proj_dim": 74.69509685503564, "wd": 3.713896434904802e-06}, "datetime": {"datetime": "2024-05-10 06:55:50", "elapsed": 21216.676505, "delta": 125.453331}}
{"target": 93.51, "params": {"channel1": 16.0, "channel2": 4.0, "dropout": 0.0, "lr": 0.001, "lstm_proj_dim": 104.67470599600504, "proj_dim": 128.0, "wd": 0.0001}, "datetime": {"datetime": "2024-05-10 06:57:33", "elapsed": 21319.90565, "delta": 103.229145}}
{"target": 85.19, "params": {"channel1": 90.73200779178579, "channel2": 32.0, "dropout": 0.0, "lr": 1e-05, "lstm_proj_dim": 128.0, "proj_dim": 32.0, "wd": 0.0001}, "datetime": {"datetime": "2024-05-10 06:58:09", "elapsed": 21355.918639, "delta": 36.012989}}
{"target": 93.67, "params": {"channel1": 16.0, "channel2": 4.0, "dropout": 0.3, "lr": 0.001, "lstm_proj_dim": 55.99695087735339, "proj_dim": 58.13092409426767, "wd": 0.0001}, "datetime": {"datetime": "2024-05-10 06:59:51", "elapsed": 21457.336196, "delta": 101.417557}}
{"target": 91.96, "params": {"channel1": 49.13120382539445, "channel2": 17.01205912408949, "dropout": 0.3, "lr": 1e-05, "lstm_proj_dim": 32.0, "proj_dim": 46.854438247135754, "wd": 0.0001}, "datetime": {"datetime": "2024-05-10 07:02:29", "elapsed": 21615.148701, "delta": 157.812505}}
{"target": 88.79, "params": {"channel1": 36.452755562857035, "channel2": 24.022949192573652, "dropout": 0.3, "lr": 1e-05, "lstm_proj_dim": 43.72780055938058, "proj_dim": 118.79845116152204, "wd": 1e-06}, "datetime": {"datetime": "2024-05-10 07:04:46", "elapsed": 21752.821725, "delta": 137.673024}}
{"target": 93.91, "params": {"channel1": 16.0, "channel2": 20.828214315060304, "dropout": 0.0, "lr": 0.001, "lstm_proj_dim": 71.87359346689787, "proj_dim": 52.281707657506736, "wd": 0.0001}, "datetime": {"datetime": "2024-05-10 07:06:33", "elapsed": 21859.920328, "delta": 107.098603}}
{"target": 89.22, "params": {"channel1": 28.972501017546378, "channel2": 17.857456294784626, "dropout": 0.0, "lr": 1e-05, "lstm_proj_dim": 114.02381028549078, "proj_dim": 46.17624597818489, "wd": 0.0001}, "datetime": {"datetime": "2024-05-10 07:08:36", "elapsed": 21982.835024, "delta": 122.914696}}
{"target": 94.1, "params": {"channel1": 59.73529769812649, "channel2": 32.0, "dropout": 0.0, "lr": 0.001, "lstm_proj_dim": 32.0, "proj_dim": 91.64192701720145, "wd": 1e-06}, "datetime": {"datetime": "2024-05-10 07:11:31", "elapsed": 22157.255856, "delta": 174.420832}}
{"target": 91.24, "params": {"channel1": 54.50617979912077, "channel2": 23.593298769724274, "dropout": 0.3, "lr": 1e-05, "lstm_proj_dim": 81.45831406351677, "proj_dim": 32.0, "wd": 0.0001}, "datetime": {"datetime": "2024-05-10 07:14:15", "elapsed": 22321.940567, "delta": 164.684711}}
{"target": 84.58, "params": {"channel1": 92.05044507268444, "channel2": 4.0, "dropout": 0.3, "lr": 1e-05, "lstm_proj_dim": 128.0, "proj_dim": 128.0, "wd": 0.0001}, "datetime": {"datetime": "2024-05-10 07:14:48", "elapsed": 22354.745548, "delta": 32.804981}}
{"target": 90.89, "params": {"channel1": 57.087499312454305, "channel2": 32.0, "dropout": 0.3, "lr": 1e-05, "lstm_proj_dim": 80.50209773747646, "proj_dim": 128.0, "wd": 1e-06}, "datetime": {"datetime": "2024-05-10 07:17:42", "elapsed": 22528.710737, "delta": 173.965189}}
{"target": 94.04, "params": {"channel1": 33.707297391352014, "channel2": 23.921351055457226, "dropout": 0.18037362706046006, "lr": 0.0008583024978365595, "lstm_proj_dim": 49.241121653546955, "proj_dim": 32.47709931952788, "wd": 5.659244482375146e-05}, "datetime": {"datetime": "2024-05-10 07:19:56", "elapsed": 22662.865544, "delta": 134.154807}}
{"target": 93.82, "params": {"channel1": 26.665893935935227, "channel2": 32.0, "dropout": 0.3, "lr": 0.001, "lstm_proj_dim": 128.0, "proj_dim": 60.36537076400686, "wd": 1e-06}, "datetime": {"datetime": "2024-05-10 07:22:02", "elapsed": 22788.498207, "delta": 125.632663}}
{"target": 90.71, "params": {"channel1": 49.298630239728006, "channel2": 4.0, "dropout": 0.0, "lr": 1e-05, "lstm_proj_dim": 128.0, "proj_dim": 128.0, "wd": 1e-06}, "datetime": {"datetime": "2024-05-10 07:24:40", "elapsed": 22946.518584, "delta": 158.020377}}
{"target": 91.93, "params": {"channel1": 92.15145651877012, "channel2": 32.0, "dropout": 0.3, "lr": 1e-05, "lstm_proj_dim": 74.6070048949, "proj_dim": 84.5792814328822, "wd": 1e-06}, "datetime": {"datetime": "2024-05-10 07:28:10", "elapsed": 23156.396862, "delta": 209.878278}}
{"target": 91.07, "params": {"channel1": 44.445428324670665, "channel2": 4.0, "dropout": 0.0, "lr": 1e-05, "lstm_proj_dim": 32.0, "proj_dim": 107.85533383138869, "wd": 0.0001}, "datetime": {"datetime": "2024-05-10 07:30:35", "elapsed": 23301.69004, "delta": 145.293178}}
{"target": 93.62, "params": {"channel1": 16.0, "channel2": 4.0, "dropout": 0.3, "lr": 0.001, "lstm_proj_dim": 128.0, "proj_dim": 105.11803746464153, "wd": 0.0001}, "datetime": {"datetime": "2024-05-10 07:32:17", "elapsed": 23403.887201, "delta": 102.197161}}
{"target": 94.16, "params": {"channel1": 72.60806624435294, "channel2": 16.641676399500298, "dropout": 0.002025201396197429, "lr": 0.0009964318342537042, "lstm_proj_dim": 127.10648056104688, "proj_dim": 52.63318426085706, "wd": 1.8490749175307295e-05}, "datetime": {"datetime": "2024-05-10 07:35:24", "elapsed": 23590.192683, "delta": 186.305482}}
{"target": 93.13, "params": {"channel1": 72.19235234934055, "channel2": 14.594042914809014, "dropout": 0.17191201470356196, "lr": 3.2112741661020325e-05, "lstm_proj_dim": 82.55276828577334, "proj_dim": 107.24880932945695, "wd": 2.265472367403909e-05}, "datetime": {"datetime": "2024-05-10 07:38:31", "elapsed": 23777.774868, "delta": 187.582185}}
{"target": 93.57, "params": {"channel1": 16.0, "channel2": 32.0, "dropout": 0.3, "lr": 0.001, "lstm_proj_dim": 128.0, "proj_dim": 80.45899711060089, "wd": 1e-06}, "datetime": {"datetime": "2024-05-10 07:40:25", "elapsed": 23891.286452, "delta": 113.511584}}
{"target": 82.0, "params": {"channel1": 89.85166811723023, "channel2": 4.0, "dropout": 0.3, "lr": 1.0000000000000026e-05, "lstm_proj_dim": 32.0, "proj_dim": 128.0, "wd": 1e-06}, "datetime": {"datetime": "2024-05-10 07:41:06", "elapsed": 23932.894162, "delta": 41.60771}}
{"target": 93.97, "params": {"channel1": 63.470369871505696, "channel2": 32.0, "dropout": 0.0, "lr": 0.001, "lstm_proj_dim": 45.071942284318425, "proj_dim": 112.26603951783589, "wd": 0.0001}, "datetime": {"datetime": "2024-05-10 07:44:06", "elapsed": 24112.384594, "delta": 179.490432}}
{"target": 93.97, "params": {"channel1": 74.04577716541979, "channel2": 26.88351189724735, "dropout": 0.24158505556331117, "lr": 0.0003211642616524675, "lstm_proj_dim": 109.22758909065881, "proj_dim": 126.04522809088985, "wd": 6.020876676549155e-05}, "datetime": {"datetime": "2024-05-10 07:47:20", "elapsed": 24306.953619, "delta": 194.569025}}
{"target": 93.8, "params": {"channel1": 64.40927603689195, "channel2": 4.111189724885448, "dropout": 0.2377584464317708, "lr": 0.0004672659219538876, "lstm_proj_dim": 34.05422797687922, "proj_dim": 58.633986044834344, "wd": 9.112419501947742e-05}, "datetime": {"datetime": "2024-05-10 07:50:11", "elapsed": 24477.643684, "delta": 170.690065}}
{"target": 93.89, "params": {"channel1": 47.59707317651942, "channel2": 4.0, "dropout": 0.3, "lr": 0.001, "lstm_proj_dim": 108.5081510640335, "proj_dim": 63.00262051782834, "wd": 1e-06}, "datetime": {"datetime": "2024-05-10 07:52:42", "elapsed": 24628.180703, "delta": 150.537019}}
{"target": 93.3, "params": {"channel1": 88.32029727176742, "channel2": 20.00504747076275, "dropout": 0.0, "lr": 0.001, "lstm_proj_dim": 128.0, "proj_dim": 104.68991330730717, "wd": 1e-06}, "datetime": {"datetime": "2024-05-10 07:53:18", "elapsed": 24664.158354, "delta": 35.977651}}
{"target": 93.94, "params": {"channel1": 79.30544088454008, "channel2": 32.0, "dropout": 0.3, "lr": 0.001, "lstm_proj_dim": 32.0, "proj_dim": 66.03198274051847, "wd": 0.0001}, "datetime": {"datetime": "2024-05-10 07:55:58", "elapsed": 24824.920708, "delta": 160.762354}}
{"target": 93.86, "params": {"channel1": 42.83124080848802, "channel2": 4.0, "dropout": 0.0, "lr": 0.001, "lstm_proj_dim": 68.922811138578, "proj_dim": 32.0, "wd": 0.0001}, "datetime": {"datetime": "2024-05-10 07:58:26", "elapsed": 24972.098359, "delta": 147.177651}}
{"target": 91.0, "params": {"channel1": 70.93343130183449, "channel2": 32.0, "dropout": 0.0, "lr": 1e-05, "lstm_proj_dim": 106.0264136461174, "proj_dim": 98.81042102377192, "wd": 0.0001}, "datetime": {"datetime": "2024-05-10 08:01:36", "elapsed": 25162.80673, "delta": 190.708371}}
{"target": 94.05, "params": {"channel1": 56.798449442126625, "channel2": 32.0, "dropout": 0.3, "lr": 0.001, "lstm_proj_dim": 110.81233338524721, "proj_dim": 32.0, "wd": 1e-06}, "datetime": {"datetime": "2024-05-10 08:04:20", "elapsed": 25326.203161, "delta": 163.396431}}
{"target": 81.77, "params": {"channel1": 16.0, "channel2": 4.0, "dropout": 0.0, "lr": 1e-05, "lstm_proj_dim": 32.0, "proj_dim": 128.0, "wd": 0.0001}, "datetime": {"datetime": "2024-05-10 08:06:01", "elapsed": 25427.112321, "delta": 100.90916}}
{"target": 94.13, "params": {"channel1": 67.16869605116591, "channel2": 18.37938619691943, "dropout": 0.0, "lr": 0.001, "lstm_proj_dim": 44.9777858298679, "proj_dim": 128.0, "wd": 1e-06}, "datetime": {"datetime": "2024-05-10 08:09:04", "elapsed": 25610.744307, "delta": 183.631986}}
{"target": 91.49, "params": {"channel1": 64.48532823826615, "channel2": 32.0, "dropout": 0.3, "lr": 1e-05, "lstm_proj_dim": 63.688739426259644, "proj_dim": 88.28898170132976, "wd": 0.0001}, "datetime": {"datetime": "2024-05-10 08:11:57", "elapsed": 25783.514097, "delta": 172.76979}}
{"target": 94.12, "params": {"channel1": 77.39686506539212, "channel2": 13.623272960664211, "dropout": 0.0, "lr": 0.001, "lstm_proj_dim": 76.44353638297328, "proj_dim": 45.39404124569895, "wd": 1e-06}, "datetime": {"datetime": "2024-05-10 08:15:13", "elapsed": 25979.681639, "delta": 196.167542}}
{"target": 94.06, "params": {"channel1": 50.58426296832612, "channel2": 17.592504933619104, "dropout": 0.3, "lr": 0.001, "lstm_proj_dim": 70.10859983058349, "proj_dim": 50.52597640156475, "wd": 1e-06}, "datetime": {"datetime": "2024-05-10 08:17:55", "elapsed": 26141.60517, "delta": 161.923531}}
{"target": 91.63, "params": {"channel1": 78.13200709262638, "channel2": 4.0, "dropout": 0.3, "lr": 1e-05, "lstm_proj_dim": 79.32033609477945, "proj_dim": 128.0, "wd": 0.0001}, "datetime": {"datetime": "2024-05-10 08:21:10", "elapsed": 26336.682109, "delta": 195.076939}}
{"target": 70.72, "params": {"channel1": 25.104890974219867, "channel2": 4.0, "dropout": 0.3, "lr": 1e-05, "lstm_proj_dim": 105.91488180753095, "proj_dim": 84.56802354511616, "wd": 0.0001}, "datetime": {"datetime": "2024-05-10 08:23:11", "elapsed": 26456.968, "delta": 120.285891}}
{"target": 93.75, "params": {"channel1": 16.0, "channel2": 4.0, "dropout": 0.0, "lr": 0.001, "lstm_proj_dim": 106.02282568254299, "proj_dim": 41.581745333581125, "wd": 1e-06}, "datetime": {"datetime": "2024-05-10 08:24:55", "elapsed": 26561.187078, "delta": 104.219078}}
{"target": 93.83, "params": {"channel1": 68.10043185250326, "channel2": 4.653114562820697, "dropout": 0.07150334812758839, "lr": 0.0006261048166398309, "lstm_proj_dim": 109.86137326948042, "proj_dim": 76.93031581652076, "wd": 4.06966565668599e-05}, "datetime": {"datetime": "2024-05-10 08:27:57", "elapsed": 26743.958848, "delta": 182.77177}}
{"target": 93.11, "params": {"channel1": 16.905257111170933, "channel2": 14.894038502993423, "dropout": 0.28120568694940035, "lr": 0.0002731399714259911, "lstm_proj_dim": 91.90700591905421, "proj_dim": 59.58269971946807, "wd": 2.4275676550470375e-05}, "datetime": {"datetime": "2024-05-10 08:29:47", "elapsed": 26853.144847, "delta": 109.185999}}
{"target": 93.8, "params": {"channel1": 54.27123677560162, "channel2": 15.875309941156907, "dropout": 0.11157062515796164, "lr": 0.00026118535046185185, "lstm_proj_dim": 127.43632063696455, "proj_dim": 95.91674765944381, "wd": 8.089364285927264e-05}, "datetime": {"datetime": "2024-05-10 08:32:30", "elapsed": 27016.019909, "delta": 162.875062}}
{"target": 93.82, "params": {"channel1": 30.325488161977663, "channel2": 15.837764107297769, "dropout": 0.09373270534139654, "lr": 0.00029063041015622946, "lstm_proj_dim": 70.60105149071636, "proj_dim": 66.85498994907195, "wd": 4.981047087403598e-06}, "datetime": {"datetime": "2024-05-10 08:34:35", "elapsed": 27141.552335, "delta": 125.532426}}
{"target": 91.9, "params": {"channel1": 59.107016886734264, "channel2": 32.0, "dropout": 0.3, "lr": 1e-05, "lstm_proj_dim": 98.12689439777365, "proj_dim": 67.87414771996116, "wd": 1e-06}, "datetime": {"datetime": "2024-05-10 08:37:32", "elapsed": 27318.836777, "delta": 177.284442}}
{"target": 90.33, "params": {"channel1": 85.73020077796441, "channel2": 20.864351110446556, "dropout": 0.0, "lr": 1e-05, "lstm_proj_dim": 128.0, "proj_dim": 74.17011928151449, "wd": 0.0001}, "datetime": {"datetime": "2024-05-10 08:38:43", "elapsed": 27389.745679, "delta": 70.908902}}
{"target": 83.15, "params": {"channel1": 16.0, "channel2": 32.0, "dropout": 0.0, "lr": 1e-05, "lstm_proj_dim": 32.0, "proj_dim": 60.902002151275, "wd": 1e-06}, "datetime": {"datetime": "2024-05-10 08:40:31", "elapsed": 27497.06212, "delta": 107.316441}}
{"target": 93.69, "params": {"channel1": 16.0, "channel2": 4.0, "dropout": 0.0, "lr": 0.001, "lstm_proj_dim": 32.0, "proj_dim": 32.0, "wd": 1e-06}, "datetime": {"datetime": "2024-05-10 08:42:15", "elapsed": 27601.783081, "delta": 104.720961}}
{"target": 93.94, "params": {"channel1": 40.24931114607028, "channel2": 12.751487584683456, "dropout": 0.2797496705505742, "lr": 0.0009954100182399696, "lstm_proj_dim": 49.461297895040914, "proj_dim": 65.9344150033368, "wd": 2.3538078509101435e-05}, "datetime": {"datetime": "2024-05-10 08:44:36", "elapsed": 27741.996145, "delta": 140.213064}}
{"target": 89.67, "params": {"channel1": 80.23444281483742, "channel2": 4.0, "dropout": 0.3, "lr": 1e-05, "lstm_proj_dim": 95.48796289458744, "proj_dim": 111.5976213595177, "wd": 1e-06}, "datetime": {"datetime": "2024-05-10 08:47:47", "elapsed": 27933.541872, "delta": 191.545727}}
{"target": 89.76, "params": {"channel1": 92.06127777168395, "channel2": 4.0, "dropout": 0.3, "lr": 1e-05, "lstm_proj_dim": 128.0, "proj_dim": 92.07441580323551, "wd": 0.0001}, "datetime": {"datetime": "2024-05-10 08:48:49", "elapsed": 27995.549186, "delta": 62.007314}}
{"target": 85.31, "params": {"channel1": 16.0, "channel2": 32.0, "dropout": 0.0, "lr": 1e-05, "lstm_proj_dim": 87.44010252068388, "proj_dim": 111.97362219253058, "wd": 1e-06}, "datetime": {"datetime": "2024-05-10 08:50:37", "elapsed": 28103.062733, "delta": 107.513547}}
{"target": 93.93, "params": {"channel1": 34.063216727958476, "channel2": 32.0, "dropout": 0.0, "lr": 0.001, "lstm_proj_dim": 107.49385552400008, "proj_dim": 128.0, "wd": 1e-06}, "datetime": {"datetime": "2024-05-10 08:52:59", "elapsed": 28245.059863, "delta": 141.99713}}
{"target": 93.89, "params": {"channel1": 34.27726373379083, "channel2": 17.541559488305097, "dropout": 0.1081000221341796, "lr": 0.0003555378587813577, "lstm_proj_dim": 70.86224786867243, "proj_dim": 126.75914898771731, "wd": 9.388136122650378e-05}, "datetime": {"datetime": "2024-05-10 08:55:19", "elapsed": 28385.326786, "delta": 140.266923}}
{"target": 0.0, "params": {"channel1": 102.60685735618235, "channel2": 4.0, "dropout": 0.3, "lr": 0.001, "lstm_proj_dim": 32.0, "proj_dim": 102.70149176330887, "wd": 0.0001}, "datetime": {"datetime": "2024-05-10 08:55:27", "elapsed": 28393.296641, "delta": 7.969855}}
{"target": 91.95, "params": {"channel1": 71.29459724262938, "channel2": 4.0, "dropout": 0.0, "lr": 1e-05, "lstm_proj_dim": 44.97011147219585, "proj_dim": 83.76638864815519, "wd": 1e-06}, "datetime": {"datetime": "2024-05-10 08:58:35", "elapsed": 28581.956809, "delta": 188.660168}}
{"target": 93.69, "params": {"channel1": 30.555980516874442, "channel2": 5.445068331209437, "dropout": 0.20307206242806863, "lr": 0.0006601738686372222, "lstm_proj_dim": 43.34900787557014, "proj_dim": 47.662305973681015, "wd": 3.113454382383183e-05}, "datetime": {"datetime": "2024-05-10 09:00:41", "elapsed": 28707.881032, "delta": 125.924223}}
{"target": 90.15, "params": {"channel1": 34.22566514022743, "channel2": 32.0, "dropout": 0.0, "lr": 1e-05, "lstm_proj_dim": 58.52587636477376, "proj_dim": 107.85002286509813, "wd": 0.0001}, "datetime": {"datetime": "2024-05-10 09:02:59", "elapsed": 28844.981091, "delta": 137.100059}}
{"target": 93.83, "params": {"channel1": 58.25986663222786, "channel2": 32.0, "dropout": 0.3, "lr": 0.001, "lstm_proj_dim": 32.0, "proj_dim": 51.071855678385816, "wd": 0.0001}, "datetime": {"datetime": "2024-05-10 09:05:51", "elapsed": 29017.713585, "delta": 172.732494}}
{"target": 94.02, "params": {"channel1": 31.115024842228642, "channel2": 23.107180404713304, "dropout": 0.0, "lr": 0.001, "lstm_proj_dim": 78.85184167311164, "proj_dim": 32.0, "wd": 0.0001}, "datetime": {"datetime": "2024-05-10 09:08:03", "elapsed": 29149.099373, "delta": 131.385788}}
{"target": 90.89, "params": {"channel1": 79.98085881221986, "channel2": 22.232885835456297, "dropout": 0.0, "lr": 1e-05, "lstm_proj_dim": 109.85821439758433, "proj_dim": 32.0, "wd": 0.0001}, "datetime": {"datetime": "2024-05-10 09:11:22", "elapsed": 29348.141032, "delta": 199.041659}}
