{"target": 93.93, "params": {"channel1": 62.706464526688286, "channel2": 24.169085816380427, "dropout": 3.431244520346599e-05, "lr": 0.0003093092469055214, "lstm_proj_dim": 46.08856551844285, "proj_dim": 40.86450509780459, "wd": 1.943976092638942e-05}, "datetime": {"datetime": "2024-05-10 01:02:14", "elapsed": 0.0, "delta": 0.0}}
{"target": 94.01, "params": {"channel1": 54.702801428821346, "channel2": 15.109489278458758, "dropout": 0.16164502020100707, "lr": 0.00042500256925926186, "lstm_proj_dim": 97.78107203808891, "proj_dim": 51.62741597422567, "wd": 8.79336262027036e-05}, "datetime": {"datetime": "2024-05-10 01:04:54", "elapsed": 160.336217, "delta": 160.336217}}
{"target": 93.84, "params": {"channel1": 19.06741043816773, "channel2": 22.773090284995263, "dropout": 0.12519144071013807, "lr": 0.0005631029301612941, "lstm_proj_dim": 45.47714610514244, "proj_dim": 51.01774295214837, "wd": 8.027371229887813e-05}, "datetime": {"datetime": "2024-05-10 01:06:51", "elapsed": 277.956151, "delta": 117.619934}}
{"target": 0.0, "params": {"channel1": 124.44529648057252, "channel2": 12.7758769884588, "dropout": 0.20769678470079422, "lr": 0.000877625260773078, "lstm_proj_dim": 117.88223969636934, "proj_dim": 40.164244291498676, "wd": 4.8664235400553536e-06}, "datetime": {"datetime": "2024-05-10 01:06:57", "elapsed": 283.219721, "delta": 5.26357}}
{"target": 93.9, "params": {"channel1": 35.021006991231715, "channel2": 28.587990096023567, "dropout": 0.02950405014991503, "lr": 0.0004268965487550017, "lstm_proj_dim": 123.95739489444819, "proj_dim": 83.18386735740964, "wd": 6.949583428109687e-05}, "datetime": {"datetime": "2024-05-10 01:10:27", "elapsed": 493.930701, "delta": 210.71098}}
{"target": 92.51, "params": {"channel1": 51.33775067267905, "channel2": 23.222025975084343, "dropout": 0.25038770156921186, "lr": 2.810539457074989e-05, "lstm_proj_dim": 104.01385423471687, "proj_dim": 126.9306645350235, "wd": 7.50683997836041e-05}, "datetime": {"datetime": "2024-05-10 01:15:18", "elapsed": 784.64969, "delta": 290.718989}}
{"target": 93.99, "params": {"channel1": 47.40972711121338, "channel2": 26.099821196641678, "dropout": 0.030967801973292606, "lr": 0.00045341459091414614, "lstm_proj_dim": 119.22516829693717, "proj_dim": 60.186958243873235, "wd": 2.9489758520048528e-05}, "datetime": {"datetime": "2024-05-10 01:17:58", "elapsed": 944.423967, "delta": 159.774277}}
{"target": 93.07, "params": {"channel1": 30.5632000772471, "channel2": 4.542274820368318, "dropout": 0.2036506598819673, "lr": 0.00021951183484005844, "lstm_proj_dim": 57.492479299733716, "proj_dim": 79.19102329091248, "wd": 6.282891966590958e-06}, "datetime": {"datetime": "2024-05-10 01:20:10", "elapsed": 1076.739576, "delta": 132.315609}}
{"target": 94.08, "params": {"channel1": 80.30117181510546, "channel2": 8.108400097362685, "dropout": 0.17679166107098526, "lr": 0.0007027607764207219, "lstm_proj_dim": 41.82410516747128, "proj_dim": 71.74937483067856, "wd": 6.974561561504676e-05}, "datetime": {"datetime": "2024-05-10 01:23:22", "elapsed": 1268.514855, "delta": 191.775279}}
{"target": 93.95, "params": {"channel1": 62.38807818701309, "channel2": 5.39869685049044, "dropout": 0.16076892177465346, "lr": 0.0006671566987675909, "lstm_proj_dim": 81.42935475759762, "proj_dim": 122.68109657511808, "wd": 5.90689490096973e-05}, "datetime": {"datetime": "2024-05-10 01:26:25", "elapsed": 1451.700828, "delta": 183.185973}}
{"target": 0.0, "params": {"channel1": 117.18101451224295, "channel2": 7.849291716094651, "dropout": 0.041782904175227564, "lr": 0.0008093173758224286, "lstm_proj_dim": 70.17697635061123, "proj_dim": 47.87400292322555, "wd": 9.282334945920736e-05}, "datetime": {"datetime": "2024-05-10 01:26:34", "elapsed": 1460.935205, "delta": 9.234377}}
{"target": 94.03, "params": {"channel1": 54.94977629149673, "channel2": 25.022738887812356, "dropout": 0.21779939560513542, "lr": 0.0008844730302937518, "lstm_proj_dim": 91.87253187733845, "proj_dim": 104.09047366662438, "wd": 3.554093585580641e-05}, "datetime": {"datetime": "2024-05-10 01:29:23", "elapsed": 1629.514807, "delta": 168.579602}}
{"target": 94.07, "params": {"channel1": 46.23192387768292, "channel2": 29.084814109489873, "dropout": 0.12842735696138846, "lr": 0.0009651916466769017, "lstm_proj_dim": 95.69038379057102, "proj_dim": 91.6827891400757, "wd": 1.2359851322384144e-05}, "datetime": {"datetime": "2024-05-10 01:31:58", "elapsed": 1784.824485, "delta": 155.309678}}
{"target": 0.0, "params": {"channel1": 122.34279697519197, "channel2": 16.597539737438336, "dropout": 0.1735168843161395, "lr": 0.00041405543473366837, "lstm_proj_dim": 54.754590103330656, "proj_dim": 118.72443397397636, "wd": 5.77942691805563e-05}, "datetime": {"datetime": "2024-05-10 01:32:04", "elapsed": 1790.82601, "delta": 6.001525}}
{"target": 93.81, "params": {"channel1": 16.321476627489805, "channel2": 21.28005758138027, "dropout": 0.09799347053162884, "lr": 0.0005317875212350333, "lstm_proj_dim": 117.05044153383434, "proj_dim": 66.29789696023998, "wd": 9.094497994106013e-05}, "datetime": {"datetime": "2024-05-10 01:33:51", "elapsed": 1897.035715, "delta": 106.209705}}
{"target": 93.69, "params": {"channel1": 85.8163329686819, "channel2": 4.442994799703576, "dropout": 0.27883117012312836, "lr": 0.0006939879483417547, "lstm_proj_dim": 127.74299364334213, "proj_dim": 48.54468880115154, "wd": 1.45764392132589e-05}, "datetime": {"datetime": "2024-05-10 01:35:36", "elapsed": 2002.395085, "delta": 105.35937}}
{"target": 0.0, "params": {"channel1": 120.45069186016232, "channel2": 23.510908521717205, "dropout": 0.019800051816618747, "lr": 0.0007579084220764418, "lstm_proj_dim": 104.37211409227965, "proj_dim": 120.6103554124624, "wd": 7.14409511042187e-05}, "datetime": {"datetime": "2024-05-10 01:35:42", "elapsed": 2008.335015, "delta": 5.93993}}
{"target": 91.46, "params": {"channel1": 29.918347740882446, "channel2": 4.5566437475142765, "dropout": 0.007863296063315784, "lr": 3.802342314058666e-05, "lstm_proj_dim": 55.6362624898924, "proj_dim": 114.56268307355725, "wd": 5.434427536982363e-05}, "datetime": {"datetime": "2024-05-10 01:37:46", "elapsed": 2131.989243, "delta": 123.654228}}
{"target": 94.02, "params": {"channel1": 77.91606161280578, "channel2": 27.57686498606896, "dropout": 0.03725199453597334, "lr": 0.00028639184222102815, "lstm_proj_dim": 88.23289005999564, "proj_dim": 125.08119183868875, "wd": 5.6541991706315286e-05}, "datetime": {"datetime": "2024-05-10 01:40:16", "elapsed": 2282.151317, "delta": 150.162074}}
{"target": 93.81, "params": {"channel1": 18.08849640976962, "channel2": 26.417714835057257, "dropout": 0.06989228215230613, "lr": 0.0008090341436625914, "lstm_proj_dim": 69.23462183016049, "proj_dim": 114.90001803770515, "wd": 7.496504263098128e-05}, "datetime": {"datetime": "2024-05-10 01:42:14", "elapsed": 2400.426562, "delta": 118.275245}}
{"target": 93.56, "params": {"channel1": 78.29890620692692, "channel2": 7.820746318499181, "dropout": 0.017975306853663497, "lr": 0.00013013002118332997, "lstm_proj_dim": 36.27698034029713, "proj_dim": 42.31943639418492, "wd": 2.3345224522177618e-05}, "datetime": {"datetime": "2024-05-10 01:45:28", "elapsed": 2594.932959, "delta": 194.506397}}
{"target": 91.03, "params": {"channel1": 95.85476580285979, "channel2": 19.67207549751599, "dropout": 0.0037667940477347558, "lr": 8.12545368925919e-05, "lstm_proj_dim": 124.85852768002611, "proj_dim": 86.53764434431444, "wd": 2.1126030231438057e-05}, "datetime": {"datetime": "2024-05-10 01:46:14", "elapsed": 2640.365612, "delta": 45.432653}}
{"target": 93.9, "params": {"channel1": 44.26048339187622, "channel2": 24.827123914102604, "dropout": 0.05862884433279564, "lr": 0.0005855453380005252, "lstm_proj_dim": 125.12191895247798, "proj_dim": 113.29556494304339, "wd": 2.4744928155611032e-05}, "datetime": {"datetime": "2024-05-10 01:48:44", "elapsed": 2790.531917, "delta": 150.166305}}
{"target": 93.68, "params": {"channel1": 71.30220799809776, "channel2": 21.35876011467863, "dropout": 0.2486942698650536, "lr": 0.00016522348069962343, "lstm_proj_dim": 33.78331540903132, "proj_dim": 38.722125797045344, "wd": 4.914816598276615e-05}, "datetime": {"datetime": "2024-05-10 01:51:54", "elapsed": 2980.353686, "delta": 189.821769}}
{"target": 94.13, "params": {"channel1": 83.908899705173, "channel2": 19.927840238421478, "dropout": 0.09520872279664823, "lr": 0.0009887299928683245, "lstm_proj_dim": 87.6555410475965, "proj_dim": 68.49355257186085, "wd": 5.5543873692671785e-05}, "datetime": {"datetime": "2024-05-10 01:54:36", "elapsed": 3142.190049, "delta": 161.836363}}
{"target": 93.07, "params": {"channel1": 99.47745626152823, "channel2": 22.73852101668917, "dropout": 0.07947586729884282, "lr": 7.567148608415715e-05, "lstm_proj_dim": 67.5280829997542, "proj_dim": 92.45288067407019, "wd": 2.1807226981569123e-05}, "datetime": {"datetime": "2024-05-10 01:55:30", "elapsed": 3196.663188, "delta": 54.473139}}
{"target": 92.88, "params": {"channel1": 100.30862201874716, "channel2": 5.863021477915218, "dropout": 0.07809452957356229, "lr": 0.000806707018105912, "lstm_proj_dim": 50.56969113183946, "proj_dim": 93.38824456447425, "wd": 5.2942360603249635e-05}, "datetime": {"datetime": "2024-05-10 01:56:11", "elapsed": 3237.760514, "delta": 41.097326}}
{"target": 0.0, "params": {"channel1": 119.57849268472728, "channel2": 11.372309573639107, "dropout": 0.019788327205207134, "lr": 0.0007377153036557828, "lstm_proj_dim": 106.12909083615169, "proj_dim": 119.15032184033831, "wd": 9.32652348504869e-05}, "datetime": {"datetime": "2024-05-10 01:56:17", "elapsed": 3243.726378, "delta": 5.965864}}
{"target": 93.57, "params": {"channel1": 17.562576173266866, "channel2": 10.562138411399774, "dropout": 0.1850335071004973, "lr": 0.0009495261574807403, "lstm_proj_dim": 123.21690744771965, "proj_dim": 85.43870606673502, "wd": 9.164502862686118e-05}, "datetime": {"datetime": "2024-05-10 01:58:07", "elapsed": 3353.249648, "delta": 109.52327}}
{"target": 93.42, "params": {"channel1": 87.8554154019898, "channel2": 14.920215995954894, "dropout": 0.1457972001290729, "lr": 0.0006082673780907735, "lstm_proj_dim": 84.75660046482201, "proj_dim": 120.91341696381954, "wd": 9.195461012772701e-05}, "datetime": {"datetime": "2024-05-10 01:59:07", "elapsed": 3413.813147, "delta": 60.563499}}
{"target": 93.72, "params": {"channel1": 60.22606864743815, "channel2": 30.97135079633993, "dropout": 0.05218670000413931, "lr": 0.00013506622424524096, "lstm_proj_dim": 44.9675991724862, "proj_dim": 80.54356790498208, "wd": 3.1309557221456e-06}, "datetime": {"datetime": "2024-05-10 02:02:00", "elapsed": 3586.299075, "delta": 172.485928}}
{"target": 0.0, "params": {"channel1": 122.17266365638027, "channel2": 27.15923319278051, "dropout": 0.004505694222636713, "lr": 0.0001844342930193047, "lstm_proj_dim": 63.87810313921635, "proj_dim": 44.57569710184802, "wd": 8.113957852053163e-05}, "datetime": {"datetime": "2024-05-10 02:02:06", "elapsed": 3592.226987, "delta": 5.927912}}
{"target": 94.0, "params": {"channel1": 54.61050510052887, "channel2": 30.32300950533428, "dropout": 0.17460425398412402, "lr": 0.0008800436645677257, "lstm_proj_dim": 113.0945067576533, "proj_dim": 118.91766259603033, "wd": 4.652814631586389e-05}, "datetime": {"datetime": "2024-05-10 02:04:49", "elapsed": 3755.937075, "delta": 163.710088}}
{"target": 94.12, "params": {"channel1": 77.19084339428181, "channel2": 26.360900552257103, "dropout": 0.08571565552024427, "lr": 0.0004953509873937284, "lstm_proj_dim": 89.51458953400433, "proj_dim": 33.49119445288023, "wd": 5.9754659411467085e-05}, "datetime": {"datetime": "2024-05-10 02:08:07", "elapsed": 3953.113412, "delta": 197.176337}}
{"target": 93.95, "params": {"channel1": 64.57175108681932, "channel2": 26.60609480877556, "dropout": 0.09457344092861188, "lr": 0.0008939598214398999, "lstm_proj_dim": 87.47429266731541, "proj_dim": 49.66497935623664, "wd": 7.900499414872492e-05}, "datetime": {"datetime": "2024-05-10 02:10:59", "elapsed": 4125.321721, "delta": 172.208309}}
{"target": 93.61, "params": {"channel1": 84.5474918290326, "channel2": 5.509459618065083, "dropout": 0.12605810400033965, "lr": 0.0006822781481997753, "lstm_proj_dim": 120.18577068584248, "proj_dim": 32.038594389570314, "wd": 9.769915575407491e-05}, "datetime": {"datetime": "2024-05-10 02:12:43", "elapsed": 4228.977377, "delta": 103.655656}}
{"target": 94.0, "params": {"channel1": 58.17699525152674, "channel2": 31.26593907403303, "dropout": 0.18141483029221592, "lr": 0.000830557349900886, "lstm_proj_dim": 87.17230445197782, "proj_dim": 92.29531503750565, "wd": 2.92720518878737e-05}, "datetime": {"datetime": "2024-05-10 02:15:36", "elapsed": 4402.435841, "delta": 173.458464}}
{"target": 93.99, "params": {"channel1": 81.72533415348128, "channel2": 25.00060938367448, "dropout": 0.2574941509287127, "lr": 0.0007575313665830034, "lstm_proj_dim": 99.01349585094108, "proj_dim": 114.99002528524159, "wd": 3.2945418686837896e-05}, "datetime": {"datetime": "2024-05-10 02:18:58", "elapsed": 4604.691213, "delta": 202.255372}}
{"target": 93.45, "params": {"channel1": 91.12834456820977, "channel2": 16.624470219573777, "dropout": 0.11463082560945516, "lr": 0.00041670323642296376, "lstm_proj_dim": 70.5420400130759, "proj_dim": 62.46885881199458, "wd": 6.257001742410985e-05}, "datetime": {"datetime": "2024-05-10 02:19:41", "elapsed": 4647.829737, "delta": 43.138524}}
{"target": 93.84, "params": {"channel1": 64.1876943319816, "channel2": 31.266458181963063, "dropout": 0.20334026743029332, "lr": 0.00020658418954283976, "lstm_proj_dim": 72.96329689741114, "proj_dim": 64.96123901834461, "wd": 7.99662415918981e-05}, "datetime": {"datetime": "2024-05-10 02:22:35", "elapsed": 4821.406199, "delta": 173.576462}}
{"target": 0.0, "params": {"channel1": 114.55980831910436, "channel2": 29.307574763138415, "dropout": 0.19881594371257866, "lr": 0.0002775061794094602, "lstm_proj_dim": 56.22720334444061, "proj_dim": 114.07020249895064, "wd": 5.324374998456592e-05}, "datetime": {"datetime": "2024-05-10 02:22:42", "elapsed": 4828.947067, "delta": 7.540868}}
{"target": 0.0, "params": {"channel1": 105.84204140851499, "channel2": 20.029678481364975, "dropout": 0.21994275758625334, "lr": 0.0005238215111894153, "lstm_proj_dim": 106.00485540818124, "proj_dim": 86.61036710765269, "wd": 4.710527798060611e-05}, "datetime": {"datetime": "2024-05-10 02:22:53", "elapsed": 4839.040428, "delta": 10.093361}}
{"target": 93.47, "params": {"channel1": 54.38115769076756, "channel2": 5.909861755667715, "dropout": 0.11337725379842994, "lr": 8.882981692126983e-05, "lstm_proj_dim": 126.35044291812272, "proj_dim": 49.43483372775332, "wd": 8.137401107433344e-05}, "datetime": {"datetime": "2024-05-10 02:25:34", "elapsed": 5000.312851, "delta": 161.272423}}
{"target": 0.0, "params": {"channel1": 113.99570423506059, "channel2": 23.275571066806414, "dropout": 0.1708483238236127, "lr": 0.00016936172244745267, "lstm_proj_dim": 76.8204821852774, "proj_dim": 65.13651691090064, "wd": 2.3278955823594375e-05}, "datetime": {"datetime": "2024-05-10 02:25:41", "elapsed": 5007.004617, "delta": 6.691766}}
{"target": 93.55, "params": {"channel1": 82.36132930176923, "channel2": 12.743555455653675, "dropout": 0.2748916660405052, "lr": 0.0009105391697020415, "lstm_proj_dim": 56.68335620309084, "proj_dim": 42.6455648714268, "wd": 2.0103310469892173e-05}, "datetime": {"datetime": "2024-05-10 02:27:05", "elapsed": 5091.76639, "delta": 84.761773}}
{"target": 93.98, "params": {"channel1": 71.95342711603524, "channel2": 24.400398703288694, "dropout": 0.06245833152263744, "lr": 0.00025555322279345843, "lstm_proj_dim": 113.76049999389123, "proj_dim": 71.92147695368263, "wd": 6.205182164836838e-05}, "datetime": {"datetime": "2024-05-10 02:30:16", "elapsed": 5282.399297, "delta": 190.632907}}
{"target": 93.92, "params": {"channel1": 42.17060759479601, "channel2": 6.855083263922328, "dropout": 0.15475710509055893, "lr": 0.0004823695771792846, "lstm_proj_dim": 46.65647783294367, "proj_dim": 91.69339824707988, "wd": 5.4857001762579876e-05}, "datetime": {"datetime": "2024-05-10 02:32:39", "elapsed": 5425.737102, "delta": 143.337805}}
{"target": 92.39, "params": {"channel1": 89.26338286072337, "channel2": 8.047275123490476, "dropout": 0.22545834514057314, "lr": 0.00022982864840192347, "lstm_proj_dim": 81.85777513913916, "proj_dim": 107.38841870927541, "wd": 3.210712371188812e-06}, "datetime": {"datetime": "2024-05-10 02:33:12", "elapsed": 5458.749747, "delta": 33.012645}}
{"target": 93.99, "params": {"channel1": 52.32859548933288, "channel2": 28.44182653920311, "dropout": 0.25341288228062087, "lr": 0.0005430561866685983, "lstm_proj_dim": 115.19439431998525, "proj_dim": 123.18137516994815, "wd": 8.28142927653048e-05}, "datetime": {"datetime": "2024-05-10 02:35:54", "elapsed": 5620.319853, "delta": 161.570106}}
{"target": 0.0, "params": {"channel1": 111.66092970969234, "channel2": 6.764815250969754, "dropout": 0.19539129970229732, "lr": 0.0007064818182711264, "lstm_proj_dim": 90.58311801407645, "proj_dim": 108.76306512665869, "wd": 4.4225507672917915e-06}, "datetime": {"datetime": "2024-05-10 02:36:05", "elapsed": 5631.371657, "delta": 11.051804}}
{"target": 90.28, "params": {"channel1": 72.3927388849961, "channel2": 4.0, "dropout": 0.0, "lr": 1e-05, "lstm_proj_dim": 128.0, "proj_dim": 101.36018024796185, "wd": 0.0001}, "datetime": {"datetime": "2024-05-10 02:39:09", "elapsed": 5815.276019, "delta": 183.904362}}
{"target": 77.18, "params": {"channel1": 16.0, "channel2": 4.0, "dropout": 0.0, "lr": 1e-05, "lstm_proj_dim": 81.21646821553946, "proj_dim": 32.0, "wd": 1e-06}, "datetime": {"datetime": "2024-05-10 02:40:56", "elapsed": 5922.590647, "delta": 107.314628}}
{"target": 93.7, "params": {"channel1": 16.0, "channel2": 32.0, "dropout": 0.3, "lr": 0.001, "lstm_proj_dim": 32.0, "proj_dim": 128.0, "wd": 0.0001}, "datetime": {"datetime": "2024-05-10 02:42:45", "elapsed": 6031.945462, "delta": 109.354815}}
{"target": 90.68, "params": {"channel1": 77.15303047880084, "channel2": 13.63409871056202, "dropout": 0.0, "lr": 1e-05, "lstm_proj_dim": 63.595550925624856, "proj_dim": 91.74478986321319, "wd": 1e-06}, "datetime": {"datetime": "2024-05-10 02:44:19", "elapsed": 6125.100378, "delta": 93.154916}}
{"target": 93.81, "params": {"channel1": 16.0, "channel2": 32.0, "dropout": 0.0, "lr": 0.001, "lstm_proj_dim": 32.0, "proj_dim": 86.49737843362693, "wd": 0.0001}, "datetime": {"datetime": "2024-05-10 02:46:06", "elapsed": 6232.126467, "delta": 107.026089}}
{"target": 86.79, "params": {"channel1": 16.0, "channel2": 32.0, "dropout": 0.3, "lr": 1e-05, "lstm_proj_dim": 128.0, "proj_dim": 32.0, "wd": 1e-06}, "datetime": {"datetime": "2024-05-10 02:47:53", "elapsed": 6338.961016, "delta": 106.834549}}
{"target": 88.57, "params": {"channel1": 32.94377668363732, "channel2": 4.0, "dropout": 0.3, "lr": 1e-05, "lstm_proj_dim": 32.0, "proj_dim": 32.0, "wd": 0.0001}, "datetime": {"datetime": "2024-05-10 02:49:58", "elapsed": 6464.89887, "delta": 125.937854}}
{"target": 87.4, "params": {"channel1": 16.0, "channel2": 4.0, "dropout": 0.0, "lr": 1e-05, "lstm_proj_dim": 128.0, "proj_dim": 128.0, "wd": 1e-06}, "datetime": {"datetime": "2024-05-10 02:51:40", "elapsed": 6566.325289, "delta": 101.426419}}
{"target": 93.9, "params": {"channel1": 68.52065484208507, "channel2": 32.0, "dropout": 0.3, "lr": 0.001, "lstm_proj_dim": 128.0, "proj_dim": 32.0, "wd": 1e-06}, "datetime": {"datetime": "2024-05-10 02:54:47", "elapsed": 6753.369968, "delta": 187.044679}}
{"target": 91.74, "params": {"channel1": 54.47878093013898, "channel2": 32.0, "dropout": 0.3, "lr": 1e-05, "lstm_proj_dim": 32.0, "proj_dim": 128.0, "wd": 1e-06}, "datetime": {"datetime": "2024-05-10 02:57:34", "elapsed": 6920.534804, "delta": 167.164836}}
{"target": 93.77, "params": {"channel1": 16.079529751297407, "channel2": 31.874450430940666, "dropout": 0.25860377084307323, "lr": 0.0007859751126461912, "lstm_proj_dim": 100.56923539360245, "proj_dim": 127.07030098097971, "wd": 7.111912760276292e-05}, "datetime": {"datetime": "2024-05-10 02:59:24", "elapsed": 7030.05879, "delta": 109.523986}}
{"target": 93.8, "params": {"channel1": 16.0, "channel2": 32.0, "dropout": 0.0, "lr": 0.001, "lstm_proj_dim": 78.30854496211055, "proj_dim": 74.45003310058047, "wd": 1e-06}, "datetime": {"datetime": "2024-05-10 03:01:09", "elapsed": 7135.09453, "delta": 105.03574}}
{"target": 93.92, "params": {"channel1": 66.62981240022951, "channel2": 4.0, "dropout": 0.3, "lr": 0.001, "lstm_proj_dim": 32.0, "proj_dim": 128.0, "wd": 0.0001}, "datetime": {"datetime": "2024-05-10 03:04:11", "elapsed": 7317.080875, "delta": 181.986345}}
{"target": 83.28, "params": {"channel1": 16.0, "channel2": 4.0, "dropout": 0.3, "lr": 1e-05, "lstm_proj_dim": 32.0, "proj_dim": 98.34391350371277, "wd": 1e-06}, "datetime": {"datetime": "2024-05-10 03:05:56", "elapsed": 7422.235543, "delta": 105.154668}}
{"target": 94.16, "params": {"channel1": 76.14636349579163, "channel2": 29.91177924779561, "dropout": 0.21922762825588027, "lr": 0.0008035818234629934, "lstm_proj_dim": 127.10345541336619, "proj_dim": 89.32807128744936, "wd": 3.7654231507806526e-05}, "datetime": {"datetime": "2024-05-10 03:09:09", "elapsed": 7615.381861, "delta": 193.146318}}
{"target": 86.83, "params": {"channel1": 16.0, "channel2": 4.0, "dropout": 0.0, "lr": 1e-05, "lstm_proj_dim": 92.17761971993161, "proj_dim": 101.4060347623338, "wd": 0.0001}, "datetime": {"datetime": "2024-05-10 03:10:54", "elapsed": 7720.817071, "delta": 105.43521}}
{"target": 94.02, "params": {"channel1": 62.92986119108552, "channel2": 4.0, "dropout": 0.0, "lr": 0.001, "lstm_proj_dim": 77.3969392387777, "proj_dim": 32.0, "wd": 1e-06}, "datetime": {"datetime": "2024-05-10 03:13:47", "elapsed": 7893.236079, "delta": 172.419008}}
{"target": 86.13, "params": {"channel1": 16.0, "channel2": 32.0, "dropout": 0.0, "lr": 1e-05, "lstm_proj_dim": 128.0, "proj_dim": 108.18679112101621, "wd": 0.0001}, "datetime": {"datetime": "2024-05-10 03:15:35", "elapsed": 8001.845067, "delta": 108.608988}}
