{"target": 93.85, "params": {"channel1": 16.0, "channel2": 26.538890609187085, "dropout": 0.0, "lr": 0.001, "lstm_proj_dim": 32.0, "proj_dim": 107.1097669676855, "wd": 0.0001}, "datetime": {"datetime": "2024-05-10 09:13:07", "elapsed": 29453.427105, "delta": 105.286073}}
{"target": 85.78, "params": {"channel1": 16.0, "channel2": 32.0, "dropout": 0.0, "lr": 1e-05, "lstm_proj_dim": 100.04359048366052, "proj_dim": 67.28020152102432, "wd": 0.0001}, "datetime": {"datetime": "2024-05-10 09:14:56", "elapsed": 29562.848434, "delta": 109.421329}}
{"target": 93.8, "params": {"channel1": 21.07783759097135, "channel2": 31.896212289510547, "dropout": 0.2614540084594394, "lr": 0.0008147669489570227, "lstm_proj_dim": 69.40020549948464, "proj_dim": 127.35073075330625, "wd": 1.2067442357187328e-05}, "datetime": {"datetime": "2024-05-10 09:16:58", "elapsed": 29684.316501, "delta": 121.468067}}
{"target": 93.98, "params": {"channel1": 64.45319736099007, "channel2": 4.0, "dropout": 0.3, "lr": 0.001, "lstm_proj_dim": 75.03372381765601, "proj_dim": 87.4888572513348, "wd": 0.0001}, "datetime": {"datetime": "2024-05-10 09:19:47", "elapsed": 29853.836702, "delta": 169.520201}}
{"target": 93.49, "params": {"channel1": 19.78644511739971, "channel2": 20.93688806687512, "dropout": 0.02543235847937256, "lr": 0.00031011325102731026, "lstm_proj_dim": 114.26073022610572, "proj_dim": 127.44451739765927, "wd": 9.640847997796697e-05}, "datetime": {"datetime": "2024-05-10 09:21:38", "elapsed": 29964.022876, "delta": 110.186174}}
{"target": 93.94, "params": {"channel1": 65.93380062992262, "channel2": 14.682513485428396, "dropout": 0.3, "lr": 0.001, "lstm_proj_dim": 68.51089655170291, "proj_dim": 128.0, "wd": 0.0001}, "datetime": {"datetime": "2024-05-10 09:24:39", "elapsed": 30145.624633, "delta": 181.601757}}
{"target": 93.81, "params": {"channel1": 16.0, "channel2": 4.0, "dropout": 0.0, "lr": 0.001, "lstm_proj_dim": 44.49487997011202, "proj_dim": 78.45030387138591, "wd": 1e-06}, "datetime": {"datetime": "2024-05-10 09:26:25", "elapsed": 30251.506607, "delta": 105.881974}}
{"target": 90.27, "params": {"channel1": 61.31032303729362, "channel2": 32.0, "dropout": 0.0, "lr": 1e-05, "lstm_proj_dim": 128.0, "proj_dim": 128.0, "wd": 1e-06}, "datetime": {"datetime": "2024-05-10 09:29:21", "elapsed": 30427.279978, "delta": 175.773371}}
{"target": 93.92, "params": {"channel1": 16.0, "channel2": 22.4228030390596, "dropout": 0.3, "lr": 0.001, "lstm_proj_dim": 104.54109159142037, "proj_dim": 32.0, "wd": 0.0001}, "datetime": {"datetime": "2024-05-10 09:31:14", "elapsed": 30540.453851, "delta": 113.173873}}
{"target": 93.89, "params": {"channel1": 32.44560532580547, "channel2": 15.318648537902185, "dropout": 0.0, "lr": 0.001, "lstm_proj_dim": 128.0, "proj_dim": 70.13084812229276, "wd": 1e-06}, "datetime": {"datetime": "2024-05-10 09:33:21", "elapsed": 30667.215471, "delta": 126.76162}}
{"target": 91.35, "params": {"channel1": 86.23173206669787, "channel2": 15.318621670456075, "dropout": 0.0, "lr": 1e-05, "lstm_proj_dim": 77.61606519157543, "proj_dim": 89.65236329576517, "wd": 1e-06}, "datetime": {"datetime": "2024-05-10 09:36:46", "elapsed": 30872.311212, "delta": 205.095741}}
{"target": 90.91, "params": {"channel1": 37.841021464140965, "channel2": 32.0, "dropout": 0.3, "lr": 1e-05, "lstm_proj_dim": 112.54339583146623, "proj_dim": 102.6519341443393, "wd": 0.0001}, "datetime": {"datetime": "2024-05-10 09:39:07", "elapsed": 31013.176968, "delta": 140.865756}}
{"target": 89.69, "params": {"channel1": 45.091384891149836, "channel2": 4.0, "dropout": 0.3, "lr": 1e-05, "lstm_proj_dim": 49.50581492215869, "proj_dim": 32.0, "wd": 0.0001}, "datetime": {"datetime": "2024-05-10 09:41:35", "elapsed": 31161.747293, "delta": 148.570325}}
{"target": 94.08, "params": {"channel1": 50.082676107015374, "channel2": 18.89820212745392, "dropout": 0.0, "lr": 0.001, "lstm_proj_dim": 112.64119842383016, "proj_dim": 77.80859069016807, "wd": 0.0001}, "datetime": {"datetime": "2024-05-10 09:44:16", "elapsed": 31322.726897, "delta": 160.979604}}
{"target": 91.36, "params": {"channel1": 56.877577103895256, "channel2": 32.0, "dropout": 0.3, "lr": 1e-05, "lstm_proj_dim": 128.0, "proj_dim": 46.62054225193109, "wd": 0.0001}, "datetime": {"datetime": "2024-05-10 09:47:02", "elapsed": 31488.869088, "delta": 166.142191}}
{"target": 88.78, "params": {"channel1": 34.52851805508598, "channel2": 17.706836380583486, "dropout": 0.0, "lr": 1e-05, "lstm_proj_dim": 91.27660453820333, "proj_dim": 49.61548750879871, "wd": 1e-06}, "datetime": {"datetime": "2024-05-10 09:49:22", "elapsed": 31628.314586, "delta": 139.445498}}
{"target": 93.94, "params": {"channel1": 48.13823828617487, "channel2": 17.304083269851873, "dropout": 0.28617618791773863, "lr": 0.000781225608466243, "lstm_proj_dim": 60.49721006333518, "proj_dim": 85.30415239959214, "wd": 3.016479281562288e-06}, "datetime": {"datetime": "2024-05-10 09:51:51", "elapsed": 31777.286345, "delta": 148.971759}}
{"target": 93.82, "params": {"channel1": 28.197741834224047, "channel2": 18.992335245368622, "dropout": 0.3, "lr": 0.001, "lstm_proj_dim": 128.0, "proj_dim": 97.98382087799969, "wd": 1e-06}, "datetime": {"datetime": "2024-05-10 09:54:01", "elapsed": 31906.961613, "delta": 129.675268}}
{"target": 90.2, "params": {"channel1": 61.658934648680514, "channel2": 4.0, "dropout": 0.0, "lr": 1e-05, "lstm_proj_dim": 90.18982299683977, "proj_dim": 45.35075263041172, "wd": 0.0001}, "datetime": {"datetime": "2024-05-10 09:56:51", "elapsed": 32077.874692, "delta": 170.913079}}
{"target": 94.02, "params": {"channel1": 51.4741331697474, "channel2": 4.0, "dropout": 0.0, "lr": 0.001, "lstm_proj_dim": 93.32515210292027, "proj_dim": 96.57168979398267, "wd": 0.0001}, "datetime": {"datetime": "2024-05-10 09:59:34", "elapsed": 32240.054069, "delta": 162.179377}}
{"target": 85.59, "params": {"channel1": 33.163400545939446, "channel2": 16.727171705848644, "dropout": 0.3, "lr": 1e-05, "lstm_proj_dim": 86.06174579194692, "proj_dim": 112.56497349759059, "wd": 1e-06}, "datetime": {"datetime": "2024-05-10 10:01:49", "elapsed": 32375.533158, "delta": 135.479089}}
{"target": 93.98, "params": {"channel1": 16.0, "channel2": 32.0, "dropout": 0.0, "lr": 0.001, "lstm_proj_dim": 51.06328213080069, "proj_dim": 32.0, "wd": 0.0001}, "datetime": {"datetime": "2024-05-10 10:03:38", "elapsed": 32484.381381, "delta": 108.848223}}
{"target": 92.28, "params": {"channel1": 70.38969265042297, "channel2": 32.0, "dropout": 0.3, "lr": 1e-05, "lstm_proj_dim": 32.0, "proj_dim": 112.0838189732167, "wd": 0.0001}, "datetime": {"datetime": "2024-05-10 10:06:51", "elapsed": 32677.384773, "delta": 193.003392}}
{"target": 91.15, "params": {"channel1": 83.07818697373132, "channel2": 4.0, "dropout": 0.3, "lr": 1e-05, "lstm_proj_dim": 68.85647274309038, "proj_dim": 32.0, "wd": 1e-06}, "datetime": {"datetime": "2024-05-10 10:08:37", "elapsed": 32783.065537, "delta": 105.680764}}
{"target": 94.1, "params": {"channel1": 61.1760865617015, "channel2": 32.0, "dropout": 0.0, "lr": 0.001, "lstm_proj_dim": 54.335467402492625, "proj_dim": 58.491338539654215, "wd": 0.0001}, "datetime": {"datetime": "2024-05-10 10:11:32", "elapsed": 32958.523492, "delta": 175.457955}}
{"target": 93.98, "params": {"channel1": 62.07983242972766, "channel2": 17.42126554010362, "dropout": 0.21220214738650486, "lr": 0.0009880148845581593, "lstm_proj_dim": 108.25125154760454, "proj_dim": 93.23135603502665, "wd": 1.8452062667949703e-05}, "datetime": {"datetime": "2024-05-10 10:14:27", "elapsed": 33133.270875, "delta": 174.747383}}
{"target": 93.86, "params": {"channel1": 35.14828289223837, "channel2": 4.0, "dropout": 0.0, "lr": 0.001, "lstm_proj_dim": 128.0, "proj_dim": 48.97288369431274, "wd": 0.0001}, "datetime": {"datetime": "2024-05-10 10:16:43", "elapsed": 33269.621363, "delta": 136.350488}}
{"target": 93.93, "params": {"channel1": 53.666734809964865, "channel2": 4.0, "dropout": 0.0, "lr": 0.001, "lstm_proj_dim": 53.08932357397859, "proj_dim": 104.55170630118432, "wd": 0.0001}, "datetime": {"datetime": "2024-05-10 10:19:25", "elapsed": 33431.937783, "delta": 162.31642}}
{"target": 94.06, "params": {"channel1": 33.95975704864294, "channel2": 32.0, "dropout": 0.0, "lr": 0.001, "lstm_proj_dim": 32.0, "proj_dim": 128.0, "wd": 1e-06}, "datetime": {"datetime": "2024-05-10 10:21:43", "elapsed": 33569.298809, "delta": 137.361026}}
{"target": 94.09, "params": {"channel1": 39.141111959344336, "channel2": 32.0, "dropout": 0.0, "lr": 0.001, "lstm_proj_dim": 42.16361194329067, "proj_dim": 83.33621880476456, "wd": 0.0001}, "datetime": {"datetime": "2024-05-10 10:24:08", "elapsed": 33714.115571, "delta": 144.816762}}
{"target": 94.1, "params": {"channel1": 77.25592360174542, "channel2": 32.0, "dropout": 0.0, "lr": 0.001, "lstm_proj_dim": 61.998489579689945, "proj_dim": 68.45209604921459, "wd": 1e-06}, "datetime": {"datetime": "2024-05-10 10:27:27", "elapsed": 33913.138972, "delta": 199.023401}}
{"target": 92.09, "params": {"channel1": 89.72821664273653, "channel2": 31.96425997701546, "dropout": 0.11484262996294349, "lr": 5.148889337229488e-05, "lstm_proj_dim": 127.74715036986049, "proj_dim": 96.76894487128766, "wd": 5.3396945310689164e-05}, "datetime": {"datetime": "2024-05-10 10:28:21", "elapsed": 33967.644478, "delta": 54.505506}}
{"target": 94.0, "params": {"channel1": 64.06570753020065, "channel2": 4.195431178141898, "dropout": 0.03655804933622353, "lr": 0.0004928173995104016, "lstm_proj_dim": 32.44948954284828, "proj_dim": 101.59075383068767, "wd": 8.636239331745434e-05}, "datetime": {"datetime": "2024-05-10 10:31:11", "elapsed": 34137.687357, "delta": 170.042879}}
{"target": 94.09, "params": {"channel1": 60.084824789212504, "channel2": 31.786266043606865, "dropout": 0.13267595430985407, "lr": 0.0007138702575486126, "lstm_proj_dim": 69.04305284473571, "proj_dim": 41.80097719573517, "wd": 3.413650602377603e-05}, "datetime": {"datetime": "2024-05-10 10:34:06", "elapsed": 34312.817504, "delta": 175.130147}}
{"target": 90.67, "params": {"channel1": 29.299964662626238, "channel2": 23.869311779708386, "dropout": 0.0, "lr": 1e-05, "lstm_proj_dim": 62.681449622313515, "proj_dim": 43.498793570239506, "wd": 0.0001}, "datetime": {"datetime": "2024-05-10 10:36:13", "elapsed": 34439.086862, "delta": 126.269358}}
{"target": 93.66, "params": {"channel1": 16.4664536004185, "channel2": 30.611910278580314, "dropout": 0.15477634110572358, "lr": 0.0006938126443617386, "lstm_proj_dim": 89.4125240960065, "proj_dim": 35.17305085845318, "wd": 5.538477981847737e-05}, "datetime": {"datetime": "2024-05-10 10:37:59", "elapsed": 34545.028408, "delta": 105.941546}}
{"target": 93.75, "params": {"channel1": 16.0, "channel2": 4.0, "dropout": 0.0, "lr": 0.001, "lstm_proj_dim": 68.88969037947506, "proj_dim": 116.71678453336197, "wd": 0.0001}, "datetime": {"datetime": "2024-05-10 10:39:43", "elapsed": 34649.246079, "delta": 104.217671}}
{"target": 88.34, "params": {"channel1": 33.36991246845674, "channel2": 32.0, "dropout": 0.3, "lr": 1e-05, "lstm_proj_dim": 32.0, "proj_dim": 45.776978738570286, "wd": 1e-06}, "datetime": {"datetime": "2024-05-10 10:42:02", "elapsed": 34788.884633, "delta": 139.638554}}
{"target": 84.14, "params": {"channel1": 78.10156215646688, "channel2": 4.0, "dropout": 0.3, "lr": 1e-05, "lstm_proj_dim": 48.95559473275138, "proj_dim": 56.41300926994904, "wd": 0.0001}, "datetime": {"datetime": "2024-05-10 10:42:34", "elapsed": 34820.055811, "delta": 31.171178}}
{"target": 90.64, "params": {"channel1": 47.83692547021883, "channel2": 4.0, "dropout": 0.0, "lr": 1e-05, "lstm_proj_dim": 65.99146784718408, "proj_dim": 66.11792608229294, "wd": 0.0001}, "datetime": {"datetime": "2024-05-10 10:45:05", "elapsed": 34971.759439, "delta": 151.703628}}
{"target": 91.46, "params": {"channel1": 64.12918498745952, "channel2": 32.0, "dropout": 0.0, "lr": 1e-05, "lstm_proj_dim": 72.19904669138603, "proj_dim": 111.13423788875939, "wd": 1e-06}, "datetime": {"datetime": "2024-05-10 10:48:01", "elapsed": 35147.47709, "delta": 175.717651}}
