{"target": 94.19, "params": {"channel1": 62.706464526688286, "channel2": 24.169085816380427, "dropout": 3.431244520346599e-05, "lr": 0.0003093092469055214, "lstm_proj_dim": 46.08856551844285, "proj_dim": 40.86450509780459, "wd": 1.943976092638942e-05}, "datetime": {"datetime": "2024-05-10 12:40:59", "elapsed": 0.0, "delta": 0.0}}
{"target": 94.25, "params": {"channel1": 54.702801428821346, "channel2": 15.109489278458758, "dropout": 0.16164502020100707, "lr": 0.00042500256925926186, "lstm_proj_dim": 97.78107203808891, "proj_dim": 51.62741597422567, "wd": 8.79336262027036e-05}, "datetime": {"datetime": "2024-05-10 12:58:07", "elapsed": 1027.584295, "delta": 1027.584295}}
{"target": 94.15, "params": {"channel1": 19.06741043816773, "channel2": 22.773090284995263, "dropout": 0.12519144071013807, "lr": 0.0005631029301612941, "lstm_proj_dim": 45.47714610514244, "proj_dim": 51.01774295214837, "wd": 8.027371229887813e-05}, "datetime": {"datetime": "2024-05-10 13:09:38", "elapsed": 1718.326838, "delta": 690.742543}}
{"target": 0.0, "params": {"channel1": 124.44529648057252, "channel2": 12.7758769884588, "dropout": 0.20769678470079422, "lr": 0.000877625260773078, "lstm_proj_dim": 117.88223969636934, "proj_dim": 40.164244291498676, "wd": 4.8664235400553536e-06}, "datetime": {"datetime": "2024-05-10 13:09:43", "elapsed": 1723.523676, "delta": 5.196838}}
{"target": 94.24, "params": {"channel1": 35.021006991231715, "channel2": 28.587990096023567, "dropout": 0.02950405014991503, "lr": 0.0004268965487550017, "lstm_proj_dim": 123.95739489444819, "proj_dim": 83.18386735740964, "wd": 6.949583428109687e-05}, "datetime": {"datetime": "2024-05-10 13:24:17", "elapsed": 2597.386283, "delta": 873.862607}}
{"target": 93.74, "params": {"channel1": 51.33775067267905, "channel2": 23.222025975084343, "dropout": 0.25038770156921186, "lr": 2.810539457074989e-05, "lstm_proj_dim": 104.01385423471687, "proj_dim": 126.9306645350235, "wd": 7.50683997836041e-05}, "datetime": {"datetime": "2024-05-10 13:43:51", "elapsed": 3771.926219, "delta": 1174.539936}}
{"target": 94.22, "params": {"channel1": 47.40972711121338, "channel2": 26.099821196641678, "dropout": 0.030967801973292606, "lr": 0.00045341459091414614, "lstm_proj_dim": 119.22516829693717, "proj_dim": 60.186958243873235, "wd": 2.9489758520048528e-05}, "datetime": {"datetime": "2024-05-10 14:01:35", "elapsed": 4835.87633, "delta": 1063.950111}}
{"target": 94.0, "params": {"channel1": 30.5632000772471, "channel2": 4.542274820368318, "dropout": 0.2036506598819673, "lr": 0.00021951183484005844, "lstm_proj_dim": 57.492479299733716, "proj_dim": 79.19102329091248, "wd": 6.282891966590958e-06}, "datetime": {"datetime": "2024-05-10 14:15:37", "elapsed": 5677.82952, "delta": 841.95319}}
{"target": 92.95, "params": {"channel1": 80.30117181510546, "channel2": 8.108400097362685, "dropout": 0.17679166107098526, "lr": 0.0007027607764207219, "lstm_proj_dim": 41.82410516747128, "proj_dim": 71.74937483067856, "wd": 6.974561561504676e-05}, "datetime": {"datetime": "2024-05-10 14:16:22", "elapsed": 5722.412666, "delta": 44.583146}}
{"target": 94.35, "params": {"channel1": 62.38807818701309, "channel2": 5.39869685049044, "dropout": 0.16076892177465346, "lr": 0.0006671566987675909, "lstm_proj_dim": 81.42935475759762, "proj_dim": 122.68109657511808, "wd": 5.90689490096973e-05}, "datetime": {"datetime": "2024-05-10 14:38:55", "elapsed": 7075.847791, "delta": 1353.435125}}
{"target": 94.06, "params": {"channel1": 63.65375328769239, "channel2": 26.93644186265529, "dropout": 0.23489713455578345, "lr": 0.0008395214011464235, "lstm_proj_dim": 45.41616294204742, "proj_dim": 40.80625055341705, "wd": 4.484233388836632e-05}, "datetime": {"datetime": "2024-05-10 14:58:37", "elapsed": 8258.063549, "delta": 1182.215758}}
{"target": 0.0, "params": {"channel1": 128.0, "channel2": 32.0, "dropout": 0.0, "lr": 1e-05, "lstm_proj_dim": 32.0, "proj_dim": 128.0, "wd": 1e-06}, "datetime": {"datetime": "2024-05-10 14:58:45", "elapsed": 8265.428892, "delta": 7.365343}}
{"target": 93.89, "params": {"channel1": 16.0, "channel2": 32.0, "dropout": 0.0, "lr": 0.001, "lstm_proj_dim": 32.0, "proj_dim": 128.0, "wd": 0.0001}, "datetime": {"datetime": "2024-05-10 15:10:51", "elapsed": 8991.867049, "delta": 726.438157}}
{"target": 94.13, "params": {"channel1": 16.0, "channel2": 4.0, "dropout": 0.3, "lr": 0.001, "lstm_proj_dim": 128.0, "proj_dim": 32.0, "wd": 0.0001}, "datetime": {"datetime": "2024-05-10 15:23:13", "elapsed": 9734.203988, "delta": 742.336939}}
{"target": 94.02, "params": {"channel1": 16.0, "channel2": 4.0, "dropout": 0.3, "lr": 0.001, "lstm_proj_dim": 128.0, "proj_dim": 128.0, "wd": 1e-06}, "datetime": {"datetime": "2024-05-10 15:35:05", "elapsed": 10445.721974, "delta": 711.517986}}
{"target": 92.65, "params": {"channel1": 16.0, "channel2": 32.0, "dropout": 0.3, "lr": 1e-05, "lstm_proj_dim": 93.58806991943705, "proj_dim": 32.0, "wd": 0.0001}, "datetime": {"datetime": "2024-05-10 15:48:13", "elapsed": 11233.86253, "delta": 788.140556}}
{"target": 94.05, "params": {"channel1": 16.0, "channel2": 4.0, "dropout": 0.3, "lr": 0.001, "lstm_proj_dim": 76.58570569869497, "proj_dim": 128.0, "wd": 0.0001}, "datetime": {"datetime": "2024-05-10 16:00:23", "elapsed": 11963.753174, "delta": 729.890644}}
{"target": 94.27, "params": {"channel1": 48.13304531032121, "channel2": 32.0, "dropout": 0.0, "lr": 0.001, "lstm_proj_dim": 67.02230251440874, "proj_dim": 87.741622846871, "wd": 5.963265090682964e-05}, "datetime": {"datetime": "2024-05-10 16:17:41", "elapsed": 13001.421435, "delta": 1037.668261}}
{"target": 94.12, "params": {"channel1": 16.0, "channel2": 4.0, "dropout": 0.3, "lr": 0.001, "lstm_proj_dim": 32.0, "proj_dim": 32.0, "wd": 8.328876740479893e-05}, "datetime": {"datetime": "2024-05-10 16:30:15", "elapsed": 13756.209433, "delta": 754.787998}}
{"target": 94.12, "params": {"channel1": 42.760690313618475, "channel2": 4.0, "dropout": 0.3, "lr": 0.001, "lstm_proj_dim": 32.0, "proj_dim": 128.0, "wd": 0.0001}, "datetime": {"datetime": "2024-05-10 16:46:38", "elapsed": 14738.989571, "delta": 982.780138}}
