{"target": 94.19, "params": {"channel1": 62.706464526688286, "channel2": 24.169085816380427, "dropout": 3.431244520346599e-05, "lr": 0.0003093092469055214, "lstm_proj_dim": 46.08856551844285, "proj_dim": 40.86450509780459, "wd": 1.943976092638942e-05}, "datetime": {"datetime": "2024-05-10 12:40:59", "elapsed": 0.0, "delta": 0.0}}
{"target": 94.25, "params": {"channel1": 54.702801428821346, "channel2": 15.109489278458758, "dropout": 0.16164502020100707, "lr": 0.00042500256925926186, "lstm_proj_dim": 97.78107203808891, "proj_dim": 51.62741597422567, "wd": 8.79336262027036e-05}, "datetime": {"datetime": "2024-05-10 12:58:07", "elapsed": 1027.584295, "delta": 1027.584295}}
{"target": 94.15, "params": {"channel1": 19.06741043816773, "channel2": 22.773090284995263, "dropout": 0.12519144071013807, "lr": 0.0005631029301612941, "lstm_proj_dim": 45.47714610514244, "proj_dim": 51.01774295214837, "wd": 8.027371229887813e-05}, "datetime": {"datetime": "2024-05-10 13:09:38", "elapsed": 1718.326838, "delta": 690.742543}}
{"target": 92.00, "params": {"channel1": 124.44529648057252, "channel2": 12.7758769884588, "dropout": 0.20769678470079422, "lr": 0.000877625260773078, "lstm_proj_dim": 117.88223969636934, "proj_dim": 40.164244291498676, "wd": 4.8664235400553536e-06}, "datetime": {"datetime": "2024-05-10 13:09:43", "elapsed": 1723.523676, "delta": 5.196838}}
{"target": 94.24, "params": {"channel1": 35.021006991231715, "channel2": 28.587990096023567, "dropout": 0.02950405014991503, "lr": 0.0004268965487550017, "lstm_proj_dim": 123.95739489444819, "proj_dim": 83.18386735740964, "wd": 6.949583428109687e-05}, "datetime": {"datetime": "2024-05-10 13:24:17", "elapsed": 2597.386283, "delta": 873.862607}}
{"target": 93.74, "params": {"channel1": 51.33775067267905, "channel2": 23.222025975084343, "dropout": 0.25038770156921186, "lr": 2.810539457074989e-05, "lstm_proj_dim": 104.01385423471687, "proj_dim": 126.9306645350235, "wd": 7.50683997836041e-05}, "datetime": {"datetime": "2024-05-10 13:43:51", "elapsed": 3771.926219, "delta": 1174.539936}}
{"target": 94.22, "params": {"channel1": 47.40972711121338, "channel2": 26.099821196641678, "dropout": 0.030967801973292606, "lr": 0.00045341459091414614, "lstm_proj_dim": 119.22516829693717, "proj_dim": 60.186958243873235, "wd": 2.9489758520048528e-05}, "datetime": {"datetime": "2024-05-10 14:01:35", "elapsed": 4835.87633, "delta": 1063.950111}}
{"target": 94.0, "params": {"channel1": 30.5632000772471, "channel2": 4.542274820368318, "dropout": 0.2036506598819673, "lr": 0.00021951183484005844, "lstm_proj_dim": 57.492479299733716, "proj_dim": 79.19102329091248, "wd": 6.282891966590958e-06}, "datetime": {"datetime": "2024-05-10 14:15:37", "elapsed": 5677.82952, "delta": 841.95319}}
{"target": 92.95, "params": {"channel1": 80.30117181510546, "channel2": 8.108400097362685, "dropout": 0.17679166107098526, "lr": 0.0007027607764207219, "lstm_proj_dim": 41.82410516747128, "proj_dim": 71.74937483067856, "wd": 6.974561561504676e-05}, "datetime": {"datetime": "2024-05-10 14:16:22", "elapsed": 5722.412666, "delta": 44.583146}}
{"target": 94.35, "params": {"channel1": 62.38807818701309, "channel2": 5.39869685049044, "dropout": 0.16076892177465346, "lr": 0.0006671566987675909, "lstm_proj_dim": 81.42935475759762, "proj_dim": 122.68109657511808, "wd": 5.90689490096973e-05}, "datetime": {"datetime": "2024-05-10 14:38:55", "elapsed": 7075.847791, "delta": 1353.435125}}
{"target": 94.06, "params": {"channel1": 63.65375328769239, "channel2": 26.93644186265529, "dropout": 0.23489713455578345, "lr": 0.0008395214011464235, "lstm_proj_dim": 45.41616294204742, "proj_dim": 40.80625055341705, "wd": 4.484233388836632e-05}, "datetime": {"datetime": "2024-05-10 14:58:37", "elapsed": 8258.063549, "delta": 1182.215758}}
{"target": 92.00, "params": {"channel1": 128.0, "channel2": 32.0, "dropout": 0.0, "lr": 1e-05, "lstm_proj_dim": 32.0, "proj_dim": 128.0, "wd": 1e-06}, "datetime": {"datetime": "2024-05-10 14:58:45", "elapsed": 8265.428892, "delta": 7.365343}}
{"target": 93.89, "params": {"channel1": 16.0, "channel2": 32.0, "dropout": 0.0, "lr": 0.001, "lstm_proj_dim": 32.0, "proj_dim": 128.0, "wd": 0.0001}, "datetime": {"datetime": "2024-05-10 15:10:51", "elapsed": 8991.867049, "delta": 726.438157}}
{"target": 94.13, "params": {"channel1": 16.0, "channel2": 4.0, "dropout": 0.3, "lr": 0.001, "lstm_proj_dim": 128.0, "proj_dim": 32.0, "wd": 0.0001}, "datetime": {"datetime": "2024-05-10 15:23:13", "elapsed": 9734.203988, "delta": 742.336939}}
{"target": 94.02, "params": {"channel1": 16.0, "channel2": 4.0, "dropout": 0.3, "lr": 0.001, "lstm_proj_dim": 128.0, "proj_dim": 128.0, "wd": 1e-06}, "datetime": {"datetime": "2024-05-10 15:35:05", "elapsed": 10445.721974, "delta": 711.517986}}
{"target": 92.65, "params": {"channel1": 16.0, "channel2": 32.0, "dropout": 0.3, "lr": 1e-05, "lstm_proj_dim": 93.58806991943705, "proj_dim": 32.0, "wd": 0.0001}, "datetime": {"datetime": "2024-05-10 15:48:13", "elapsed": 11233.86253, "delta": 788.140556}}
{"target": 94.05, "params": {"channel1": 16.0, "channel2": 4.0, "dropout": 0.3, "lr": 0.001, "lstm_proj_dim": 76.58570569869497, "proj_dim": 128.0, "wd": 0.0001}, "datetime": {"datetime": "2024-05-10 16:00:23", "elapsed": 11963.753174, "delta": 729.890644}}
{"target": 94.27, "params": {"channel1": 48.13304531032121, "channel2": 32.0, "dropout": 0.0, "lr": 0.001, "lstm_proj_dim": 67.02230251440874, "proj_dim": 87.741622846871, "wd": 5.963265090682964e-05}, "datetime": {"datetime": "2024-05-10 16:17:41", "elapsed": 13001.421435, "delta": 1037.668261}}
{"target": 94.12, "params": {"channel1": 16.0, "channel2": 4.0, "dropout": 0.3, "lr": 0.001, "lstm_proj_dim": 32.0, "proj_dim": 32.0, "wd": 8.328876740479893e-05}, "datetime": {"datetime": "2024-05-10 16:30:15", "elapsed": 13756.209433, "delta": 754.787998}}
{"target": 94.12, "params": {"channel1": 42.760690313618475, "channel2": 4.0, "dropout": 0.3, "lr": 0.001, "lstm_proj_dim": 32.0, "proj_dim": 128.0, "wd": 0.0001}, "datetime": {"datetime": "2024-05-10 16:46:38", "elapsed": 14738.989571, "delta": 982.780138}}
{"target": 94.17, "params": {"channel1": 49.94083765847762, "channel2": 4.0, "dropout": 0.0, "lr": 0.001, "lstm_proj_dim": 98.85122097138465, "proj_dim": 86.83612241289488, "wd": 7.07342452585098e-05}, "datetime": {"datetime": "2024-05-10 17:26:46", "elapsed": 0.0, "delta": 0.0}}
{"target": 92.99, "params": {"channel1": 48.696180336466256, "channel2": 4.0, "dropout": 0.0, "lr": 1e-05, "lstm_proj_dim": 60.53760245003251, "proj_dim": 32.0, "wd": 2.0990537480775233e-05}, "datetime": {"datetime": "2024-05-10 17:44:03", "elapsed": 1036.548212, "delta": 1036.548212}}
{"target": 94.26, "params": {"channel1": 49.232985849370614, "channel2": 29.650661058372215, "dropout": 0.01961359091448898, "lr": 0.001, "lstm_proj_dim": 95.3562752014172, "proj_dim": 76.72749183369808, "wd": 1e-06}, "datetime": {"datetime": "2024-05-10 18:05:26", "elapsed": 2320.035085, "delta": 1283.486873}}
{"target": 93.52, "params": {"channel1": 44.15130615395322, "channel2": 12.587267731849732, "dropout": 0.0, "lr": 1e-05, "lstm_proj_dim": 66.92138201006425, "proj_dim": 110.98761000375326, "wd": 4.973708306480787e-05}, "datetime": {"datetime": "2024-05-10 18:23:04", "elapsed": 3377.440984, "delta": 1057.405899}}
{"target": 94.18, "params": {"channel1": 35.68257224792616, "channel2": 11.275220420001043, "dropout": 0.3, "lr": 0.001, "lstm_proj_dim": 107.57572105265159, "proj_dim": 69.65651727953328, "wd": 1e-06}, "datetime": {"datetime": "2024-05-10 18:39:34", "elapsed": 4368.187306, "delta": 990.746322}}
{"target": 94.17, "params": {"channel1": 65.20812172999955, "channel2": 15.597586631053622, "dropout": 0.3, "lr": 0.001, "lstm_proj_dim": 112.1032280910689, "proj_dim": 73.49249890633988, "wd": 3.264136829489669e-05}, "datetime": {"datetime": "2024-05-10 19:01:07", "elapsed": 5661.26661, "delta": 1293.079304}}
{"target": 87.14, "params": {"channel1": 78.33995291898225, "channel2": 4.0, "dropout": 0.19312852159590382, "lr": 1e-05, "lstm_proj_dim": 93.9436486215509, "proj_dim": 107.83018190484077, "wd": 1e-06}, "datetime": {"datetime": "2024-05-10 19:02:57", "elapsed": 5770.715711, "delta": 109.449101}}
{"target": 93.35, "params": {"channel1": 47.80329594827056, "channel2": 20.40189531703374, "dropout": 0.0, "lr": 1e-05, "lstm_proj_dim": 112.14958029307115, "proj_dim": 80.80331888626168, "wd": 0.0001}, "datetime": {"datetime": "2024-05-10 19:20:49", "elapsed": 6842.741073, "delta": 1072.025362}}
{"target": 94.21, "params": {"channel1": 50.56841998619009, "channel2": 11.864325511730101, "dropout": 0.3, "lr": 0.001, "lstm_proj_dim": 92.68590400505104, "proj_dim": 69.17845610029445, "wd": 6.252958957777372e-05}, "datetime": {"datetime": "2024-05-10 19:40:12", "elapsed": 8005.747418, "delta": 1163.006345}}
{"target": 94.07, "params": {"channel1": 38.52374255318437, "channel2": 19.14326079144272, "dropout": 0.0, "lr": 0.001, "lstm_proj_dim": 80.92878662560298, "proj_dim": 81.37251370661869, "wd": 0.0001}, "datetime": {"datetime": "2024-05-10 19:55:58", "elapsed": 8952.029559, "delta": 946.282141}}
{"target": 94.11, "params": {"channel1": 46.32877647412425, "channel2": 4.0, "dropout": 0.3, "lr": 0.001, "lstm_proj_dim": 82.49847817444459, "proj_dim": 128.0, "wd": 6.886693773349878e-05}, "datetime": {"datetime": "2024-05-10 20:12:09", "elapsed": 9922.725164, "delta": 970.695605}}
{"target": 94.09, "params": {"channel1": 60.93658573138098, "channel2": 4.0, "dropout": 0.3, "lr": 0.001, "lstm_proj_dim": 64.80416518695155, "proj_dim": 128.0, "wd": 9.628353992572545e-05}, "datetime": {"datetime": "2024-05-10 20:30:34", "elapsed": 11028.267124, "delta": 1105.54196}}
{"target": 94.19, "params": {"channel1": 65.31258985439908, "channel2": 32.0, "dropout": 0.3, "lr": 0.001, "lstm_proj_dim": 101.91900416715075, "proj_dim": 60.147139324336074, "wd": 1e-06}, "datetime": {"datetime": "2024-05-10 20:50:41", "elapsed": 12234.3514, "delta": 1206.084276}}
{"target": 94.21, "params": {"channel1": 53.74285365053956, "channel2": 32.0, "dropout": 0.0, "lr": 0.001, "lstm_proj_dim": 76.26023120150563, "proj_dim": 64.21056445471798, "wd": 1e-06}, "datetime": {"datetime": "2024-05-10 21:08:31", "elapsed": 13304.760566, "delta": 1070.409166}}
{"target": 93.99, "params": {"channel1": 56.26014093715063, "channel2": 4.0, "dropout": 0.3, "lr": 0.001, "lstm_proj_dim": 118.89195287755408, "proj_dim": 54.72822806078462, "wd": 2.0601948010405737e-05}, "datetime": {"datetime": "2024-05-10 21:25:47", "elapsed": 14340.869845, "delta": 1036.109279}}
{"target": 94.22, "params": {"channel1": 39.734410890214704, "channel2": 29.552130952105696, "dropout": 0.0, "lr": 0.001, "lstm_proj_dim": 53.74386689338465, "proj_dim": 67.0106271520777, "wd": 4.956832542527761e-06}, "datetime": {"datetime": "2024-05-10 21:56:02", "elapsed": 0.0, "delta": 0.0}}
{"target": 93.99, "params": {"channel1": 20.295828408002695, "channel2": 18.98385140001431, "dropout": 0.028331925522645938, "lr": 4.9609373961931875e-05, "lstm_proj_dim": 126.31239686946672, "proj_dim": 63.80222409253241, "wd": 4.644486627156031e-05}, "datetime": {"datetime": "2024-05-10 22:07:22", "elapsed": 680.038237, "delta": 680.038237}}
{"target": 94.09, "params": {"channel1": 20.54067317253742, "channel2": 32.0, "dropout": 0.3, "lr": 0.001, "lstm_proj_dim": 61.09032227467564, "proj_dim": 80.92680050677441, "wd": 1e-06}, "datetime": {"datetime": "2024-05-10 22:19:17", "elapsed": 1394.965253, "delta": 714.927016}}
{"target": 94.07, "params": {"channel1": 19.201054589374074, "channel2": 32.0, "dropout": 0.3, "lr": 0.001, "lstm_proj_dim": 103.65280580271823, "proj_dim": 79.91862178006998, "wd": 9.742701254869914e-05}, "datetime": {"datetime": "2024-05-10 22:30:33", "elapsed": 2071.464505, "delta": 676.499252}}
{"target": 94.16, "params": {"channel1": 22.866658246919275, "channel2": 4.0, "dropout": 0.2711458376321377, "lr": 0.001, "lstm_proj_dim": 100.07753446984294, "proj_dim": 92.18105068367299, "wd": 1.6236157395297345e-05}, "datetime": {"datetime": "2024-05-10 22:41:40", "elapsed": 2738.015963, "delta": 666.551458}}
{"target": 92.63, "params": {"channel1": 16.0, "channel2": 18.396531672262885, "dropout": 0.3, "lr": 1e-05, "lstm_proj_dim": 125.05814531323136, "proj_dim": 96.51041885598013, "wd": 5.8046355630774354e-05}, "datetime": {"datetime": "2024-05-11 01:02:15", "elapsed": 0.0, "delta": 0.0}}
{"target": 93.96, "params": {"channel1": 39.027320192497555, "channel2": 30.587407142117815, "dropout": 0.11744699699395456, "lr": 0.0006126147276039703, "lstm_proj_dim": 96.04345152054958, "proj_dim": 58.40558236913472, "wd": 1.645331740327515e-05}, "datetime": {"datetime": "2024-05-11 01:16:40", "elapsed": 865.397222, "delta": 865.397222}}
{"target": 94.27, "params": {"channel1": 72.18911825708435, "channel2": 26.411906598799167, "dropout": 0.07650456015259771, "lr": 0.001, "lstm_proj_dim": 126.52494695158869, "proj_dim": 56.53412886182533, "wd": 1e-06}, "datetime": {"datetime": "2024-05-11 01:35:51", "elapsed": 2016.237858, "delta": 1150.840636}}
{"target": 94.01, "params": {"channel1": 19.69486955696779, "channel2": 4.0, "dropout": 0.014172692007465643, "lr": 0.001, "lstm_proj_dim": 87.93450114927737, "proj_dim": 69.93427077602504, "wd": 1e-06}, "datetime": {"datetime": "2024-05-11 01:46:57", "elapsed": 2682.297901, "delta": 666.060043}}
{"target": 94.18, "params": {"channel1": 62.04344540515348, "channel2": 27.714425491418652, "dropout": 0.21384148198486239, "lr": 0.00046897845873987854, "lstm_proj_dim": 113.96108197520667, "proj_dim": 35.239824825556354, "wd": 5.14048808426571e-05}, "datetime": {"datetime": "2024-05-11 02:04:52", "elapsed": 3757.424448, "delta": 1075.126547}}
{"target": 94.16, "params": {"channel1": 40.23212973994739, "channel2": 24.39896801008532, "dropout": 0.0632361893950106, "lr": 0.00041968692574461883, "lstm_proj_dim": 33.01764264291944, "proj_dim": 44.500378234452995, "wd": 1.2970796990046983e-05}, "datetime": {"datetime": "2024-05-11 02:18:51", "elapsed": 4595.764202, "delta": 838.339754}}
{"target": 93.14, "params": {"channel1": 78.46999375358327, "channel2": 12.918812126881589, "dropout": 0.3, "lr": 1e-05, "lstm_proj_dim": 106.39533497148471, "proj_dim": 51.187612841854374, "wd": 1e-06}, "datetime": {"datetime": "2024-05-11 02:25:47", "elapsed": 5011.893588, "delta": 416.129386}}
{"target": 93.5, "params": {"channel1": 41.29753706639537, "channel2": 18.349398114143174, "dropout": 0.0, "lr": 1e-05, "lstm_proj_dim": 128.0, "proj_dim": 37.582155200279665, "wd": 4.210528342048676e-05}, "datetime": {"datetime": "2024-05-11 02:40:18", "elapsed": 5882.768588, "delta": 870.875}}
{"target": 93.25, "params": {"channel1": 28.8067334264219, "channel2": 21.01716236847053, "dropout": 0.011134204099417273, "lr": 1e-05, "lstm_proj_dim": 32.01865686573101, "proj_dim": 70.92620525533214, "wd": 4.62364930958518e-05}, "datetime": {"datetime": "2024-05-11 02:52:41", "elapsed": 6626.486887, "delta": 743.718299}}
{"target": 94.16, "params": {"channel1": 58.19785350209552, "channel2": 22.511771736054648, "dropout": 0.0, "lr": 0.001, "lstm_proj_dim": 76.50333077055151, "proj_dim": 128.0, "wd": 1e-06}, "datetime": {"datetime": "2024-05-11 03:10:03", "elapsed": 7668.405377, "delta": 1041.91849}}
{"target": 94.07, "params": {"channel1": 16.951499703491578, "channel2": 30.715622821901945, "dropout": 0.03681954161989154, "lr": 0.0004931633708682925, "lstm_proj_dim": 36.85240526674136, "proj_dim": 32.52589018016016, "wd": 3.367741141714228e-05}, "datetime": {"datetime": "2024-05-11 03:20:19", "elapsed": 8283.936606, "delta": 615.531229}}
{"target": 94.19, "params": {"channel1": 20.718514536443497, "channel2": 32.0, "dropout": 0.3, "lr": 0.001, "lstm_proj_dim": 82.46160160860155, "proj_dim": 99.32556759155062, "wd": 7.09001088452695e-05}, "datetime": {"datetime": "2024-05-11 03:31:27", "elapsed": 8952.208025, "delta": 668.271419}}
{"target": 93.82, "params": {"channel1": 16.66355110095821, "channel2": 7.698546100110456, "dropout": 0.2116496729039415, "lr": 0.0002255712828249541, "lstm_proj_dim": 73.60814379496946, "proj_dim": 95.43159359146692, "wd": 3.565109011811668e-05}, "datetime": {"datetime": "2024-05-11 03:41:22", "elapsed": 9546.797812, "delta": 594.589787}}
{"target": 94.03, "params": {"channel1": 17.31627912007833, "channel2": 32.0, "dropout": 0.23456159052281722, "lr": 0.0007830803710126543, "lstm_proj_dim": 84.54487744823332, "proj_dim": 127.09137914730204, "wd": 8.954122475089396e-05}, "datetime": {"datetime": "2024-05-11 03:52:18", "elapsed": 10203.423095, "delta": 656.625283}}
{"target": 94.32, "params": {"channel1": 72.37900615402394, "channel2": 32.0, "dropout": 0.3, "lr": 0.001, "lstm_proj_dim": 128.0, "proj_dim": 77.3163139852368, "wd": 1.945188036867457e-05}, "datetime": {"datetime": "2024-05-11 04:11:35", "elapsed": 11360.460785, "delta": 1157.03769}}
{"target": 93.97, "params": {"channel1": 37.95372150211736, "channel2": 31.59498475998411, "dropout": 0.0599582185208852, "lr": 0.00042922874736042293, "lstm_proj_dim": 57.69546754190886, "proj_dim": 39.259735879303165, "wd": 1.712891950759625e-05}, "datetime": {"datetime": "2024-05-11 04:25:35", "elapsed": 12200.571481, "delta": 840.110696}}
{"target": 94.01, "params": {"channel1": 16.0, "channel2": 4.0, "dropout": 0.3, "lr": 0.001, "lstm_proj_dim": 44.87267065826449, "proj_dim": 128.0, "wd": 1.7802915608417966e-06}, "datetime": {"datetime": "2024-05-11 04:35:24", "elapsed": 12789.356569, "delta": 588.785088}}
{"target": 94.05, "params": {"channel1": 16.16673489766616, "channel2": 30.384302210173768, "dropout": 0.04278444608406083, "lr": 0.0006547183741240591, "lstm_proj_dim": 58.66562998281995, "proj_dim": 114.20581200090153, "wd": 9.70380725202128e-05}, "datetime": {"datetime": "2024-05-11 04:45:42", "elapsed": 13406.602688, "delta": 617.246119}}
{"target": 93.42, "params": {"channel1": 94.12821305987177, "channel2": 32.0, "dropout": 0.0, "lr": 0.001, "lstm_proj_dim": 128.0, "proj_dim": 71.53028071939985, "wd": 2.3197520580090555e-05}, "datetime": {"datetime": "2024-05-11 04:46:27", "elapsed": 13451.910198, "delta": 45.30751}}
{"target": 93.56, "params": {"channel1": 62.159592285369826, "channel2": 32.0, "dropout": 0.0, "lr": 1e-05, "lstm_proj_dim": 85.57790959048911, "proj_dim": 37.30728182035679, "wd": 0.0001}, "datetime": {"datetime": "2024-05-11 05:04:22", "elapsed": 14526.848341, "delta": 1074.938143}}
{"target": 94.23, "params": {"channel1": 49.55784675111229, "channel2": 31.4165219068948, "dropout": 0.3, "lr": 0.0009762828482526922, "lstm_proj_dim": 35.25413340983913, "proj_dim": 128.0, "wd": 5.849326221861026e-05}, "datetime": {"datetime": "2024-05-11 05:20:34", "elapsed": 15499.150854, "delta": 972.302513}}
{"target": 94.19, "params": {"channel1": 37.872040122338504, "channel2": 23.485037112805667, "dropout": 0.0, "lr": 0.001, "lstm_proj_dim": 32.0, "proj_dim": 109.20639528176635, "wd": 1e-06}, "datetime": {"datetime": "2024-05-11 05:34:23", "elapsed": 16327.617494, "delta": 828.46664}}
{"target": 94.14, "params": {"channel1": 59.212549553382885, "channel2": 32.0, "dropout": 0.03968823636611819, "lr": 0.0008276234451690483, "lstm_proj_dim": 42.03740353860217, "proj_dim": 105.31547198254836, "wd": 1.6171565100927086e-05}, "datetime": {"datetime": "2024-05-11 05:52:05", "elapsed": 17390.210742, "delta": 1062.593248}}
{"target": 93.95, "params": {"channel1": 66.79087284416579, "channel2": 14.9959668731576, "dropout": 0.0, "lr": 0.001, "lstm_proj_dim": 32.0, "proj_dim": 121.80086178064964, "wd": 0.0001}, "datetime": {"datetime": "2024-05-11 06:10:31", "elapsed": 18496.166379, "delta": 1105.955637}}
{"target": 94.03, "params": {"channel1": 69.25001196480646, "channel2": 32.0, "dropout": 0.3, "lr": 0.001, "lstm_proj_dim": 52.828825053619404, "proj_dim": 128.0, "wd": 7.576350385611822e-06}, "datetime": {"datetime": "2024-05-11 06:29:51", "elapsed": 19656.156797, "delta": 1159.990418}}
{"target": 94.18, "params": {"channel1": 19.214020006913294, "channel2": 4.0, "dropout": 0.3, "lr": 0.001, "lstm_proj_dim": 32.0, "proj_dim": 105.16549163908795, "wd": 0.0001}, "datetime": {"datetime": "2024-05-11 06:40:34", "elapsed": 20298.828881, "delta": 642.672084}}
{"target": 94.01, "params": {"channel1": 37.93092377861459, "channel2": 32.0, "dropout": 0.0, "lr": 0.001, "lstm_proj_dim": 55.23501575191019, "proj_dim": 128.0, "wd": 0.0001}, "datetime": {"datetime": "2024-05-11 06:54:33", "elapsed": 21137.806094, "delta": 838.977213}}
{"target": 92.87, "params": {"channel1": 47.82475525038824, "channel2": 4.0, "dropout": 0.3, "lr": 1e-05, "lstm_proj_dim": 32.0, "proj_dim": 101.02010004657954, "wd": 4.878816149434665e-05}, "datetime": {"datetime": "2024-05-11 07:09:35", "elapsed": 22039.623996, "delta": 901.817902}}
{"target": 94.11, "params": {"channel1": 16.0, "channel2": 32.0, "dropout": 0.3, "lr": 0.001, "lstm_proj_dim": 35.36600476129906, "proj_dim": 100.92811119240349, "wd": 7.877188697124303e-05}, "datetime": {"datetime": "2024-05-11 07:19:52", "elapsed": 22656.97377, "delta": 617.349774}}
{"target": 94.01, "params": {"channel1": 16.0, "channel2": 4.0, "dropout": 0.3, "lr": 0.001, "lstm_proj_dim": 61.264604321642544, "proj_dim": 55.70423306677788, "wd": 5.303090316984858e-05}, "datetime": {"datetime": "2024-05-11 07:29:39", "elapsed": 23243.863115, "delta": 586.889345}}
{"target": 93.43, "params": {"channel1": 35.50511511475484, "channel2": 32.0, "dropout": 0.3, "lr": 1e-05, "lstm_proj_dim": 50.69614146717325, "proj_dim": 98.48652969519742, "wd": 3.6443337862241304e-06}, "datetime": {"datetime": "2024-05-11 07:43:28", "elapsed": 24073.515391, "delta": 829.652276}}
{"target": 94.0, "params": {"channel1": 62.14614340218762, "channel2": 32.0, "dropout": 0.0, "lr": 0.001, "lstm_proj_dim": 57.18750633105244, "proj_dim": 73.39485950970801, "wd": 1.9173006483477743e-05}, "datetime": {"datetime": "2024-05-11 08:01:22", "elapsed": 25147.373186, "delta": 1073.857795}}
