{"target": 94.06, "params": {"channel1": 92.02340633088615, "channel2": 32.0, "dropout": 0.0, "lr": 0.001, "lstm_proj_dim": 32.0, "proj_dim": 72.31247416735015, "wd": 1e-06}, "datetime": {"datetime": "2024-05-10 03:19:04", "elapsed": 8210.508364, "delta": 208.663297}}
{"target": 93.9, "params": {"channel1": 43.5425516952292, "channel2": 4.0, "dropout": 0.3, "lr": 0.001, "lstm_proj_dim": 32.0, "proj_dim": 63.67513925077059, "wd": 1e-06}, "datetime": {"datetime": "2024-05-10 03:21:32", "elapsed": 8358.658237, "delta": 148.149873}}
{"target": 93.67, "params": {"channel1": 16.0, "channel2": 32.0, "dropout": 0.0, "lr": 0.001, "lstm_proj_dim": 68.35114064701584, "proj_dim": 32.0, "wd": 1e-06}, "datetime": {"datetime": "2024-05-10 03:23:21", "elapsed": 8467.944776, "delta": 109.286539}}
{"target": 86.77, "params": {"channel1": 16.0, "channel2": 32.0, "dropout": 0.3, "lr": 1e-05, "lstm_proj_dim": 32.0, "proj_dim": 32.0, "wd": 1e-06}, "datetime": {"datetime": "2024-05-10 03:25:07", "elapsed": 8573.8295, "delta": 105.884724}}
{"target": 91.44, "params": {"channel1": 83.3537513732493, "channel2": 32.0, "dropout": 0.0, "lr": 1e-05, "lstm_proj_dim": 128.0, "proj_dim": 128.0, "wd": 1e-06}, "datetime": {"datetime": "2024-05-10 03:28:33", "elapsed": 8779.406678, "delta": 205.577178}}
{"target": 88.63, "params": {"channel1": 39.308420547399386, "channel2": 32.0, "dropout": 0.0, "lr": 1e-05, "lstm_proj_dim": 99.07327809284274, "proj_dim": 32.0, "wd": 6.566410131876565e-05}, "datetime": {"datetime": "2024-05-10 03:30:55", "elapsed": 8921.1124, "delta": 141.705722}}
{"target": 93.97, "params": {"channel1": 42.12864398925553, "channel2": 32.0, "dropout": 0.3, "lr": 0.001, "lstm_proj_dim": 62.114710374871564, "proj_dim": 128.0, "wd": 0.0001}, "datetime": {"datetime": "2024-05-10 03:33:26", "elapsed": 9072.156462, "delta": 151.044062}}
{"target": 94.12, "params": {"channel1": 86.54618858530986, "channel2": 32.0, "dropout": 0.0, "lr": 0.001, "lstm_proj_dim": 60.25802224053206, "proj_dim": 78.11545828500374, "wd": 0.0001}, "datetime": {"datetime": "2024-05-10 03:36:54", "elapsed": 9280.200705, "delta": 208.044243}}
{"target": 93.87, "params": {"channel1": 36.43747407155001, "channel2": 4.0, "dropout": 0.3, "lr": 0.001, "lstm_proj_dim": 32.0, "proj_dim": 128.0, "wd": 0.0001}, "datetime": {"datetime": "2024-05-10 03:39:07", "elapsed": 9413.840944, "delta": 133.640239}}
{"target": 93.88, "params": {"channel1": 61.32606513423112, "channel2": 31.628462341399185, "dropout": 0.1831308900335881, "lr": 0.00024115884241302266, "lstm_proj_dim": 44.296945457608345, "proj_dim": 79.03027777721998, "wd": 2.9191034697338222e-05}, "datetime": {"datetime": "2024-05-10 03:42:04", "elapsed": 9590.545246, "delta": 176.704302}}
{"target": 89.94, "params": {"channel1": 71.17016695715348, "channel2": 4.0, "dropout": 0.0, "lr": 1e-05, "lstm_proj_dim": 78.30021590267981, "proj_dim": 63.09289809171168, "wd": 1e-06}, "datetime": {"datetime": "2024-05-10 03:45:11", "elapsed": 9777.235468, "delta": 186.690222}}
{"target": 93.8, "params": {"channel1": 79.66817597976635, "channel2": 4.0, "dropout": 0.0, "lr": 0.001, "lstm_proj_dim": 128.0, "proj_dim": 75.58871228853721, "wd": 1e-06}, "datetime": {"datetime": "2024-05-10 03:48:28", "elapsed": 9974.864865, "delta": 197.629397}}
{"target": 93.84, "params": {"channel1": 16.0, "channel2": 4.0, "dropout": 0.3, "lr": 0.001, "lstm_proj_dim": 128.0, "proj_dim": 32.0, "wd": 1e-06}, "datetime": {"datetime": "2024-05-10 03:50:13", "elapsed": 10079.081426, "delta": 104.216561}}
{"target": 94.02, "params": {"channel1": 39.544717341440304, "channel2": 32.0, "dropout": 0.0, "lr": 0.001, "lstm_proj_dim": 32.0, "proj_dim": 64.27020621382833, "wd": 1e-06}, "datetime": {"datetime": "2024-05-10 03:52:34", "elapsed": 10220.072487, "delta": 140.991061}}
{"target": 94.05, "params": {"channel1": 40.02840449843984, "channel2": 32.0, "dropout": 0.3, "lr": 0.001, "lstm_proj_dim": 32.0, "proj_dim": 102.96278998584027, "wd": 0.0001}, "datetime": {"datetime": "2024-05-10 03:54:55", "elapsed": 10361.645682, "delta": 141.573195}}
{"target": 94.03, "params": {"channel1": 70.77526168507187, "channel2": 4.0, "dropout": 0.0, "lr": 0.001, "lstm_proj_dim": 128.0, "proj_dim": 128.0, "wd": 1e-06}, "datetime": {"datetime": "2024-05-10 03:58:01", "elapsed": 10547.527713, "delta": 185.882031}}
{"target": 91.49, "params": {"channel1": 78.45015362096396, "channel2": 4.0, "dropout": 0.3, "lr": 1e-05, "lstm_proj_dim": 32.0, "proj_dim": 98.84635794784697, "wd": 1e-06}, "datetime": {"datetime": "2024-05-10 04:01:17", "elapsed": 10743.162729, "delta": 195.635016}}
{"target": 93.29, "params": {"channel1": 64.24173443236143, "channel2": 8.096154367629612, "dropout": 0.21529495121519335, "lr": 8.966344260869297e-05, "lstm_proj_dim": 107.17822639879739, "proj_dim": 32.49081558261917, "wd": 4.57692838220088e-06}, "datetime": {"datetime": "2024-05-10 04:04:06", "elapsed": 10912.025045, "delta": 168.862316}}
{"target": 92.24, "params": {"channel1": 83.85416726491198, "channel2": 32.0, "dropout": 0.0, "lr": 1e-05, "lstm_proj_dim": 128.0, "proj_dim": 59.21730087735419, "wd": 5.724789200401872e-05}, "datetime": {"datetime": "2024-05-10 04:07:30", "elapsed": 11116.86612, "delta": 204.841075}}
{"target": 93.98, "params": {"channel1": 29.104410601107936, "channel2": 32.0, "dropout": 0.3, "lr": 0.001, "lstm_proj_dim": 56.89819288071052, "proj_dim": 88.08219302849638, "wd": 0.0001}, "datetime": {"datetime": "2024-05-10 04:09:38", "elapsed": 11244.453982, "delta": 127.587862}}
{"target": 0.0, "params": {"channel1": 104.04077429286593, "channel2": 4.0, "dropout": 0.3, "lr": 1e-05, "lstm_proj_dim": 32.0, "proj_dim": 71.96030371034514, "wd": 0.0001}, "datetime": {"datetime": "2024-05-10 04:09:46", "elapsed": 11252.332934, "delta": 7.878952}}
{"target": 93.78, "params": {"channel1": 77.2524076409386, "channel2": 4.5911589975489235, "dropout": 0.13163825476801302, "lr": 0.0006281678210523852, "lstm_proj_dim": 58.576585740505244, "proj_dim": 127.45241243727162, "wd": 5.1207905079166954e-05}, "datetime": {"datetime": "2024-05-10 04:11:16", "elapsed": 11342.917635, "delta": 90.584701}}
{"target": 94.14, "params": {"channel1": 77.30386517117628, "channel2": 32.0, "dropout": 0.0, "lr": 0.001, "lstm_proj_dim": 32.0, "proj_dim": 96.43071792807162, "wd": 1e-06}, "datetime": {"datetime": "2024-05-10 04:14:37", "elapsed": 11543.08233, "delta": 200.164695}}
{"target": 93.91, "params": {"channel1": 25.45436970807915, "channel2": 4.0330050813261025, "dropout": 0.05653863051052538, "lr": 0.0008581103398198626, "lstm_proj_dim": 105.27997675909734, "proj_dim": 61.517251815824366, "wd": 6.134881844123745e-05}, "datetime": {"datetime": "2024-05-10 04:16:36", "elapsed": 11662.290585, "delta": 119.208255}}
{"target": 93.32, "params": {"channel1": 16.154685774754714, "channel2": 7.62202063166253, "dropout": 0.23496108498285, "lr": 0.0003511668011010134, "lstm_proj_dim": 83.6951938855884, "proj_dim": 126.74220340226158, "wd": 1.9505908902482385e-05}, "datetime": {"datetime": "2024-05-10 04:18:20", "elapsed": 11766.298494, "delta": 104.007909}}
{"target": 83.24, "params": {"channel1": 16.0, "channel2": 4.0, "dropout": 0.3, "lr": 1e-05, "lstm_proj_dim": 128.0, "proj_dim": 59.42520033320688, "wd": 1e-06}, "datetime": {"datetime": "2024-05-10 04:20:02", "elapsed": 11868.901456, "delta": 102.602962}}
{"target": 93.97, "params": {"channel1": 59.871727884959235, "channel2": 4.0, "dropout": 0.0, "lr": 0.001, "lstm_proj_dim": 50.14728581001326, "proj_dim": 52.54388280469619, "wd": 0.0001}, "datetime": {"datetime": "2024-05-10 04:22:53", "elapsed": 12039.142932, "delta": 170.241476}}
{"target": 89.51, "params": {"channel1": 16.0, "channel2": 4.0, "dropout": 0.0, "lr": 1e-05, "lstm_proj_dim": 32.0, "proj_dim": 61.17558563221591, "wd": 0.0001}, "datetime": {"datetime": "2024-05-10 04:24:35", "elapsed": 12141.701277, "delta": 102.558345}}
{"target": 94.06, "params": {"channel1": 43.47667075961684, "channel2": 32.0, "dropout": 0.0, "lr": 0.001, "lstm_proj_dim": 64.72037982895493, "proj_dim": 32.0, "wd": 0.0001}, "datetime": {"datetime": "2024-05-10 04:27:08", "elapsed": 12294.383423, "delta": 152.682146}}
{"target": 82.02, "params": {"channel1": 16.0, "channel2": 32.0, "dropout": 0.0, "lr": 1e-05, "lstm_proj_dim": 102.20323197316962, "proj_dim": 91.45561512213337, "wd": 1e-06}, "datetime": {"datetime": "2024-05-10 04:28:56", "elapsed": 12402.45559, "delta": 108.072167}}
{"target": 93.92, "params": {"channel1": 45.871324777373694, "channel2": 4.0, "dropout": 0.3, "lr": 0.001, "lstm_proj_dim": 108.78471572080089, "proj_dim": 86.1873634838695, "wd": 1e-06}, "datetime": {"datetime": "2024-05-10 04:31:27", "elapsed": 12553.730939, "delta": 151.275349}}
{"target": 93.9, "params": {"channel1": 75.59373584236957, "channel2": 4.0, "dropout": 0.0, "lr": 0.001, "lstm_proj_dim": 100.92472625487932, "proj_dim": 128.0, "wd": 0.0001}, "datetime": {"datetime": "2024-05-10 04:34:40", "elapsed": 12746.410287, "delta": 192.679348}}
{"target": 93.88, "params": {"channel1": 31.47784595137172, "channel2": 32.0, "dropout": 0.3, "lr": 0.001, "lstm_proj_dim": 78.48641803709394, "proj_dim": 55.54251997146605, "wd": 0.0001}, "datetime": {"datetime": "2024-05-10 04:36:49", "elapsed": 12875.583997, "delta": 129.17371}}
{"target": 91.71, "params": {"channel1": 68.51006995004478, "channel2": 20.790100085789934, "dropout": 0.0, "lr": 1e-05, "lstm_proj_dim": 32.0, "proj_dim": 64.987672230913, "wd": 1e-06}, "datetime": {"datetime": "2024-05-10 04:39:53", "elapsed": 13059.714542, "delta": 184.130545}}
{"target": 94.07, "params": {"channel1": 61.41264207889276, "channel2": 4.0, "dropout": 0.3, "lr": 0.001, "lstm_proj_dim": 32.0, "proj_dim": 32.0, "wd": 1e-06}, "datetime": {"datetime": "2024-05-10 04:42:45", "elapsed": 13231.900731, "delta": 172.186189}}
{"target": 0.0, "params": {"channel1": 88.99401403834256, "channel2": 4.0, "dropout": 0.0, "lr": 0.001, "lstm_proj_dim": 58.168466905181575, "proj_dim": 104.61888139301992, "wd": 1e-06}, "datetime": {"datetime": "2024-05-10 04:42:58", "elapsed": 13244.217003, "delta": 12.316272}}
{"target": 91.92, "params": {"channel1": 72.08417545641123, "channel2": 6.000135372927537, "dropout": 0.0, "lr": 1e-05, "lstm_proj_dim": 92.68254842926115, "proj_dim": 95.33422087015647, "wd": 1e-06}, "datetime": {"datetime": "2024-05-10 04:46:05", "elapsed": 13431.849133, "delta": 187.63213}}
{"target": 88.75, "params": {"channel1": 54.574328898725916, "channel2": 4.0, "dropout": 0.3, "lr": 1e-05, "lstm_proj_dim": 55.64795113128731, "proj_dim": 128.0, "wd": 0.0001}, "datetime": {"datetime": "2024-05-10 04:48:45", "elapsed": 13591.272846, "delta": 159.423713}}
{"target": 94.04, "params": {"channel1": 68.34880394157992, "channel2": 29.605005228763794, "dropout": 0.04622657447355517, "lr": 0.0004742509353787584, "lstm_proj_dim": 61.13043227241461, "proj_dim": 127.79543099942391, "wd": 4.718472610577872e-05}, "datetime": {"datetime": "2024-05-10 04:51:50", "elapsed": 13776.878305, "delta": 185.605459}}
{"target": 90.59, "params": {"channel1": 79.94894085187143, "channel2": 28.46163376248096, "dropout": 0.3, "lr": 1e-05, "lstm_proj_dim": 79.30803522158665, "proj_dim": 97.68317505540074, "wd": 0.0001}, "datetime": {"datetime": "2024-05-10 04:54:32", "elapsed": 13938.303127, "delta": 161.424822}}
{"target": 93.56, "params": {"channel1": 16.0, "channel2": 4.0, "dropout": 0.3, "lr": 0.001, "lstm_proj_dim": 77.7748102537824, "proj_dim": 66.65867312726127, "wd": 1e-06}, "datetime": {"datetime": "2024-05-10 04:56:17", "elapsed": 14043.797558, "delta": 105.494431}}
{"target": 90.17, "params": {"channel1": 88.17887130564353, "channel2": 11.585359221646105, "dropout": 0.3, "lr": 1e-05, "lstm_proj_dim": 62.64755039198216, "proj_dim": 77.55095601494381, "wd": 0.0001}, "datetime": {"datetime": "2024-05-10 04:57:14", "elapsed": 14100.202739, "delta": 56.405181}}
{"target": 93.86, "params": {"channel1": 45.66838892707882, "channel2": 8.592660842105643, "dropout": 0.2422980324373191, "lr": 0.0005853355835878183, "lstm_proj_dim": 79.12483637537406, "proj_dim": 83.30467643939343, "wd": 2.0360571355147264e-05}, "datetime": {"datetime": "2024-05-10 04:59:41", "elapsed": 14247.588721, "delta": 147.385982}}
{"target": 94.05, "params": {"channel1": 59.959503538692616, "channel2": 4.0, "dropout": 0.0, "lr": 0.001, "lstm_proj_dim": 32.0, "proj_dim": 85.6947265827279, "wd": 0.0001}, "datetime": {"datetime": "2024-05-10 05:02:30", "elapsed": 14416.447182, "delta": 168.858461}}
{"target": 93.88, "params": {"channel1": 35.55587775824683, "channel2": 4.0, "dropout": 0.3, "lr": 0.001, "lstm_proj_dim": 62.711053212734164, "proj_dim": 48.09556399907259, "wd": 1e-06}, "datetime": {"datetime": "2024-05-10 05:04:46", "elapsed": 14552.434602, "delta": 135.98742}}
{"target": 91.63, "params": {"channel1": 74.09466604677175, "channel2": 32.0, "dropout": 0.0, "lr": 1e-05, "lstm_proj_dim": 64.93438911472023, "proj_dim": 32.0, "wd": 1e-06}, "datetime": {"datetime": "2024-05-10 05:08:01", "elapsed": 14747.291769, "delta": 194.857167}}
{"target": 93.95, "params": {"channel1": 36.58828075029912, "channel2": 4.685046439007502, "dropout": 0.0634448415078835, "lr": 0.0006006499108834158, "lstm_proj_dim": 114.38841510783121, "proj_dim": 125.5969994699838, "wd": 5.11258800729698e-05}, "datetime": {"datetime": "2024-05-10 05:10:17", "elapsed": 14883.694803, "delta": 136.403034}}
{"target": 93.1, "params": {"channel1": 16.827610770096868, "channel2": 31.38571157184236, "dropout": 0.10662333200602421, "lr": 0.00015717995633497776, "lstm_proj_dim": 99.09444186616989, "proj_dim": 46.92586989223123, "wd": 8.929877170374921e-05}, "datetime": {"datetime": "2024-05-10 05:12:02", "elapsed": 14988.704116, "delta": 105.009313}}
{"target": 94.04, "params": {"channel1": 44.894139960079876, "channel2": 32.0, "dropout": 0.0, "lr": 0.001, "lstm_proj_dim": 32.0, "proj_dim": 32.0, "wd": 0.0001}, "datetime": {"datetime": "2024-05-10 05:14:31", "elapsed": 15137.016553, "delta": 148.312437}}
{"target": 93.89, "params": {"channel1": 37.664648110541606, "channel2": 4.0, "dropout": 0.3, "lr": 0.001, "lstm_proj_dim": 128.0, "proj_dim": 101.10921547462722, "wd": 1e-06}, "datetime": {"datetime": "2024-05-10 05:16:48", "elapsed": 15274.918552, "delta": 137.901999}}
{"target": 94.01, "params": {"channel1": 52.09331716955404, "channel2": 25.22188849311332, "dropout": 0.17938861153381983, "lr": 0.0004348407414150883, "lstm_proj_dim": 62.161564192354234, "proj_dim": 103.26681767228999, "wd": 4.065754603927863e-05}, "datetime": {"datetime": "2024-05-10 05:19:31", "elapsed": 15437.451249, "delta": 162.532697}}
{"target": 93.77, "params": {"channel1": 41.606028163857374, "channel2": 9.540165854533353, "dropout": 0.23164042900257908, "lr": 0.0005281195361362774, "lstm_proj_dim": 125.09453009312149, "proj_dim": 32.913607031732504, "wd": 9.339229599956242e-06}, "datetime": {"datetime": "2024-05-10 05:21:58", "elapsed": 15584.587848, "delta": 147.136599}}
{"target": 93.97, "params": {"channel1": 34.98096513359903, "channel2": 32.0, "dropout": 0.3, "lr": 0.001, "lstm_proj_dim": 85.5151991995723, "proj_dim": 128.0, "wd": 1e-06}, "datetime": {"datetime": "2024-05-10 05:24:16", "elapsed": 15722.456081, "delta": 137.868233}}
{"target": 88.77, "params": {"channel1": 39.452664252103936, "channel2": 32.0, "dropout": 0.0, "lr": 1e-05, "lstm_proj_dim": 55.50377000941086, "proj_dim": 59.60628798762468, "wd": 0.0001}, "datetime": {"datetime": "2024-05-10 05:26:41", "elapsed": 15867.075861, "delta": 144.61978}}
{"target": 0.0, "params": {"channel1": 93.1934983080446, "channel2": 23.151971525662024, "dropout": 0.0, "lr": 1e-05, "lstm_proj_dim": 45.40021658285098, "proj_dim": 88.07897737018658, "wd": 1e-06}, "datetime": {"datetime": "2024-05-10 05:26:50", "elapsed": 15876.721512, "delta": 9.645651}}
{"target": 94.13, "params": {"channel1": 80.074616862386, "channel2": 32.0, "dropout": 0.0, "lr": 0.001, "lstm_proj_dim": 50.63020987856642, "proj_dim": 57.223050488764066, "wd": 2.0771873251289013e-05}, "datetime": {"datetime": "2024-05-10 05:29:43", "elapsed": 16049.23049, "delta": 172.508978}}
{"target": 94.03, "params": {"channel1": 62.76761476605337, "channel2": 8.091237516100536, "dropout": 0.3, "lr": 0.001, "lstm_proj_dim": 57.92452566670123, "proj_dim": 76.30492918204553, "wd": 1e-06}, "datetime": {"datetime": "2024-05-10 05:32:36", "elapsed": 16222.596052, "delta": 173.365562}}
{"target": 93.95, "params": {"channel1": 60.248218471373924, "channel2": 19.09300416294371, "dropout": 0.3, "lr": 0.001, "lstm_proj_dim": 32.0, "proj_dim": 106.48895410938262, "wd": 0.0001}, "datetime": {"datetime": "2024-05-10 05:35:28", "elapsed": 16394.175944, "delta": 171.579892}}
{"target": 93.91, "params": {"channel1": 36.310194721163725, "channel2": 32.0, "dropout": 0.0, "lr": 0.001, "lstm_proj_dim": 99.37164483549078, "proj_dim": 67.6131747011981, "wd": 1e-06}, "datetime": {"datetime": "2024-05-10 05:37:50", "elapsed": 16536.31844, "delta": 142.142496}}
{"target": 94.18, "params": {"channel1": 76.12844049221326, "channel2": 22.320913555545953, "dropout": 0.0, "lr": 0.001, "lstm_proj_dim": 73.26534177795041, "proj_dim": 78.81218806818599, "wd": 0.0001}, "datetime": {"datetime": "2024-05-10 05:41:03", "elapsed": 16729.22406, "delta": 192.90562}}
{"target": 90.4, "params": {"channel1": 49.22222474186371, "channel2": 4.0, "dropout": 0.3, "lr": 1e-05, "lstm_proj_dim": 128.0, "proj_dim": 74.84080123130619, "wd": 1e-06}, "datetime": {"datetime": "2024-05-10 05:43:40", "elapsed": 16886.345134, "delta": 157.121074}}
{"target": 93.86, "params": {"channel1": 16.0, "channel2": 32.0, "dropout": 0.0, "lr": 0.001, "lstm_proj_dim": 46.25466545101452, "proj_dim": 108.27114270831242, "wd": 1e-06}, "datetime": {"datetime": "2024-05-10 05:45:25", "elapsed": 16991.460457, "delta": 105.115323}}
{"target": 94.03, "params": {"channel1": 75.3478395542495, "channel2": 4.0, "dropout": 0.3, "lr": 0.001, "lstm_proj_dim": 105.92912447963566, "proj_dim": 55.014501420990946, "wd": 1e-06}, "datetime": {"datetime": "2024-05-10 05:48:38", "elapsed": 17184.567584, "delta": 193.107127}}
{"target": 83.42, "params": {"channel1": 16.0, "channel2": 12.767404193971716, "dropout": 0.3, "lr": 1e-05, "lstm_proj_dim": 49.39075800957791, "proj_dim": 128.0, "wd": 1e-06}, "datetime": {"datetime": "2024-05-10 05:50:23", "elapsed": 17288.99452, "delta": 104.426936}}
{"target": 89.01, "params": {"channel1": 38.51515148102252, "channel2": 4.0, "dropout": 0.3, "lr": 1e-05, "lstm_proj_dim": 86.7219546219671, "proj_dim": 128.0, "wd": 0.0001}, "datetime": {"datetime": "2024-05-10 05:52:41", "elapsed": 17427.286794, "delta": 138.292274}}
{"target": 89.92, "params": {"channel1": 71.46758445611165, "channel2": 32.0, "dropout": 0.3, "lr": 1e-05, "lstm_proj_dim": 109.67486233107394, "proj_dim": 46.85271964196602, "wd": 1e-06}, "datetime": {"datetime": "2024-05-10 05:55:54", "elapsed": 17620.405106, "delta": 193.118312}}
{"target": 83.18, "params": {"channel1": 16.0, "channel2": 11.775329486586056, "dropout": 0.3, "lr": 1e-05, "lstm_proj_dim": 66.1635804086656, "proj_dim": 93.62900199106552, "wd": 0.0001}, "datetime": {"datetime": "2024-05-10 05:57:38", "elapsed": 17724.770668, "delta": 104.365562}}
{"target": 89.27, "params": {"channel1": 37.40034743543091, "channel2": 4.0, "dropout": 0.3, "lr": 1e-05, "lstm_proj_dim": 101.04678846343525, "proj_dim": 32.0, "wd": 1e-06}, "datetime": {"datetime": "2024-05-10 05:59:55", "elapsed": 17861.894916, "delta": 137.124248}}
{"target": 87.95, "params": {"channel1": 56.86003782391199, "channel2": 4.0, "dropout": 0.3, "lr": 1e-05, "lstm_proj_dim": 109.48519201813049, "proj_dim": 111.74557346825718, "wd": 1e-06}, "datetime": {"datetime": "2024-05-10 06:02:40", "elapsed": 18026.928006, "delta": 165.03309}}
{"target": 0.0, "params": {"channel1": 93.48632041467785, "channel2": 32.0, "dropout": 0.3, "lr": 0.001, "lstm_proj_dim": 32.0, "proj_dim": 32.0, "wd": 0.0001}, "datetime": {"datetime": "2024-05-10 06:02:58", "elapsed": 18044.149301, "delta": 17.221295}}
{"target": 93.87, "params": {"channel1": 39.703205529186526, "channel2": 4.0, "dropout": 0.0, "lr": 0.001, "lstm_proj_dim": 84.19418761301219, "proj_dim": 60.20482541645, "wd": 0.0001}, "datetime": {"datetime": "2024-05-10 06:05:18", "elapsed": 18184.27537, "delta": 140.126069}}
{"target": 93.66, "params": {"channel1": 39.5082076958372, "channel2": 31.565038213961028, "dropout": 0.20416741135529676, "lr": 0.00015168062448719967, "lstm_proj_dim": 127.16736616837787, "proj_dim": 38.76185760815575, "wd": 2.132877651135517e-05}, "datetime": {"datetime": "2024-05-10 06:07:47", "elapsed": 18333.173879, "delta": 148.898509}}
{"target": 91.82, "params": {"channel1": 81.26000499687652, "channel2": 32.0, "dropout": 0.3, "lr": 1e-05, "lstm_proj_dim": 74.12464625316356, "proj_dim": 55.05778429752956, "wd": 0.0001}, "datetime": {"datetime": "2024-05-10 06:11:10", "elapsed": 18536.586644, "delta": 203.412765}}
{"target": 85.89, "params": {"channel1": 16.0, "channel2": 32.0, "dropout": 0.0, "lr": 1e-05, "lstm_proj_dim": 52.44377230478195, "proj_dim": 69.67814329256306, "wd": 1e-06}, "datetime": {"datetime": "2024-05-10 06:13:00", "elapsed": 18646.737572, "delta": 110.150928}}
{"target": 90.74, "params": {"channel1": 66.18146904162192, "channel2": 4.0, "dropout": 0.0, "lr": 1e-05, "lstm_proj_dim": 54.71956935496576, "proj_dim": 32.0, "wd": 1e-06}, "datetime": {"datetime": "2024-05-10 06:16:01", "elapsed": 18827.696739, "delta": 180.959167}}
{"target": 91.65, "params": {"channel1": 17.242838180894825, "channel2": 8.561419140661679, "dropout": 0.2662191937763319, "lr": 8.291043159533226e-05, "lstm_proj_dim": 56.47470837177534, "proj_dim": 33.2461294475883, "wd": 7.192174087037985e-06}, "datetime": {"datetime": "2024-05-10 06:17:50", "elapsed": 18936.458847, "delta": 108.762108}}
