{"target": 93.26, "params": {"channel1": 27.379341864896787, "channel2": 32.0, "dropout": 0.3, "lr": 1e-05, "lstm_proj_dim": 71.6434143057198, "proj_dim": 62.798949340525645, "wd": 0.0001}, "datetime": {"datetime": "2024-05-11 08:13:55", "elapsed": 25900.043767, "delta": 752.670581}}
{"target": 94.15, "params": {"channel1": 34.682115659298155, "channel2": 4.0, "dropout": 0.3, "lr": 0.001, "lstm_proj_dim": 102.43242957938646, "proj_dim": 49.550857489063, "wd": 1e-06}, "datetime": {"datetime": "2024-05-11 08:27:09", "elapsed": 26693.810068, "delta": 793.766301}}
{"target": 93.22, "params": {"channel1": 21.593976538763272, "channel2": 4.547140655991447, "dropout": 0.2911448329675518, "lr": 3.371386276548096e-05, "lstm_proj_dim": 102.36296205103368, "proj_dim": 123.34858060161173, "wd": 8.609152892191989e-05}, "datetime": {"datetime": "2024-05-11 08:38:12", "elapsed": 27357.051573, "delta": 663.241505}}
{"target": 92.58, "params": {"channel1": 67.43623140378273, "channel2": 9.682118369241735, "dropout": 0.0, "lr": 1e-05, "lstm_proj_dim": 32.0, "proj_dim": 32.0, "wd": 0.0001}, "datetime": {"datetime": "2024-05-11 08:47:23", "elapsed": 27907.768989, "delta": 550.717416}}
{"target": 94.09, "params": {"channel1": 52.96249039359731, "channel2": 20.701920669544418, "dropout": 0.0, "lr": 0.0002779975841515671, "lstm_proj_dim": 54.20435227929553, "proj_dim": 55.38124828068568, "wd": 1e-06}, "datetime": {"datetime": "2024-05-11 09:03:31", "elapsed": 28876.263913, "delta": 968.494924}}
{"target": 94.19, "params": {"channel1": 65.03998024829657, "channel2": 32.0, "dropout": 0.3, "lr": 0.00021794138989513731, "lstm_proj_dim": 81.92164902957752, "proj_dim": 79.01679793441741, "wd": 1e-06}, "datetime": {"datetime": "2024-05-11 09:22:19", "elapsed": 30004.302884, "delta": 1128.038971}}
{"target": 92.0, "params": {"channel1": 128.0, "channel2": 32.0, "dropout": 0.0, "lr": 1e-05, "lstm_proj_dim": 32.0, "proj_dim": 32.0, "wd": 2.717685033905036e-05}, "datetime": {"datetime": "2024-05-11 09:22:24", "elapsed": 30008.922168, "delta": 4.619284}}
{"target": 92.0, "params": {"channel1": 128.0, "channel2": 32.0, "dropout": 0.3, "lr": 0.001, "lstm_proj_dim": 128.0, "proj_dim": 128.0, "wd": 2.7353972014410263e-05}, "datetime": {"datetime": "2024-05-11 09:22:29", "elapsed": 30013.767431, "delta": 4.845263}}
{"target": 94.02, "params": {"channel1": 41.98344027229855, "channel2": 32.0, "dropout": 0.3, "lr": 0.001, "lstm_proj_dim": 89.35412163043755, "proj_dim": 101.99744388620132, "wd": 4.993514437572764e-05}, "datetime": {"datetime": "2024-05-11 09:37:12", "elapsed": 30897.477072, "delta": 883.709641}}
{"target": 93.66, "params": {"channel1": 79.47158664916593, "channel2": 32.0, "dropout": 0.3, "lr": 0.001, "lstm_proj_dim": 128.0, "proj_dim": 32.0, "wd": 3.394766697126348e-05}, "datetime": {"datetime": "2024-05-11 09:38:24", "elapsed": 30969.17516, "delta": 71.698088}}
{"target": 92.0, "params": {"channel1": 126.88928756292668, "channel2": 31.524626910231383, "dropout": 0.27725893532618257, "lr": 0.000976252563563975, "lstm_proj_dim": 67.0927343432774, "proj_dim": 80.24590598476694, "wd": 9.139909707057818e-05}, "datetime": {"datetime": "2024-05-11 09:38:29", "elapsed": 30974.256601, "delta": 5.081441}}
{"target": 94.24, "params": {"channel1": 36.591603425309714, "channel2": 32.0, "dropout": 0.0, "lr": 0.001, "lstm_proj_dim": 128.0, "proj_dim": 128.0, "wd": 4.467951276849337e-05}, "datetime": {"datetime": "2024-05-11 09:52:15", "elapsed": 31799.674118, "delta": 825.417517}}
{"target": 93.64, "params": {"channel1": 83.00860445249371, "channel2": 32.0, "dropout": 0.3, "lr": 1e-05, "lstm_proj_dim": 32.0, "proj_dim": 108.25514163241697, "wd": 1e-06}, "datetime": {"datetime": "2024-05-11 10:11:22", "elapsed": 32947.363388, "delta": 1147.68927}}
{"target": 94.06, "params": {"channel1": 16.0, "channel2": 10.667523366758424, "dropout": 0.0, "lr": 0.001, "lstm_proj_dim": 54.511695406137356, "proj_dim": 32.0, "wd": 3.388916146672956e-05}, "datetime": {"datetime": "2024-05-11 10:21:22", "elapsed": 33546.795007, "delta": 599.431619}}
{"target": 94.09, "params": {"channel1": 16.0, "channel2": 4.0, "dropout": 0.0, "lr": 0.001, "lstm_proj_dim": 112.16317758612422, "proj_dim": 56.32629849939902, "wd": 1e-06}, "datetime": {"datetime": "2024-05-11 10:31:17", "elapsed": 34142.553248, "delta": 595.758241}}
{"target": 94.11, "params": {"channel1": 69.24275073362818, "channel2": 4.0, "dropout": 0.0, "lr": 0.001, "lstm_proj_dim": 128.0, "proj_dim": 72.48687147278453, "wd": 0.0001}, "datetime": {"datetime": "2024-05-11 10:50:13", "elapsed": 35278.163517, "delta": 1135.610269}}
{"target": 94.36, "params": {"channel1": 50.40864691091309, "channel2": 32.0, "dropout": 0.3, "lr": 0.001, "lstm_proj_dim": 128.0, "proj_dim": 106.1293648210548, "wd": 2.741271956490076e-05}, "datetime": {"datetime": "2024-05-11 11:06:25", "elapsed": 36250.212617, "delta": 972.0491}}
{"target": 93.76, "params": {"channel1": 51.124308149919564, "channel2": 8.229756297867075, "dropout": 0.2595688681897935, "lr": 3.382579099153983e-05, "lstm_proj_dim": 127.99368244141273, "proj_dim": 126.56918914175786, "wd": 2.1697745103491763e-05}, "datetime": {"datetime": "2024-05-11 11:24:40", "elapsed": 37344.757184, "delta": 1094.544567}}
{"target": 94.06, "params": {"channel1": 38.580697301235396, "channel2": 4.0, "dropout": 0.0, "lr": 0.001, "lstm_proj_dim": 128.0, "proj_dim": 69.4557189296245, "wd": 1e-06}, "datetime": {"datetime": "2024-05-11 11:40:41", "elapsed": 38306.22977, "delta": 961.472586}}
{"target": 94.17, "params": {"channel1": 70.64452866034746, "channel2": 31.21938200459866, "dropout": 0.036461143940459406, "lr": 9.026685365113485e-05, "lstm_proj_dim": 126.60964392339712, "proj_dim": 124.45060062487971, "wd": 1.0796930955034461e-05}, "datetime": {"datetime": "2024-05-11 12:00:37", "elapsed": 39501.864238, "delta": 1195.634468}}
{"target": 91.9, "params": {"channel1": 16.0, "channel2": 32.0, "dropout": 0.0, "lr": 1e-05, "lstm_proj_dim": 128.0, "proj_dim": 128.0, "wd": 0.0001}, "datetime": {"datetime": "2024-05-11 12:11:19", "elapsed": 40143.715851, "delta": 641.851613}}
{"target": 94.38, "params": {"channel1": 52.8694600448842, "channel2": 32.0, "dropout": 0.3, "lr": 0.001, "lstm_proj_dim": 128.0, "proj_dim": 128.0, "wd": 1e-06}, "datetime": {"datetime": "2024-05-11 12:28:14", "elapsed": 41158.731106, "delta": 1015.015255}}
{"target": 92.0, "params": {"channel1": 103.30829603173655, "channel2": 4.0, "dropout": 0.3, "lr": 6.919453663067494e-05, "lstm_proj_dim": 69.24808615947457, "proj_dim": 32.0, "wd": 1.7161612820714622e-05}, "datetime": {"datetime": "2024-05-11 12:28:22", "elapsed": 41166.634211, "delta": 7.903105}}
{"target": 94.12, "params": {"channel1": 51.81903952842523, "channel2": 4.0, "dropout": 0.0, "lr": 0.001, "lstm_proj_dim": 103.79373211669238, "proj_dim": 32.0, "wd": 3.1313057944673775e-05}, "datetime": {"datetime": "2024-05-11 12:45:45", "elapsed": 42209.605018, "delta": 1042.970807}}
{"target": 94.18, "params": {"channel1": 55.563748893908944, "channel2": 32.0, "dropout": 0.0, "lr": 0.001, "lstm_proj_dim": 128.0, "proj_dim": 71.31036058186096, "wd": 1.1851385758221877e-05}, "datetime": {"datetime": "2024-05-11 13:04:33", "elapsed": 43337.718222, "delta": 1128.113204}}
{"target": 92.0, "params": {"channel1": 128.0, "channel2": 4.0, "dropout": 0.0, "lr": 1e-05, "lstm_proj_dim": 32.0, "proj_dim": 83.59264940433992, "wd": 1.7967953036316415e-05}, "datetime": {"datetime": "2024-05-11 13:04:38", "elapsed": 43343.339505, "delta": 5.621283}}
{"target": 92.0, "params": {"channel1": 128.0, "channel2": 4.0, "dropout": 0.3, "lr": 0.001, "lstm_proj_dim": 128.0, "proj_dim": 86.59710124406467, "wd": 8.493078397591857e-05}, "datetime": {"datetime": "2024-05-11 13:04:44", "elapsed": 43348.800335, "delta": 5.46083}}
{"target": 94.16, "params": {"channel1": 16.0, "channel2": 32.0, "dropout": 0.3, "lr": 0.001, "lstm_proj_dim": 128.0, "proj_dim": 32.0, "wd": 3.350507659525495e-05}, "datetime": {"datetime": "2024-05-11 13:17:14", "elapsed": 44099.304803, "delta": 750.504468}}
{"target": 92.15, "params": {"channel1": 91.24481938627021, "channel2": 4.0, "dropout": 0.0, "lr": 0.001, "lstm_proj_dim": 32.0, "proj_dim": 128.0, "wd": 1e-06}, "datetime": {"datetime": "2024-05-11 13:18:02", "elapsed": 44146.716044, "delta": 47.411241}}
{"target": 93.69, "params": {"channel1": 57.47290753274734, "channel2": 32.0, "dropout": 0.0, "lr": 1e-05, "lstm_proj_dim": 32.0, "proj_dim": 64.32370982492365, "wd": 0.0001}, "datetime": {"datetime": "2024-05-11 13:37:10", "elapsed": 45294.619476, "delta": 1147.903432}}
{"target": 94.05, "params": {"channel1": 49.11492937504817, "channel2": 4.0, "dropout": 0.0, "lr": 0.001, "lstm_proj_dim": 70.97366418487614, "proj_dim": 69.37239535880373, "wd": 4.972767825021378e-05}, "datetime": {"datetime": "2024-05-11 13:54:28", "elapsed": 46333.204948, "delta": 1038.585472}}
{"target": 91.98, "params": {"channel1": 69.781758668831, "channel2": 4.0, "dropout": 0.0, "lr": 1e-05, "lstm_proj_dim": 128.0, "proj_dim": 32.0, "wd": 2.105236621332982e-05}, "datetime": {"datetime": "2024-05-11 14:00:17", "elapsed": 46681.988992, "delta": 348.784044}}
{"target": 94.08, "params": {"channel1": 16.0, "channel2": 4.0, "dropout": 0.3, "lr": 0.001, "lstm_proj_dim": 43.940376434195144, "proj_dim": 85.1278551946719, "wd": 1e-06}, "datetime": {"datetime": "2024-05-11 14:11:13", "elapsed": 47338.024943, "delta": 656.035951}}
{"target": 94.19, "params": {"channel1": 38.49176314557298, "channel2": 32.0, "dropout": 0.0, "lr": 0.001, "lstm_proj_dim": 82.16632130948233, "proj_dim": 128.0, "wd": 0.0001}, "datetime": {"datetime": "2024-05-11 14:26:42", "elapsed": 48266.78968, "delta": 928.764737}}
{"target": 94.14, "params": {"channel1": 29.379547978771303, "channel2": 4.0, "dropout": 0.0, "lr": 0.001, "lstm_proj_dim": 40.55634533272506, "proj_dim": 49.9875960646811, "wd": 1e-06}, "datetime": {"datetime": "2024-05-11 14:40:56", "elapsed": 49121.004261, "delta": 854.214581}}
{"target": 94.18, "params": {"channel1": 16.0, "channel2": 32.0, "dropout": 0.0, "lr": 0.001, "lstm_proj_dim": 118.1795802436579, "proj_dim": 54.24911231492912, "wd": 1e-06}, "datetime": {"datetime": "2024-05-11 14:52:49", "elapsed": 49833.672967, "delta": 712.668706}}
{"target": 94.25, "params": {"channel1": 32.04324938251793, "channel2": 32.0, "dropout": 0.3, "lr": 0.001, "lstm_proj_dim": 128.0, "proj_dim": 64.14195503522527, "wd": 1e-06}, "datetime": {"datetime": "2024-05-11 15:07:10", "elapsed": 50694.847922, "delta": 861.174955}}
{"target": 94.08, "params": {"channel1": 42.93191854925719, "channel2": 4.0, "dropout": 0.3, "lr": 0.001, "lstm_proj_dim": 128.0, "proj_dim": 97.83767329805028, "wd": 1e-06}, "datetime": {"datetime": "2024-05-11 15:23:37", "elapsed": 51681.886803, "delta": 987.038881}}
{"target": 94.11, "params": {"channel1": 16.0, "channel2": 4.0, "dropout": 0.3, "lr": 0.001, "lstm_proj_dim": 52.56668978175518, "proj_dim": 107.58058127575838, "wd": 1e-06}, "datetime": {"datetime": "2024-05-11 15:34:54", "elapsed": 52359.02729, "delta": 677.140487}}
{"target": 94.11, "params": {"channel1": 16.0, "channel2": 4.0, "dropout": 0.3, "lr": 0.001, "lstm_proj_dim": 104.3963989722069, "proj_dim": 32.0, "wd": 6.244611240218147e-05}, "datetime": {"datetime": "2024-05-11 15:45:58", "elapsed": 53022.607224, "delta": 663.579934}}
{"target": 92.57, "params": {"channel1": 37.58944906541831, "channel2": 4.72969796844618, "dropout": 0.2731061136680277, "lr": 3.15279371543527e-05, "lstm_proj_dim": 89.759134867714, "proj_dim": 87.68415805456405, "wd": 5.596219554629441e-05}, "datetime": {"datetime": "2024-05-11 16:01:02", "elapsed": 53926.82945, "delta": 904.222226}}
{"target": 94.25, "params": {"channel1": 70.62937858567076, "channel2": 32.0, "dropout": 0.0, "lr": 0.001, "lstm_proj_dim": 128.0, "proj_dim": 99.94970510362569, "wd": 0.0001}, "datetime": {"datetime": "2024-05-11 16:12:54", "elapsed": 54638.635581, "delta": 711.806131}}
{"target": 94.21, "params": {"channel1": 16.0, "channel2": 4.0, "dropout": 0.0, "lr": 0.001, "lstm_proj_dim": 108.77001258547241, "proj_dim": 77.9982393591132, "wd": 0.0001}, "datetime": {"datetime": "2024-05-11 16:24:33", "elapsed": 55337.836144, "delta": 699.200563}}
{"target": 93.91, "params": {"channel1": 30.838156214979527, "channel2": 18.212119129899797, "dropout": 0.23717916785106385, "lr": 0.000539927038157998, "lstm_proj_dim": 38.31982478650245, "proj_dim": 124.71068749680333, "wd": 7.877233897999278e-05}, "datetime": {"datetime": "2024-05-11 16:39:01", "elapsed": 56205.577672, "delta": 867.741528}}
{"target": 94.2, "params": {"channel1": 44.536049064377586, "channel2": 32.0, "dropout": 0.0, "lr": 0.001, "lstm_proj_dim": 108.07815017178903, "proj_dim": 32.0, "wd": 1e-06}, "datetime": {"datetime": "2024-05-11 16:56:36", "elapsed": 57260.784803, "delta": 1055.207131}}
{"target": 92.0, "params": {"channel1": 128.0, "channel2": 4.0, "dropout": 0.0, "lr": 0.00011476500980900835, "lstm_proj_dim": 76.0742263871071, "proj_dim": 128.0, "wd": 4.111634117823731e-05}, "datetime": {"datetime": "2024-05-11 16:56:44", "elapsed": 57268.867657, "delta": 8.082854}}
{"target": 94.18, "params": {"channel1": 30.178781920455968, "channel2": 15.558450151762406, "dropout": 0.13243625991015653, "lr": 0.0006498470437724652, "lstm_proj_dim": 40.47863247924917, "proj_dim": 32.56691993782505, "wd": 1.7790018811949205e-05}, "datetime": {"datetime": "2024-05-11 17:11:56", "elapsed": 58181.21733, "delta": 912.349673}}
{"target": 94.04, "params": {"channel1": 51.365909926757496, "channel2": 4.021983343284509, "dropout": 0.2829941384202074, "lr": 0.00014479686993778434, "lstm_proj_dim": 110.81288619662523, "proj_dim": 67.17123057992224, "wd": 7.697195719423683e-05}, "datetime": {"datetime": "2024-05-11 17:32:26", "elapsed": 59411.529376, "delta": 1230.312046}}
{"target": 93.99, "params": {"channel1": 35.29337035889747, "channel2": 4.0, "dropout": 0.0, "lr": 0.001, "lstm_proj_dim": 89.29864510803135, "proj_dim": 32.0, "wd": 0.0001}, "datetime": {"datetime": "2024-05-11 17:48:46", "elapsed": 60391.427652, "delta": 979.898276}}
{"target": 94.19, "params": {"channel1": 45.268370011257296, "channel2": 32.0, "dropout": 0.0, "lr": 0.001, "lstm_proj_dim": 80.23885577858833, "proj_dim": 79.85292765757409, "wd": 1e-06}, "datetime": {"datetime": "2024-05-11 18:07:07", "elapsed": 61492.222488, "delta": 1100.794836}}
{"target": 94.2, "params": {"channel1": 63.242537153723696, "channel2": 32.0, "dropout": 0.3, "lr": 0.001, "lstm_proj_dim": 64.16358732030531, "proj_dim": 106.35702147738327, "wd": 2.5086448190951427e-05}, "datetime": {"datetime": "2024-05-11 18:28:36", "elapsed": 62781.486668, "delta": 1289.26418}}
{"target": 93.51, "params": {"channel1": 56.88822105175242, "channel2": 32.0, "dropout": 0.3, "lr": 1e-05, "lstm_proj_dim": 128.0, "proj_dim": 48.31123693706421, "wd": 1e-06}, "datetime": {"datetime": "2024-05-11 18:48:31", "elapsed": 63976.296227, "delta": 1194.809559}}
{"target": 94.17, "params": {"channel1": 66.34439443262387, "channel2": 15.861397747740412, "dropout": 0.0, "lr": 0.001, "lstm_proj_dim": 76.71437283459947, "proj_dim": 62.764277485402125, "wd": 1e-06}, "datetime": {"datetime": "2024-05-11 19:09:36", "elapsed": 65241.535132, "delta": 1265.238905}}
{"target": 91.05, "params": {"channel1": 78.94708524888613, "channel2": 32.0, "dropout": 0.0, "lr": 1e-05, "lstm_proj_dim": 69.16438604915214, "proj_dim": 57.618193950115526, "wd": 1e-06}, "datetime": {"datetime": "2024-05-11 19:12:00", "elapsed": 65384.89583, "delta": 143.360698}}
{"target": 94.23, "params": {"channel1": 57.72206213484218, "channel2": 16.203263070464253, "dropout": 0.08304670062296503, "lr": 0.00023479483565681304, "lstm_proj_dim": 66.93795043004808, "proj_dim": 77.84827430873216, "wd": 6.685278059689667e-05}, "datetime": {"datetime": "2024-05-11 19:31:38", "elapsed": 66563.161632, "delta": 1178.265802}}
{"target": 93.9, "params": {"channel1": 16.200664211278657, "channel2": 20.014733041807784, "dropout": 0.09749360411539991, "lr": 0.00012400292625985122, "lstm_proj_dim": 64.85813549387211, "proj_dim": 126.34374708277232, "wd": 7.806152724185308e-05}, "datetime": {"datetime": "2024-05-11 19:44:33", "elapsed": 67337.888558, "delta": 774.726926}}
{"target": 94.01, "params": {"channel1": 56.625596444457514, "channel2": 4.0, "dropout": 0.0, "lr": 0.001, "lstm_proj_dim": 82.15210106481301, "proj_dim": 52.12774003814453, "wd": 5.2124295441256865e-05}, "datetime": {"datetime": "2024-05-11 20:03:14", "elapsed": 68459.383072, "delta": 1121.494514}}
{"target": 94.08, "params": {"channel1": 40.90073715460942, "channel2": 32.0, "dropout": 0.0, "lr": 0.001, "lstm_proj_dim": 112.77891241585965, "proj_dim": 113.66170342731309, "wd": 1e-06}, "datetime": {"datetime": "2024-05-11 20:19:57", "elapsed": 69461.72793, "delta": 1002.344858}}
{"target": 94.02, "params": {"channel1": 16.0, "channel2": 4.0, "dropout": 0.0, "lr": 0.001, "lstm_proj_dim": 32.0, "proj_dim": 56.572694522521985, "wd": 1.083425405687932e-05}, "datetime": {"datetime": "2024-05-11 20:32:21", "elapsed": 70205.993414, "delta": 744.265484}}
{"target": 94.09, "params": {"channel1": 45.872134954009155, "channel2": 29.983039102634425, "dropout": 0.17132706024376573, "lr": 0.00013767971934018923, "lstm_proj_dim": 46.20546920242013, "proj_dim": 32.5431052175805, "wd": 7.428594539079513e-05}, "datetime": {"datetime": "2024-05-11 20:49:43", "elapsed": 71247.963088, "delta": 1041.969674}}
{"target": 94.02, "params": {"channel1": 16.224782360232982, "channel2": 24.55222312338572, "dropout": 0.19811741179694844, "lr": 0.0006568776521300291, "lstm_proj_dim": 85.57079296566864, "proj_dim": 86.25527108859217, "wd": 8.367898719203891e-05}, "datetime": {"datetime": "2024-05-11 21:02:13", "elapsed": 71998.325503, "delta": 750.362415}}
{"target": 92.25, "params": {"channel1": 32.86678761136367, "channel2": 4.0, "dropout": 0.0, "lr": 1e-05, "lstm_proj_dim": 112.74498690500256, "proj_dim": 32.0, "wd": 1e-06}, "datetime": {"datetime": "2024-05-11 21:16:43", "elapsed": 72867.651502, "delta": 869.325999}}
{"target": 94.03, "params": {"channel1": 17.33448672915118, "channel2": 6.863513867063096, "dropout": 0.08735982757570289, "lr": 0.00027118429031492325, "lstm_proj_dim": 87.66234702998526, "proj_dim": 52.44775722098154, "wd": 6.256013457968897e-05}, "datetime": {"datetime": "2024-05-11 21:29:25", "elapsed": 73630.132453, "delta": 762.480951}}
{"target": 94.15, "params": {"channel1": 54.73835426584223, "channel2": 15.298814508120614, "dropout": 0.14383738196530987, "lr": 0.0007508776099439424, "lstm_proj_dim": 93.96571791994135, "proj_dim": 32.64929430037005, "wd": 8.342414269265749e-05}, "datetime": {"datetime": "2024-05-11 21:47:24", "elapsed": 74709.158161, "delta": 1079.025708}}
{"target": 94.31, "params": {"channel1": 48.37991942149991, "channel2": 17.85658710487564, "dropout": 0.0, "lr": 0.001, "lstm_proj_dim": 75.62538760908993, "proj_dim": 63.044588443027656, "wd": 1e-06}, "datetime": {"datetime": "2024-05-11 22:03:45", "elapsed": 75689.700362, "delta": 980.542201}}
{"target": 94.1, "params": {"channel1": 71.93003788104942, "channel2": 32.0, "dropout": 0.0, "lr": 0.001, "lstm_proj_dim": 109.94220143362656, "proj_dim": 75.74166176132498, "wd": 8.014925858041332e-06}, "datetime": {"datetime": "2024-05-11 22:19:45", "elapsed": 76650.309763, "delta": 960.609401}}
{"target": 94.24, "params": {"channel1": 53.91055855919427, "channel2": 17.581276238981093, "dropout": 0.0, "lr": 0.001, "lstm_proj_dim": 46.80345627636329, "proj_dim": 128.0, "wd": 0.0001}, "datetime": {"datetime": "2024-05-11 22:39:00", "elapsed": 77805.215945, "delta": 1154.906182}}
{"target": 94.1, "params": {"channel1": 72.02537880449165, "channel2": 32.0, "dropout": 0.0, "lr": 0.001, "lstm_proj_dim": 52.249496961579965, "proj_dim": 93.57488053821645, "wd": 0.0001}, "datetime": {"datetime": "2024-05-11 23:00:55", "elapsed": 79119.99783, "delta": 1314.781885}}
{"target": 94.31, "params": {"channel1": 52.67134310748004, "channel2": 32.0, "dropout": 0.0, "lr": 0.001, "lstm_proj_dim": 105.417556661773, "proj_dim": 46.471962507009145, "wd": 1e-06}, "datetime": {"datetime": "2024-05-12 02:44:28", "elapsed": 0.0, "delta": 0.0}}
{"target": 94.11, "params": {"channel1": 16.0, "channel2": 14.410710329971291, "dropout": 0.0, "lr": 0.001, "lstm_proj_dim": 60.05742361231809, "proj_dim": 75.82150411654385, "wd": 1e-06}, "datetime": {"datetime": "2024-05-12 02:54:51", "elapsed": 623.817546, "delta": 623.817546}}
{"target": 93.83, "params": {"channel1": 67.88638122806611, "channel2": 32.0, "dropout": 0.0, "lr": 1e-05, "lstm_proj_dim": 32.0, "proj_dim": 128.0, "wd": 0.0001}, "datetime": {"datetime": "2024-05-12 03:13:59", "elapsed": 1771.645215, "delta": 1147.827669}}
{"target": 94.05, "params": {"channel1": 16.0, "channel2": 19.30226811861809, "dropout": 0.0, "lr": 0.001, "lstm_proj_dim": 102.30326421006009, "proj_dim": 64.51869660521126, "wd": 1e-06}, "datetime": {"datetime": "2024-05-12 03:24:16", "elapsed": 2388.366209, "delta": 616.720994}}
{"target": 94.17, "params": {"channel1": 58.50555270985021, "channel2": 20.12629463023423, "dropout": 0.0, "lr": 0.001, "lstm_proj_dim": 84.21406685333744, "proj_dim": 73.25188009748703, "wd": 1e-06}, "datetime": {"datetime": "2024-05-12 03:41:12", "elapsed": 3404.699335, "delta": 1016.333126}}
{"target": 94.29, "params": {"channel1": 62.319218250460324, "channel2": 16.15220950061344, "dropout": 0.3, "lr": 0.001, "lstm_proj_dim": 128.0, "proj_dim": 88.79296872658776, "wd": 1e-06}, "datetime": {"datetime": "2024-05-12 03:58:27", "elapsed": 4439.719236, "delta": 1035.019901}}
{"target": 94.13, "params": {"channel1": 16.466721818315296, "channel2": 5.095919046258931, "dropout": 0.12719685431067038, "lr": 0.0009658942090003292, "lstm_proj_dim": 75.69863309561057, "proj_dim": 35.6021177419055, "wd": 9.190811845508492e-05}, "datetime": {"datetime": "2024-05-12 04:08:12", "elapsed": 5024.092813, "delta": 584.373577}}
