{"target": 94.15, "params": {"channel1": 31.894309454322716, "channel2": 4.062335717366015, "dropout": 0.05027467262753958, "lr": 0.0007220085846221149, "lstm_proj_dim": 124.73024992684415, "proj_dim": 120.77246478355087, "wd": 3.749020030275476e-05}, "datetime": {"datetime": "2024-05-12 20:38:49", "elapsed": 64461.000672, "delta": 937.805692}}
{"target": 94.12, "params": {"channel1": 41.28309361300113, "channel2": 4.0, "dropout": 0.0, "lr": 0.001, "lstm_proj_dim": 111.26590113859857, "proj_dim": 106.21255207616633, "wd": 0.0001}, "datetime": {"datetime": "2024-05-12 20:56:34", "elapsed": 65526.739836, "delta": 1065.739164}}
{"target": 94.22, "params": {"channel1": 61.07633225675294, "channel2": 32.0, "dropout": 0.0, "lr": 0.001, "lstm_proj_dim": 98.40282976315532, "proj_dim": 87.55053730905257, "wd": 1e-06}, "datetime": {"datetime": "2024-05-12 21:17:37", "elapsed": 66789.314539, "delta": 1262.574703}}
{"target": 94.08, "params": {"channel1": 16.0, "channel2": 4.0, "dropout": 0.3, "lr": 0.001, "lstm_proj_dim": 128.0, "proj_dim": 71.50192762578169, "wd": 1e-06}, "datetime": {"datetime": "2024-05-12 21:30:23", "elapsed": 67555.653824, "delta": 766.339285}}
{"target": 93.19, "params": {"channel1": 37.02716886377694, "channel2": 32.0, "dropout": 0.0, "lr": 1e-05, "lstm_proj_dim": 128.0, "proj_dim": 96.878128854024, "wd": 0.0001}, "datetime": {"datetime": "2024-05-12 21:48:05", "elapsed": 68616.967948, "delta": 1061.314124}}
{"target": 94.15, "params": {"channel1": 56.46872593240222, "channel2": 11.211727838661234, "dropout": 0.3, "lr": 0.001, "lstm_proj_dim": 85.38616504321172, "proj_dim": 128.0, "wd": 0.0001}, "datetime": {"datetime": "2024-05-12 22:08:47", "elapsed": 69859.006069, "delta": 1242.038121}}
{"target": 94.18, "params": {"channel1": 37.65651029326311, "channel2": 21.796887495088477, "dropout": 0.2477923795610246, "lr": 0.0003436527958470409, "lstm_proj_dim": 117.34569864270412, "proj_dim": 127.98587532595022, "wd": 2.3270091516036566e-05}, "datetime": {"datetime": "2024-05-12 22:26:18", "elapsed": 70910.656954, "delta": 1051.650885}}
{"target": 94.15, "params": {"channel1": 49.284114667703165, "channel2": 4.0, "dropout": 0.0, "lr": 0.001, "lstm_proj_dim": 94.77252514378544, "proj_dim": 43.59638981762018, "wd": 1e-06}, "datetime": {"datetime": "2024-05-12 22:45:32", "elapsed": 72064.17805, "delta": 1153.521096}}
{"target": 94.02, "params": {"channel1": 16.0, "channel2": 4.0, "dropout": 0.3, "lr": 0.001, "lstm_proj_dim": 32.0, "proj_dim": 75.24738906366373, "wd": 7.829744837138493e-05}, "datetime": {"datetime": "2024-05-12 22:59:18", "elapsed": 72890.898744, "delta": 826.720694}}
{"target": 94.07, "params": {"channel1": 59.1945724992275, "channel2": 32.0, "dropout": 0.0, "lr": 0.001, "lstm_proj_dim": 102.07577287666354, "proj_dim": 32.0, "wd": 0.0001}, "datetime": {"datetime": "2024-05-12 23:20:15", "elapsed": 74147.804853, "delta": 1256.906109}}
{"target": 94.14, "params": {"channel1": 57.54166642223343, "channel2": 32.0, "dropout": 0.3, "lr": 0.001, "lstm_proj_dim": 53.91015206551321, "proj_dim": 91.5461901822194, "wd": 0.0001}, "datetime": {"datetime": "2024-05-12 23:41:11", "elapsed": 75403.3362, "delta": 1255.531347}}
{"target": 94.29, "params": {"channel1": 56.70218371430798, "channel2": 30.208417968204575, "dropout": 0.0, "lr": 0.001, "lstm_proj_dim": 61.34744336411173, "proj_dim": 32.0, "wd": 1e-06}, "datetime": {"datetime": "2024-05-13 00:01:01", "elapsed": 76593.589004, "delta": 1190.252804}}
{"target": 94.12, "params": {"channel1": 44.29253298772069, "channel2": 32.0, "dropout": 0.0, "lr": 0.001, "lstm_proj_dim": 75.83738862982678, "proj_dim": 32.0, "wd": 1e-06}, "datetime": {"datetime": "2024-05-13 00:19:13", "elapsed": 77685.717151, "delta": 1092.128147}}
{"target": 94.19, "params": {"channel1": 59.49537421937827, "channel2": 4.0, "dropout": 0.3, "lr": 0.001, "lstm_proj_dim": 54.17195115090839, "proj_dim": 80.35240813961678, "wd": 0.0001}, "datetime": {"datetime": "2024-05-13 00:39:07", "elapsed": 78879.277312, "delta": 1193.560161}}
{"target": 94.26, "params": {"channel1": 49.73851218936672, "channel2": 22.417692755266742, "dropout": 0.3, "lr": 0.001, "lstm_proj_dim": 69.69301679252227, "proj_dim": 46.26978523421356, "wd": 1e-06}, "datetime": {"datetime": "2024-05-13 00:59:00", "elapsed": 80072.623305, "delta": 1193.345993}}
{"target": 93.62, "params": {"channel1": 68.96904776357697, "channel2": 17.01635240719761, "dropout": 0.0, "lr": 1e-05, "lstm_proj_dim": 63.75843027361699, "proj_dim": 128.0, "wd": 0.0001}, "datetime": {"datetime": "2024-05-13 01:21:17", "elapsed": 81409.773892, "delta": 1337.150587}}
{"target": 92.68, "params": {"channel1": 56.00420677749928, "channel2": 4.0, "dropout": 0.3, "lr": 1e-05, "lstm_proj_dim": 32.0, "proj_dim": 72.9495254564459, "wd": 5.523924705575544e-05}, "datetime": {"datetime": "2024-05-13 01:40:45", "elapsed": 82576.929452, "delta": 1167.15556}}
{"target": 94.16, "params": {"channel1": 69.08815972676517, "channel2": 4.0, "dropout": 0.3, "lr": 0.001, "lstm_proj_dim": 69.66480230674347, "proj_dim": 76.64168743036824, "wd": 0.0001}, "datetime": {"datetime": "2024-05-13 02:03:10", "elapsed": 83922.2441, "delta": 1345.314648}}
{"target": 93.89, "params": {"channel1": 16.0, "channel2": 4.0, "dropout": 0.3, "lr": 0.001, "lstm_proj_dim": 70.28456352814396, "proj_dim": 72.89565932605831, "wd": 1e-06}, "datetime": {"datetime": "2024-05-13 02:18:19", "elapsed": 84831.347871, "delta": 909.103771}}
{"target": 94.25, "params": {"channel1": 66.21957038734446, "channel2": 32.0, "dropout": 0.3, "lr": 0.001, "lstm_proj_dim": 118.36507802136643, "proj_dim": 89.00590066354734, "wd": 0.0001}, "datetime": {"datetime": "2024-05-13 02:40:34", "elapsed": 86166.885726, "delta": 1335.537855}}
{"target": 85.54, "params": {"channel1": 74.73703402771602, "channel2": 32.0, "dropout": 0.3, "lr": 1e-05, "lstm_proj_dim": 50.53702692908382, "proj_dim": 111.1258676368169, "wd": 1e-06}, "datetime": {"datetime": "2024-05-13 02:41:34", "elapsed": 86226.242084, "delta": 59.356358}}
{"target": 94.4, "params": {"channel1": 51.987274076658295, "channel2": 31.551960258515326, "dropout": 0.2660776307635927, "lr": 0.001, "lstm_proj_dim": 68.09028602093736, "proj_dim": 105.81087169960793, "wd": 0.0001}, "datetime": {"datetime": "2024-05-13 03:00:27", "elapsed": 87359.460688, "delta": 1133.218604}}
{"target": 94.16, "params": {"channel1": 58.820202627077855, "channel2": 18.370788304769377, "dropout": 0.3, "lr": 0.001, "lstm_proj_dim": 63.47677505542532, "proj_dim": 112.13470697608322, "wd": 1e-06}, "datetime": {"datetime": "2024-05-13 03:20:50", "elapsed": 88582.833243, "delta": 1223.372555}}
{"target": 94.15, "params": {"channel1": 60.566499070697624, "channel2": 8.679820227415444, "dropout": 0.3, "lr": 0.001, "lstm_proj_dim": 51.58522369096291, "proj_dim": 115.7522125371406, "wd": 6.850393552730294e-06}, "datetime": {"datetime": "2024-05-13 03:41:30", "elapsed": 89822.698842, "delta": 1239.865599}}
{"target": 94.01, "params": {"channel1": 48.64748151979924, "channel2": 29.9933678863574, "dropout": 0.12551908784359986, "lr": 6.46471278221392e-05, "lstm_proj_dim": 40.862963387581, "proj_dim": 111.50970744759955, "wd": 6.182186194328332e-06}, "datetime": {"datetime": "2024-05-13 03:59:12", "elapsed": 90883.931725, "delta": 1061.232883}}
{"target": 94.18, "params": {"channel1": 66.90633161870434, "channel2": 32.0, "dropout": 0.0, "lr": 0.001, "lstm_proj_dim": 64.85376183730698, "proj_dim": 88.22300678778436, "wd": 0.0001}, "datetime": {"datetime": "2024-05-13 04:20:37", "elapsed": 92169.003597, "delta": 1285.071872}}
{"target": 94.31, "params": {"channel1": 40.78543006612824, "channel2": 14.049148400956604, "dropout": 0.27802022370917867, "lr": 0.0007391693520837693, "lstm_proj_dim": 93.55084240237056, "proj_dim": 54.80916749982858, "wd": 6.740142997462647e-05}, "datetime": {"datetime": "2024-05-13 04:37:21", "elapsed": 93173.16094, "delta": 1004.157343}}
{"target": 94.13, "params": {"channel1": 54.41031339321327, "channel2": 19.98200709019439, "dropout": 0.3, "lr": 0.001, "lstm_proj_dim": 84.49826612650779, "proj_dim": 55.40243237636119, "wd": 1e-06}, "datetime": {"datetime": "2024-05-13 04:56:11", "elapsed": 94303.18192, "delta": 1130.02098}}
{"target": 94.2, "params": {"channel1": 28.942493309785483, "channel2": 15.549905285454198, "dropout": 0.0, "lr": 0.001, "lstm_proj_dim": 48.624630309257824, "proj_dim": 59.14961982263942, "wd": 1e-06}, "datetime": {"datetime": "2024-05-13 05:10:53", "elapsed": 95185.663706, "delta": 882.481786}}
{"target": 94.06, "params": {"channel1": 56.47218815937561, "channel2": 25.378862014049695, "dropout": 0.0, "lr": 0.001, "lstm_proj_dim": 39.26151331521973, "proj_dim": 95.81107569881353, "wd": 0.0001}, "datetime": {"datetime": "2024-05-13 05:29:25", "elapsed": 96297.513154, "delta": 1111.849448}}
{"target": 94.35, "params": {"channel1": 68.8695325680236, "channel2": 29.114275980312396, "dropout": 0.26135747019709654, "lr": 0.0008175500482371214, "lstm_proj_dim": 51.71076080460847, "proj_dim": 83.36041220604555, "wd": 6.1114647402614285e-06}, "datetime": {"datetime": "2024-05-13 05:41:52", "elapsed": 97044.321384, "delta": 746.80823}}
{"target": 94.21, "params": {"channel1": 54.95723484092109, "channel2": 32.0, "dropout": 0.3, "lr": 0.001, "lstm_proj_dim": 49.41995603869797, "proj_dim": 128.0, "wd": 0.0001}, "datetime": {"datetime": "2024-05-13 06:00:53", "elapsed": 98185.450569, "delta": 1141.129185}}
{"target": 94.31, "params": {"channel1": 55.3309523136807, "channel2": 21.049342456068185, "dropout": 0.042723255648447124, "lr": 0.0001744392911882117, "lstm_proj_dim": 108.88798971436455, "proj_dim": 58.417178545903695, "wd": 5.643832848245357e-05}, "datetime": {"datetime": "2024-05-13 06:19:55", "elapsed": 99327.014087, "delta": 1141.563518}}
{"target": 94.15, "params": {"channel1": 49.779073534601196, "channel2": 19.828987440722667, "dropout": 0.3, "lr": 0.001, "lstm_proj_dim": 115.65415399572909, "proj_dim": 106.2022917766205, "wd": 1e-06}, "datetime": {"datetime": "2024-05-13 06:37:25", "elapsed": 100377.578155, "delta": 1050.564068}}
{"target": 94.25, "params": {"channel1": 63.33628376955953, "channel2": 23.54390537265835, "dropout": 0.0, "lr": 0.001, "lstm_proj_dim": 98.10810362093478, "proj_dim": 72.33229766907726, "wd": 1e-06}, "datetime": {"datetime": "2024-05-13 06:56:05", "elapsed": 101497.702843, "delta": 1120.124688}}
{"target": 94.33, "params": {"channel1": 46.26525363527731, "channel2": 31.56840412667344, "dropout": 0.24887292289097396, "lr": 0.0007862226413013937, "lstm_proj_dim": 123.98051238891321, "proj_dim": 118.2107268450259, "wd": 8.255340989016639e-05}, "datetime": {"datetime": "2024-05-13 07:12:21", "elapsed": 102473.879989, "delta": 976.177146}}
{"target": 94.16, "params": {"channel1": 30.310316295795474, "channel2": 13.259971619318522, "dropout": 0.021116098109821447, "lr": 0.0008776526894762596, "lstm_proj_dim": 76.83055753880585, "proj_dim": 44.39404334650144, "wd": 7.454142783656428e-05}, "datetime": {"datetime": "2024-05-13 07:25:51", "elapsed": 103283.088504, "delta": 809.208515}}
{"target": 94.16, "params": {"channel1": 40.2669452215169, "channel2": 20.543950977566034, "dropout": 0.3, "lr": 0.001, "lstm_proj_dim": 128.0, "proj_dim": 71.82648063615996, "wd": 0.0001}, "datetime": {"datetime": "2024-05-13 07:40:40", "elapsed": 104172.12208, "delta": 889.033576}}
{"target": 94.28, "params": {"channel1": 68.66594006623616, "channel2": 5.994472660843203, "dropout": 0.3, "lr": 0.001, "lstm_proj_dim": 58.91231914495164, "proj_dim": 107.10643635946319, "wd": 0.0001}, "datetime": {"datetime": "2024-05-13 08:00:14", "elapsed": 105346.146387, "delta": 1174.024307}}
{"target": 94.12, "params": {"channel1": 27.160742418662398, "channel2": 15.089164905202448, "dropout": 0.10967182534177657, "lr": 0.000971380108404118, "lstm_proj_dim": 60.51962645592002, "proj_dim": 47.1321080743448, "wd": 1.4616478842017419e-05}, "datetime": {"datetime": "2024-05-13 08:13:23", "elapsed": 106135.022576, "delta": 788.876189}}
{"target": 94.16, "params": {"channel1": 62.75820995179097, "channel2": 29.58680610011043, "dropout": 0.01278048601163353, "lr": 0.0002575267192152193, "lstm_proj_dim": 74.63997879875605, "proj_dim": 111.14660245280436, "wd": 7.25705743155749e-05}, "datetime": {"datetime": "2024-05-13 08:32:06", "elapsed": 107258.862001, "delta": 1123.839425}}
{"target": 93.98, "params": {"channel1": 47.59688953415818, "channel2": 4.0, "dropout": 0.3, "lr": 0.001, "lstm_proj_dim": 58.427240207929096, "proj_dim": 55.41928563330139, "wd": 0.0001}, "datetime": {"datetime": "2024-05-13 08:48:17", "elapsed": 108229.166755, "delta": 970.304754}}
{"target": 93.99, "params": {"channel1": 33.95315853021527, "channel2": 11.202724207745899, "dropout": 0.3, "lr": 0.001, "lstm_proj_dim": 118.71494572960756, "proj_dim": 57.7863649371321, "wd": 1e-06}, "datetime": {"datetime": "2024-05-13 09:02:44", "elapsed": 109096.677303, "delta": 867.510548}}
{"target": 94.19, "params": {"channel1": 53.222528489886116, "channel2": 5.271571696240586, "dropout": 0.1017938888857672, "lr": 0.0004805958483761006, "lstm_proj_dim": 116.2082990874827, "proj_dim": 92.5973562692157, "wd": 3.441904679732027e-05}, "datetime": {"datetime": "2024-05-13 09:20:16", "elapsed": 110148.186299, "delta": 1051.508996}}
{"target": 94.07, "params": {"channel1": 25.439820933778215, "channel2": 19.96424774741097, "dropout": 0.3, "lr": 0.001, "lstm_proj_dim": 94.37352090162622, "proj_dim": 101.4536498897077, "wd": 1e-06}, "datetime": {"datetime": "2024-05-13 09:33:30", "elapsed": 110941.953547, "delta": 793.767248}}
{"target": 94.26, "params": {"channel1": 32.93064900908313, "channel2": 16.73851492042759, "dropout": 0.3, "lr": 0.001, "lstm_proj_dim": 86.5126266776737, "proj_dim": 65.40119508151382, "wd": 0.0001}, "datetime": {"datetime": "2024-05-13 09:47:02", "elapsed": 111754.510187, "delta": 812.55664}}
{"target": 94.28, "params": {"channel1": 63.65392781222156, "channel2": 23.13549893425762, "dropout": 0.0, "lr": 0.001, "lstm_proj_dim": 124.58498357155717, "proj_dim": 78.06358479366205, "wd": 1e-06}, "datetime": {"datetime": "2024-05-13 10:05:54", "elapsed": 112886.476037, "delta": 1131.96585}}
{"target": 94.3, "params": {"channel1": 47.845874465079554, "channel2": 32.0, "dropout": 0.3, "lr": 0.001, "lstm_proj_dim": 70.05660944606653, "proj_dim": 128.0, "wd": 1e-06}, "datetime": {"datetime": "2024-05-13 10:22:27", "elapsed": 113879.16121, "delta": 992.685173}}
{"target": 93.01, "params": {"channel1": 26.686265889891978, "channel2": 17.362357704921926, "dropout": 0.3, "lr": 1e-05, "lstm_proj_dim": 97.3502244369156, "proj_dim": 50.38079768893737, "wd": 1e-06}, "datetime": {"datetime": "2024-05-13 10:35:28", "elapsed": 114659.945717, "delta": 780.784507}}
{"target": 93.95, "params": {"channel1": 45.26398965018535, "channel2": 5.596661773113777, "dropout": 0.07688124483050317, "lr": 0.0002056126034016146, "lstm_proj_dim": 99.23978238946428, "proj_dim": 59.15506046928785, "wd": 2.6679836287746267e-05}, "datetime": {"datetime": "2024-05-13 10:51:27", "elapsed": 115619.808956, "delta": 959.863239}}
{"target": 94.16, "params": {"channel1": 56.81773510963881, "channel2": 4.0, "dropout": 0.0, "lr": 0.001, "lstm_proj_dim": 67.295038456149, "proj_dim": 89.64029305177525, "wd": 1e-06}, "datetime": {"datetime": "2024-05-13 11:08:29", "elapsed": 116641.570111, "delta": 1021.761155}}
{"target": 92.62, "params": {"channel1": 27.764008975709757, "channel2": 4.0, "dropout": 0.0, "lr": 1e-05, "lstm_proj_dim": 74.0047580966599, "proj_dim": 57.910229974972346, "wd": 5.249055041274422e-05}, "datetime": {"datetime": "2024-05-13 11:21:47", "elapsed": 117439.836694, "delta": 798.266583}}
