{"target": 94.19, "params": {"channel1": 65.80331639125903, "channel2": 32.0, "dropout": 0.3, "lr": 0.001, "lstm_proj_dim": 32.0, "proj_dim": 88.71300870006543, "wd": 0.0001}, "datetime": {"datetime": "2024-05-12 04:26:37", "elapsed": 6128.960894, "delta": 1104.868081}}
{"target": 94.05, "params": {"channel1": 16.0, "channel2": 18.193435821354445, "dropout": 0.0, "lr": 0.001, "lstm_proj_dim": 32.0, "proj_dim": 112.43909095177271, "wd": 0.0001}, "datetime": {"datetime": "2024-05-12 04:36:36", "elapsed": 6728.357489, "delta": 599.396595}}
{"target": 94.27, "params": {"channel1": 55.40990407810218, "channel2": 32.0, "dropout": 0.3, "lr": 0.001, "lstm_proj_dim": 128.0, "proj_dim": 89.98241468731362, "wd": 1e-06}, "datetime": {"datetime": "2024-05-12 04:53:10", "elapsed": 7721.965992, "delta": 993.608503}}
{"target": 94.13, "params": {"channel1": 16.0, "channel2": 18.1341797364965, "dropout": 0.3, "lr": 0.001, "lstm_proj_dim": 128.0, "proj_dim": 44.40664001017169, "wd": 0.0001}, "datetime": {"datetime": "2024-05-12 05:03:18", "elapsed": 8330.135831, "delta": 608.169839}}
{"target": 94.14, "params": {"channel1": 61.14613115720934, "channel2": 16.26293123354632, "dropout": 0.24237375052899132, "lr": 0.0003156743539374946, "lstm_proj_dim": 127.96352007146122, "proj_dim": 65.51430624674575, "wd": 1.974476304318971e-06}, "datetime": {"datetime": "2024-05-12 05:20:27", "elapsed": 9359.799451, "delta": 1029.66362}}
{"target": 94.22, "params": {"channel1": 33.43407987380612, "channel2": 32.0, "dropout": 0.3, "lr": 0.001, "lstm_proj_dim": 116.24882809619001, "proj_dim": 49.16857102352746, "wd": 1e-06}, "datetime": {"datetime": "2024-05-12 05:34:01", "elapsed": 10173.289708, "delta": 813.490257}}
{"target": 92.42, "params": {"channel1": 16.0, "channel2": 20.346855394597693, "dropout": 0.0, "lr": 1e-05, "lstm_proj_dim": 54.112966580745585, "proj_dim": 94.6413970808518, "wd": 0.0001}, "datetime": {"datetime": "2024-05-12 05:43:57", "elapsed": 10769.760759, "delta": 596.471051}}
{"target": 92.53, "params": {"channel1": 34.40396304136077, "channel2": 4.0, "dropout": 0.0, "lr": 1e-05, "lstm_proj_dim": 57.5394768192701, "proj_dim": 128.0, "wd": 1e-06}, "datetime": {"datetime": "2024-05-12 05:57:03", "elapsed": 11555.373975, "delta": 785.613216}}
{"target": 94.22, "params": {"channel1": 47.37432715239798, "channel2": 4.0, "dropout": 0.3, "lr": 0.001, "lstm_proj_dim": 46.71266408784426, "proj_dim": 65.29502949240342, "wd": 2.2294079803560306e-05}, "datetime": {"datetime": "2024-05-12 06:11:59", "elapsed": 12451.515127, "delta": 896.141152}}
{"target": 94.11, "params": {"channel1": 34.88040815727195, "channel2": 11.365568889320034, "dropout": 0.11927028775645045, "lr": 0.0009734465623966644, "lstm_proj_dim": 61.089520374368924, "proj_dim": 61.36351441553822, "wd": 4.796596609993224e-05}, "datetime": {"datetime": "2024-05-12 06:25:09", "elapsed": 13241.635925, "delta": 790.120798}}
{"target": 93.1, "params": {"channel1": 31.133436036321164, "channel2": 32.0, "dropout": 0.3, "lr": 1e-05, "lstm_proj_dim": 112.4153730925168, "proj_dim": 68.25392586197295, "wd": 1e-06}, "datetime": {"datetime": "2024-05-12 06:37:50", "elapsed": 14002.585308, "delta": 760.949383}}
{"target": 94.08, "params": {"channel1": 53.338660075909196, "channel2": 23.064809424157517, "dropout": 0.0, "lr": 0.001, "lstm_proj_dim": 48.84463726780762, "proj_dim": 82.21634355296156, "wd": 1e-06}, "datetime": {"datetime": "2024-05-12 06:54:03", "elapsed": 14975.597373, "delta": 973.012065}}
{"target": 94.14, "params": {"channel1": 16.0, "channel2": 4.0, "dropout": 0.3, "lr": 0.001, "lstm_proj_dim": 47.574557138207865, "proj_dim": 67.5934558653146, "wd": 1e-06}, "datetime": {"datetime": "2024-05-12 07:03:50", "elapsed": 15562.574902, "delta": 586.977529}}
{"target": 94.24, "params": {"channel1": 53.21280390630028, "channel2": 32.0, "dropout": 0.3, "lr": 0.001, "lstm_proj_dim": 60.36193142028949, "proj_dim": 119.8709825660031, "wd": 0.0001}, "datetime": {"datetime": "2024-05-12 07:20:17", "elapsed": 16548.93662, "delta": 986.361718}}
{"target": 92.93, "params": {"channel1": 16.0, "channel2": 32.0, "dropout": 0.3, "lr": 1e-05, "lstm_proj_dim": 57.30510557810907, "proj_dim": 32.0, "wd": 1e-06}, "datetime": {"datetime": "2024-05-12 07:30:33", "elapsed": 17165.509574, "delta": 616.572954}}
{"target": 94.21, "params": {"channel1": 16.0, "channel2": 32.0, "dropout": 0.0, "lr": 0.001, "lstm_proj_dim": 98.94488399849132, "proj_dim": 100.7763025935985, "wd": 1e-06}, "datetime": {"datetime": "2024-05-12 07:40:45", "elapsed": 17777.522467, "delta": 612.012893}}
{"target": 94.06, "params": {"channel1": 90.2397370379962, "channel2": 32.0, "dropout": 0.0, "lr": 0.001, "lstm_proj_dim": 128.0, "proj_dim": 128.0, "wd": 0.0001}, "datetime": {"datetime": "2024-05-12 07:43:18", "elapsed": 17930.650493, "delta": 153.128026}}
{"target": 94.19, "params": {"channel1": 36.886015222238335, "channel2": 4.0, "dropout": 0.0, "lr": 0.001, "lstm_proj_dim": 85.90585920579133, "proj_dim": 53.951545653357535, "wd": 1e-06}, "datetime": {"datetime": "2024-05-12 07:56:29", "elapsed": 18720.953739, "delta": 790.303246}}
{"target": 94.09, "params": {"channel1": 22.998399359233176, "channel2": 31.878040270464233, "dropout": 0.22655304630842057, "lr": 0.00022995090335571435, "lstm_proj_dim": 32.395568206792646, "proj_dim": 49.6801706752554, "wd": 5.956023798405668e-05}, "datetime": {"datetime": "2024-05-12 08:07:41", "elapsed": 19393.503862, "delta": 672.550123}}
{"target": 92.0, "params": {"channel1": 91.40751818517528, "channel2": 32.0, "dropout": 0.0, "lr": 1e-05, "lstm_proj_dim": 128.0, "proj_dim": 104.4019208823367, "wd": 3.2458381183517124e-05}, "datetime": {"datetime": "2024-05-12 08:07:53", "elapsed": 19405.760853, "delta": 12.256991}}
{"target": 94.15, "params": {"channel1": 16.716563291459792, "channel2": 13.522417145573337, "dropout": 0.23132569358962207, "lr": 0.0008302533068365985, "lstm_proj_dim": 84.87597508393057, "proj_dim": 110.44119530019613, "wd": 2.7176240698412782e-05}, "datetime": {"datetime": "2024-05-12 08:17:52", "elapsed": 20004.384848, "delta": 598.623995}}
{"target": 94.25, "params": {"channel1": 42.6625288829367, "channel2": 20.886617585223686, "dropout": 0.0, "lr": 0.001, "lstm_proj_dim": 128.0, "proj_dim": 115.8380219555968, "wd": 1e-06}, "datetime": {"datetime": "2024-05-12 08:32:11", "elapsed": 20863.324155, "delta": 858.939307}}
{"target": 94.03, "params": {"channel1": 34.50431466296808, "channel2": 31.72111529718158, "dropout": 0.1469564763698324, "lr": 0.00020090249254263491, "lstm_proj_dim": 76.93929024610256, "proj_dim": 111.07870603710052, "wd": 7.417601569770825e-05}, "datetime": {"datetime": "2024-05-12 08:45:44", "elapsed": 21676.413636, "delta": 813.089481}}
{"target": 94.12, "params": {"channel1": 59.58710696810567, "channel2": 19.815428342908564, "dropout": 0.0, "lr": 0.001, "lstm_proj_dim": 128.0, "proj_dim": 107.55902547091003, "wd": 0.0001}, "datetime": {"datetime": "2024-05-12 09:02:48", "elapsed": 22700.309632, "delta": 1023.895996}}
{"target": 91.83, "params": {"channel1": 16.0, "channel2": 17.61881363496029, "dropout": 0.3, "lr": 1e-05, "lstm_proj_dim": 32.0, "proj_dim": 41.944079612864655, "wd": 1e-06}, "datetime": {"datetime": "2024-05-12 09:12:49", "elapsed": 23300.932162, "delta": 600.62253}}
{"target": 94.08, "params": {"channel1": 20.43351260247454, "channel2": 31.53857669650949, "dropout": 0.26177837797167636, "lr": 0.0001624844031995708, "lstm_proj_dim": 50.9921626001929, "proj_dim": 63.955249533076596, "wd": 4.136176467704704e-05}, "datetime": {"datetime": "2024-05-12 09:23:42", "elapsed": 23954.325731, "delta": 653.393569}}
{"target": 94.18, "params": {"channel1": 30.257171761828403, "channel2": 30.21757166030524, "dropout": 0.0829991290879092, "lr": 0.00048385914829560567, "lstm_proj_dim": 44.09485874091246, "proj_dim": 52.096206499933686, "wd": 1.2933074789310158e-05}, "datetime": {"datetime": "2024-05-12 09:36:15", "elapsed": 24707.309578, "delta": 752.983847}}
{"target": 94.23, "params": {"channel1": 66.3977066877507, "channel2": 17.18986332400564, "dropout": 0.3, "lr": 0.001, "lstm_proj_dim": 53.768024339727866, "proj_dim": 112.85821581358327, "wd": 4.957428279717072e-05}, "datetime": {"datetime": "2024-05-12 09:44:06", "elapsed": 25178.34838, "delta": 471.038802}}
{"target": 94.0, "params": {"channel1": 47.49885737849323, "channel2": 4.0, "dropout": 0.0, "lr": 0.001, "lstm_proj_dim": 32.0, "proj_dim": 53.5934597550626, "wd": 1e-06}, "datetime": {"datetime": "2024-05-12 09:58:53", "elapsed": 26065.757341, "delta": 887.408961}}
{"target": 93.26, "params": {"channel1": 87.45748387835084, "channel2": 32.0, "dropout": 0.0, "lr": 0.001, "lstm_proj_dim": 67.57162751005262, "proj_dim": 128.0, "wd": 0.0001}, "datetime": {"datetime": "2024-05-12 09:59:29", "elapsed": 26101.015968, "delta": 35.258627}}
{"target": 93.53, "params": {"channel1": 42.40430904286154, "channel2": 21.245591727197553, "dropout": 0.0, "lr": 1e-05, "lstm_proj_dim": 63.81255602536718, "proj_dim": 75.97404483444697, "wd": 1e-06}, "datetime": {"datetime": "2024-05-12 10:14:02", "elapsed": 26974.413614, "delta": 873.397646}}
{"target": 94.08, "params": {"channel1": 57.53256450607051, "channel2": 32.0, "dropout": 0.0, "lr": 0.001, "lstm_proj_dim": 78.24070563822542, "proj_dim": 94.52262374226025, "wd": 0.0001}, "datetime": {"datetime": "2024-05-12 10:31:03", "elapsed": 27994.919829, "delta": 1020.506215}}
{"target": 94.22, "params": {"channel1": 26.148754749224143, "channel2": 32.0, "dropout": 0.0, "lr": 0.001, "lstm_proj_dim": 128.0, "proj_dim": 46.65022330000786, "wd": 0.0001}, "datetime": {"datetime": "2024-05-12 10:43:09", "elapsed": 28721.756458, "delta": 726.836629}}
{"target": 94.02, "params": {"channel1": 33.67878760001258, "channel2": 4.0, "dropout": 0.0, "lr": 0.001, "lstm_proj_dim": 115.12369176398155, "proj_dim": 85.82339317869848, "wd": 1e-06}, "datetime": {"datetime": "2024-05-12 10:56:11", "elapsed": 29503.505408, "delta": 781.74895}}
{"target": 92.0, "params": {"channel1": 128.0, "channel2": 32.0, "dropout": 0.0, "lr": 0.00037635247979139145, "lstm_proj_dim": 83.31252142829138, "proj_dim": 32.0, "wd": 5.7939443417668694e-05}, "datetime": {"datetime": "2024-05-12 10:56:17", "elapsed": 29509.335773, "delta": 5.830365}}
{"target": 94.11, "params": {"channel1": 63.24251253096741, "channel2": 4.0, "dropout": 0.0, "lr": 0.001, "lstm_proj_dim": 62.3119604918448, "proj_dim": 63.02341942648485, "wd": 1e-06}, "datetime": {"datetime": "2024-05-12 11:14:10", "elapsed": 30581.931161, "delta": 1072.595388}}
{"target": 94.24, "params": {"channel1": 42.94403950679723, "channel2": 20.2925216603999, "dropout": 0.3, "lr": 0.001, "lstm_proj_dim": 85.89635699713249, "proj_dim": 45.39760690493779, "wd": 0.0001}, "datetime": {"datetime": "2024-05-12 11:31:09", "elapsed": 31601.697612, "delta": 1019.766451}}
{"target": 94.14, "params": {"channel1": 46.72631976968324, "channel2": 32.0, "dropout": 0.0, "lr": 0.001, "lstm_proj_dim": 32.0, "proj_dim": 91.12232366468187, "wd": 0.0001}, "datetime": {"datetime": "2024-05-12 11:48:28", "elapsed": 32640.338149, "delta": 1038.640537}}
{"target": 94.19, "params": {"channel1": 40.25907827160072, "channel2": 15.654801288474983, "dropout": 0.0, "lr": 0.001, "lstm_proj_dim": 48.35437895725732, "proj_dim": 46.21739180800101, "wd": 0.0001}, "datetime": {"datetime": "2024-05-12 12:04:26", "elapsed": 33598.691341, "delta": 958.353192}}
{"target": 92.0, "params": {"channel1": 90.26119164492232, "channel2": 32.0, "dropout": 0.0, "lr": 0.001, "lstm_proj_dim": 32.0, "proj_dim": 83.32193669689197, "wd": 0.0001}, "datetime": {"datetime": "2024-05-12 12:04:40", "elapsed": 33612.021639, "delta": 13.330298}}
{"target": 93.91, "params": {"channel1": 33.5076480949302, "channel2": 32.0, "dropout": 0.0, "lr": 0.001, "lstm_proj_dim": 32.0, "proj_dim": 32.0, "wd": 0.0001}, "datetime": {"datetime": "2024-05-12 12:19:58", "elapsed": 34530.794604, "delta": 918.772965}}
{"target": 94.09, "params": {"channel1": 16.0, "channel2": 16.57185648456402, "dropout": 0.0, "lr": 0.001, "lstm_proj_dim": 100.5433570218732, "proj_dim": 88.89337635609198, "wd": 1e-06}, "datetime": {"datetime": "2024-05-12 12:31:27", "elapsed": 35218.965795, "delta": 688.171191}}
{"target": 92.24, "params": {"channel1": 16.0, "channel2": 32.0, "dropout": 0.3, "lr": 1e-05, "lstm_proj_dim": 51.35575340553258, "proj_dim": 128.0, "wd": 0.0001}, "datetime": {"datetime": "2024-05-12 12:43:03", "elapsed": 35915.255295, "delta": 696.2895}}
{"target": 94.36, "params": {"channel1": 58.725349582326956, "channel2": 32.0, "dropout": 0.3, "lr": 0.001, "lstm_proj_dim": 113.76258426103968, "proj_dim": 101.74726209957988, "wd": 0.0001}, "datetime": {"datetime": "2024-05-12 13:01:19", "elapsed": 37011.907844, "delta": 1096.652549}}
{"target": 94.15, "params": {"channel1": 43.14174900932858, "channel2": 18.596105247555222, "dropout": 0.0, "lr": 0.001, "lstm_proj_dim": 107.30004074746859, "proj_dim": 49.880476473006404, "wd": 1e-06}, "datetime": {"datetime": "2024-05-12 13:17:31", "elapsed": 37983.876422, "delta": 971.968578}}
{"target": 90.74, "params": {"channel1": 16.0, "channel2": 4.0, "dropout": 0.0, "lr": 1e-05, "lstm_proj_dim": 32.0, "proj_dim": 128.0, "wd": 1e-06}, "datetime": {"datetime": "2024-05-12 13:29:02", "elapsed": 38674.011274, "delta": 690.134852}}
{"target": 94.03, "params": {"channel1": 62.58038531460287, "channel2": 18.453824002208744, "dropout": 0.0, "lr": 0.001, "lstm_proj_dim": 59.28103446117858, "proj_dim": 94.47096577115731, "wd": 0.0001}, "datetime": {"datetime": "2024-05-12 13:48:29", "elapsed": 39841.271384, "delta": 1167.26011}}
{"target": 93.18, "params": {"channel1": 17.645330204251287, "channel2": 27.568618464227878, "dropout": 0.294822833045349, "lr": 1.889093650932486e-05, "lstm_proj_dim": 76.65736929525481, "proj_dim": 114.29997675278996, "wd": 3.520606313738765e-05}, "datetime": {"datetime": "2024-05-12 14:01:10", "elapsed": 40602.213427, "delta": 760.942043}}
{"target": 94.15, "params": {"channel1": 30.231429408943004, "channel2": 32.0, "dropout": 0.0, "lr": 0.001, "lstm_proj_dim": 92.8776366492455, "proj_dim": 89.12159731981141, "wd": 0.0001}, "datetime": {"datetime": "2024-05-12 14:15:20", "elapsed": 41452.019017, "delta": 849.80559}}
{"target": 93.94, "params": {"channel1": 48.18136125919865, "channel2": 17.807180134130782, "dropout": 0.06953395227334021, "lr": 0.00021013803070252704, "lstm_proj_dim": 33.398098668535184, "proj_dim": 122.80888303674806, "wd": 2.9474908022350926e-05}, "datetime": {"datetime": "2024-05-12 14:31:55", "elapsed": 42447.348704, "delta": 995.329687}}
{"target": 94.0, "params": {"channel1": 16.01727936982632, "channel2": 5.183309805984196, "dropout": 0.0460156720370963, "lr": 0.00027287072650620555, "lstm_proj_dim": 59.9813790014704, "proj_dim": 122.28904240281808, "wd": 7.256430877278029e-05}, "datetime": {"datetime": "2024-05-12 14:43:47", "elapsed": 43159.095648, "delta": 711.746944}}
{"target": 93.87, "params": {"channel1": 37.27338571244328, "channel2": 4.623476963246076, "dropout": 0.07592597842408984, "lr": 7.354769317211092e-05, "lstm_proj_dim": 32.95046328071591, "proj_dim": 32.01164727557972, "wd": 6.267116013870903e-05}, "datetime": {"datetime": "2024-05-12 15:00:47", "elapsed": 44179.510342, "delta": 1020.414694}}
{"target": 94.12, "params": {"channel1": 66.80486741581451, "channel2": 4.0, "dropout": 0.3, "lr": 0.001, "lstm_proj_dim": 88.90629057552873, "proj_dim": 68.40852317481203, "wd": 0.0001}, "datetime": {"datetime": "2024-05-12 15:22:14", "elapsed": 45466.350848, "delta": 1286.840506}}
{"target": 94.3, "params": {"channel1": 30.56712673728812, "channel2": 31.60039214877775, "dropout": 0.19622435639756802, "lr": 0.0007952946430006548, "lstm_proj_dim": 98.32258490077686, "proj_dim": 127.16390642351836, "wd": 3.994707853460164e-05}, "datetime": {"datetime": "2024-05-12 15:38:09", "elapsed": 46421.796766, "delta": 955.445918}}
{"target": 93.93, "params": {"channel1": 27.894436142158238, "channel2": 30.14222400364946, "dropout": 0.05385295217955644, "lr": 0.0005573221522292866, "lstm_proj_dim": 35.363178907613644, "proj_dim": 115.75795040478368, "wd": 4.544742002943961e-05}, "datetime": {"datetime": "2024-05-12 15:52:33", "elapsed": 47285.85836, "delta": 864.061594}}
{"target": 94.12, "params": {"channel1": 28.64372186537504, "channel2": 32.0, "dropout": 0.0, "lr": 0.001, "lstm_proj_dim": 96.2067126792824, "proj_dim": 111.44930512455483, "wd": 0.0001}, "datetime": {"datetime": "2024-05-12 16:09:03", "elapsed": 48275.087443, "delta": 989.229083}}
{"target": 94.16, "params": {"channel1": 53.32892374358807, "channel2": 4.0, "dropout": 0.3, "lr": 0.001, "lstm_proj_dim": 128.0, "proj_dim": 82.30779986830285, "wd": 0.0001}, "datetime": {"datetime": "2024-05-12 16:29:11", "elapsed": 49483.752663, "delta": 1208.66522}}
{"target": 94.2, "params": {"channel1": 65.29559779798421, "channel2": 32.0, "dropout": 0.3, "lr": 0.001, "lstm_proj_dim": 117.2448061229444, "proj_dim": 63.30073472651646, "wd": 1.2988595411839919e-05}, "datetime": {"datetime": "2024-05-12 16:50:50", "elapsed": 50782.649311, "delta": 1298.896648}}
{"target": 94.26, "params": {"channel1": 75.69823776931335, "channel2": 19.54838452221034, "dropout": 0.1796574401171062, "lr": 0.000764765819558202, "lstm_proj_dim": 127.02455752923044, "proj_dim": 74.58812946190432, "wd": 6.306740648420267e-05}, "datetime": {"datetime": "2024-05-12 17:03:12", "elapsed": 51524.407338, "delta": 741.758027}}
{"target": 94.23, "params": {"channel1": 61.3653712597808, "channel2": 31.536887786815047, "dropout": 0.09900819163964453, "lr": 0.0007914645575796278, "lstm_proj_dim": 119.10686011895758, "proj_dim": 115.7052982477962, "wd": 4.2655873401077004e-05}, "datetime": {"datetime": "2024-05-12 17:26:45", "elapsed": 52937.607815, "delta": 1413.200477}}
{"target": 94.19, "params": {"channel1": 52.90528836986855, "channel2": 32.0, "dropout": 0.3, "lr": 0.001, "lstm_proj_dim": 82.36354521510414, "proj_dim": 116.21668751716359, "wd": 0.0001}, "datetime": {"datetime": "2024-05-12 17:47:30", "elapsed": 54182.436079, "delta": 1244.828264}}
{"target": 92.0, "params": {"channel1": 98.2623422407016, "channel2": 4.0, "dropout": 0.3, "lr": 0.001, "lstm_proj_dim": 128.0, "proj_dim": 128.0, "wd": 1e-06}, "datetime": {"datetime": "2024-05-12 17:47:55", "elapsed": 54207.328498, "delta": 24.892419}}
{"target": 94.08, "params": {"channel1": 76.87175478703467, "channel2": 32.0, "dropout": 0.3, "lr": 0.001, "lstm_proj_dim": 104.13056375437534, "proj_dim": 32.0, "wd": 3.87833206736225e-06}, "datetime": {"datetime": "2024-05-12 17:50:17", "elapsed": 54349.783239, "delta": 142.454741}}
{"target": 94.08, "params": {"channel1": 67.73330823902727, "channel2": 4.0, "dropout": 0.3, "lr": 0.001, "lstm_proj_dim": 92.0146864530132, "proj_dim": 32.0, "wd": 1e-06}, "datetime": {"datetime": "2024-05-12 18:03:47", "elapsed": 55159.328775, "delta": 809.545536}}
{"target": 94.23, "params": {"channel1": 16.0, "channel2": 32.0, "dropout": 0.3, "lr": 0.001, "lstm_proj_dim": 128.0, "proj_dim": 74.5134244026903, "wd": 0.0001}, "datetime": {"datetime": "2024-05-12 18:16:36", "elapsed": 55928.870346, "delta": 769.541571}}
{"target": 93.91, "params": {"channel1": 26.6440170948244, "channel2": 4.0, "dropout": 0.3, "lr": 0.001, "lstm_proj_dim": 48.263935117682216, "proj_dim": 32.0, "wd": 0.0001}, "datetime": {"datetime": "2024-05-12 18:32:16", "elapsed": 56868.887219, "delta": 940.016873}}
{"target": 94.09, "params": {"channel1": 27.33461272076167, "channel2": 4.0, "dropout": 0.0, "lr": 0.001, "lstm_proj_dim": 101.1794616774568, "proj_dim": 63.222243466263194, "wd": 1e-06}, "datetime": {"datetime": "2024-05-12 18:49:40", "elapsed": 57912.269035, "delta": 1043.381816}}
{"target": 94.22, "params": {"channel1": 31.634772267619127, "channel2": 32.0, "dropout": 0.3, "lr": 0.001, "lstm_proj_dim": 74.99197838510784, "proj_dim": 90.13611297745211, "wd": 1e-06}, "datetime": {"datetime": "2024-05-12 19:05:20", "elapsed": 58852.551472, "delta": 940.282437}}
{"target": 94.09, "params": {"channel1": 16.0, "channel2": 13.052839606058415, "dropout": 0.3, "lr": 0.001, "lstm_proj_dim": 32.0, "proj_dim": 94.64069143201712, "wd": 0.0001}, "datetime": {"datetime": "2024-05-12 19:16:30", "elapsed": 59522.643368, "delta": 670.091896}}
{"target": 93.31, "params": {"channel1": 84.90745565571305, "channel2": 32.0, "dropout": 0.0, "lr": 0.001, "lstm_proj_dim": 116.72119120775763, "proj_dim": 52.30935341542615, "wd": 1e-06}, "datetime": {"datetime": "2024-05-12 19:17:31", "elapsed": 59583.844533, "delta": 61.201165}}
{"target": 93.58, "params": {"channel1": 48.39771685710078, "channel2": 32.0, "dropout": 0.3, "lr": 1e-05, "lstm_proj_dim": 44.53411261192183, "proj_dim": 49.995020909322, "wd": 1e-06}, "datetime": {"datetime": "2024-05-12 19:34:20", "elapsed": 60591.950179, "delta": 1008.105646}}
{"target": 93.96, "params": {"channel1": 16.0, "channel2": 4.0, "dropout": 0.0, "lr": 0.001, "lstm_proj_dim": 92.74673332603899, "proj_dim": 102.59985624524418, "wd": 1e-06}, "datetime": {"datetime": "2024-05-12 19:46:23", "elapsed": 61315.102194, "delta": 723.152015}}
{"target": 94.18, "params": {"channel1": 54.041273690629865, "channel2": 32.0, "dropout": 0.3, "lr": 0.001, "lstm_proj_dim": 91.52048109564404, "proj_dim": 61.8521107606951, "wd": 1e-06}, "datetime": {"datetime": "2024-05-12 20:06:08", "elapsed": 62500.735598, "delta": 1185.633404}}
{"target": 94.03, "params": {"channel1": 40.337629200457016, "channel2": 18.4383339004346, "dropout": 0.0, "lr": 0.001, "lstm_proj_dim": 89.19159936520029, "proj_dim": 119.16753882437594, "wd": 1e-06}, "datetime": {"datetime": "2024-05-12 20:23:00", "elapsed": 63512.539434, "delta": 1011.803836}}
{"target": 92.0, "params": {"channel1": 90.33582741191623, "channel2": 4.0, "dropout": 0.0, "lr": 0.001, "lstm_proj_dim": 128.0, "proj_dim": 67.08950915374099, "wd": 6.82134791690273e-06}, "datetime": {"datetime": "2024-05-12 20:23:11", "elapsed": 63523.19498, "delta": 10.655546}}
