{"target": 94.24, "params": {"channel1": 62.706464526688286, "channel2": 24.169085816380427, "dropout": 3.431244520346599e-05, "lr": 0.0003093092469055214, "lstm_proj_dim": 46.08856551844285, "proj_dim": 40.86450509780459, "wd": 1.943976092638942e-05}, "datetime": {"datetime": "2024-05-09 02:13:42", "elapsed": 0.0, "delta": 0.0}}
{"target": 94.18, "params": {"channel1": 54.702801428821346, "channel2": 15.109489278458758, "dropout": 0.16164502020100707, "lr": 0.00042500256925926186, "lstm_proj_dim": 97.78107203808891, "proj_dim": 51.62741597422567, "wd": 8.79336262027036e-05}, "datetime": {"datetime": "2024-05-09 02:31:20", "elapsed": 1058.770346, "delta": 1058.770346}}
{"target": 93.93, "params": {"channel1": 19.06741043816773, "channel2": 22.773090284995263, "dropout": 0.12519144071013807, "lr": 0.0005631029301612941, "lstm_proj_dim": 45.47714610514244, "proj_dim": 51.01774295214837, "wd": 8.027371229887813e-05}, "datetime": {"datetime": "2024-05-09 02:43:41", "elapsed": 1799.168129, "delta": 740.397783}}
{"target": 0.0, "params": {"channel1": 124.44529648057252, "channel2": 12.7758769884588, "dropout": 0.20769678470079422, "lr": 0.000877625260773078, "lstm_proj_dim": 117.88223969636934, "proj_dim": 40.164244291498676, "wd": 4.8664235400553536e-06}, "datetime": {"datetime": "2024-05-09 02:43:47", "elapsed": 1805.198376, "delta": 6.030247}}
{"target": 94.04, "params": {"channel1": 35.021006991231715, "channel2": 28.587990096023567, "dropout": 0.02950405014991503, "lr": 0.0004268965487550017, "lstm_proj_dim": 123.95739489444819, "proj_dim": 83.18386735740964, "wd": 6.949583428109687e-05}, "datetime": {"datetime": "2024-05-09 02:58:46", "elapsed": 2704.400603, "delta": 899.202227}}
{"target": 93.92, "params": {"channel1": 51.33775067267905, "channel2": 23.222025975084343, "dropout": 0.25038770156921186, "lr": 2.810539457074989e-05, "lstm_proj_dim": 104.01385423471687, "proj_dim": 126.9306645350235, "wd": 7.50683997836041e-05}, "datetime": {"datetime": "2024-05-09 03:16:06", "elapsed": 3744.113703, "delta": 1039.7131}}
{"target": 94.25, "params": {"channel1": 47.40972711121338, "channel2": 26.099821196641678, "dropout": 0.030967801973292606, "lr": 0.00045341459091414614, "lstm_proj_dim": 119.22516829693717, "proj_dim": 60.186958243873235, "wd": 2.9489758520048528e-05}, "datetime": {"datetime": "2024-05-09 03:32:33", "elapsed": 4731.282472, "delta": 987.168769}}
{"target": 94.11, "params": {"channel1": 63.65375328769239, "channel2": 26.93644186265529, "dropout": 0.23489713455578345, "lr": 0.0008395214011464235, "lstm_proj_dim": 45.41616294204742, "proj_dim": 40.80625055341705, "wd": 4.484233388836632e-05}, "datetime": {"datetime": "2024-05-09 03:51:45", "elapsed": 5883.014733, "delta": 1151.732261}}
{"target": 94.02, "params": {"channel1": 16.0, "channel2": 4.0, "dropout": 0.3, "lr": 0.001, "lstm_proj_dim": 32.0, "proj_dim": 128.0, "wd": 1e-06}, "datetime": {"datetime": "2024-05-09 04:02:52", "elapsed": 6550.726843, "delta": 667.71211}}
{"target": 0.0, "params": {"channel1": 99.76019536421981, "channel2": 32.0, "dropout": 0.0, "lr": 1e-05, "lstm_proj_dim": 32.0, "proj_dim": 128.0, "wd": 1e-06}, "datetime": {"datetime": "2024-05-09 04:03:02", "elapsed": 6560.407913, "delta": 9.68107}}
{"target": 93.94, "params": {"channel1": 16.0, "channel2": 4.0, "dropout": 0.3, "lr": 0.001, "lstm_proj_dim": 128.0, "proj_dim": 128.0, "wd": 1e-06}, "datetime": {"datetime": "2024-05-09 04:14:29", "elapsed": 7247.417701, "delta": 687.009788}}
{"target": 94.01, "params": {"channel1": 16.0, "channel2": 4.0, "dropout": 0.29999999999999993, "lr": 0.001, "lstm_proj_dim": 128.0, "proj_dim": 32.0, "wd": 1e-06}, "datetime": {"datetime": "2024-05-09 04:25:48", "elapsed": 7925.808001, "delta": 678.3903}}
